1
 *****************************************************************************************************************************
 *****************************************************************************************************************************
 **************************************************                         **************************************************
 **************************************************          GOSIA          **************************************************
 **************************************************                         **************************************************
 *****************************************************************************************************************************
 *****************************************************************************************************************************





                    ROCHESTER COULOMB EXCITATION DATA ANALYSIS CODE BY T.CZOSNYKA,D.CLINE AND C.Y.WU
                                                  VERSION: 20081208.18






               Coulomb excitation of 148Sm on a 208Pb target                              
          ----------------------------------------------------------------------------------------------------

                                        LEVELS

     INDEX     PARITY         SPIN           ENERGY(MEV)
       1           +           0.0            0.0000
       2           +           2.0            0.5503
       3           +           4.0            1.1803
       4           +           6.0            1.9059
       5           +           8.0            2.7150
       6           +          10.0            3.3981
       7           +          12.0            4.1044
       8           +          14.0            4.8052
       9           +          16.0            5.4964
      10           -           3.0            1.1615
      11           -           1.0            1.4651
      12           -           5.0            1.5943
      13           -           7.0            2.1286
      14           -           9.0            2.8074
      15           -          11.0            3.6148
      16           +           0.0            1.4245
      17           +           2.0            1.4541
      18           +           2.0            1.6643
      19           +           4.0            1.7335
      20           +           4.0            1.8948
      21           +           0.0            1.9210
      22           +           2.0            1.9725
      23           +           3.0            1.9038

                                        MATRIX ELEMENTS


     MULTIPOLARITY=1
    INDEX   NF     NS          ME
       1      1     11        0.00859
       2      2     10        0.01487
       3      2     11        0.01214
       4      3     10        0.01717
       5      3     12        0.01920
       6      4     12        0.02103
       7      4     13        0.02272
       8      5     13        0.02429
       9      5     14        0.02576
      10      6     14        0.02716
      11      6     15        0.02848
      12      7     15        0.02975
      13     10     19        0.01100
      14     10     22        0.00260
      15     10     23        0.00120
      16     12     20        0.00650
     MULTIPOLARITY=2
    INDEX   NF     NS          ME
      17      1      2        0.84683
      18      1     17        0.27559
      19      1     18        0.17343
      20      1     22        0.03700
      21      2      2       -1.01215
      22      2      3        1.35795
      23      2     16        0.12000
      24      2     17        0.83253
      25      2     18        0.32401
      26      2     19        0.14612
      27      2     20        0.34000
      28      2     21        0.15000
      29      2     22        0.13000
      30      2     23        0.12000
      31      3      3       -1.29475
      32      3      4        1.71279
      33      3     17        0.10000
      34      3     19        2.34030
      35      3     20        1.20000
      36      3     23        0.15000
      37      4      4       -1.54046
      38      4      5        2.00396
      39      4     19        0.10000
      40      4     20        0.10000
      41      5      5       -1.75494
      42      5      6        2.25728
      43      6      6       -1.94697
      44      6      7        2.48464
      45      7      7       -2.12218
      46      7      8        2.69274
      47      8      8       -2.28424
      48      8      9        2.88579
      49      9      9       -2.43569
      50     10     10       -1.15699
      51     10     11        1.13614
      52     10     12        1.54609
      53     11     11       -0.92765
      54     12     12       -1.42219
      55     12     13        1.86420
      56     13     13       -1.65097
      57     13     14        2.13443
      58     14     14       -1.85336
      59     14     15        2.37371
      60     15     15       -2.03642
      61     16     17        0.10000
      62     17     17        1.01215
      63     17     19        1.21632
      64     17     21        0.01000
      65     17     23        0.12000
      66     18     18        0.60000
      67     18     22        1.00000
      68     19     19        0.90000
      69     20     20       -0.50000
      70     22     22        0.00000
      71     23     23        0.00000
     MULTIPOLARITY=3
    INDEX   NF     NS          ME
      72      1     10        0.60945
      73      2     10       -0.70373
      74      2     11       -0.69105
      75      2     12        0.94039
      76      3     10       -0.77960
      77      3     11        0.79795
      78      3     12       -0.85714
      79      3     13        1.16774
      80      4     10        1.06091
      81      4     12       -0.93094
      82      4     13       -1.00053
      83      4     14        1.35472
      84      5     12        1.26490
      85      5     13       -1.06622
      86      5     14       -1.12847
      87      5     15        1.51787
      88      6     13        1.43870
      89      6     14       -1.18771
      90      6     15       -1.24429
      91      7     14        1.59301
      92      7     15       -1.29852
      93      8     15        1.73332
     MULTIPOLARITY=7
    INDEX   NF     NS          ME
      94      2     17        0.27109
      95      2     18       -0.53392
      96      2     22       -0.27000
      97      2     23       -0.15000
      98      3     19        0.65190
      99      3     20        0.60000
     100      3     23        0.18000
     101     17     23        0.28000
     102     18     22        0.90000



     *****  RESTART-MATRIX ELEMENTS OVERWRITTEN  *****




                                        MATRIX ELEMENTS


     MULTIPOLARITY=1
    INDEX   NF     NS          ME               LIMITS
       1      1     11        0.00859     FIXED
       2      2     10        0.01487     FIXED
       3      2     11        0.01214     FIXED
       4      3     10        0.01717     FIXED
       5      3     12        0.01920     FIXED
       6      4     12        0.02103     FIXED
       7      4     13        0.02272     FIXED
       8      5     13        0.02429     FIXED
       9      5     14        0.02576     FIXED
      10      6     14        0.02716     FIXED
      11      6     15        0.02848     FIXED
      12      7     15        0.02975     FIXED
      13     10     19        0.01100     FIXED
      14     10     22        0.00260     FIXED
      15     10     23        0.00120     FIXED
      16     12     20        0.00650     FIXED
     MULTIPOLARITY=2
    INDEX   NF     NS          ME               LIMITS
      17      1      2        0.84683     FIXED
      18      1     17        0.27559     FIXED
      19      1     18        0.17343     FIXED
      20      1     22        0.03700     FIXED
      21      2      2       -1.01215     FIXED
      22      2      3        1.35795     FIXED
      23      2     16        0.12000     FIXED
      24      2     17        0.83253     FIXED
      25      2     18        0.32401     FIXED
      26      2     19        0.14612     FIXED
      27      2     20        0.34000     FIXED
      28      2     21        0.15000     FIXED
      29      2     22        0.13000     FIXED
      30      2     23        0.12000     FIXED
      31      3      3       -1.29475     FIXED
      32      3      4        1.71279     FIXED
      33      3     17        0.10000     FIXED
      34      3     19        2.34030     FIXED
      35      3     20        1.20000     FIXED
      36      3     23        0.15000     FIXED
      37      4      4       -1.54046     FIXED
      38      4      5        2.00396     FIXED
      39      4     19        0.10000     FIXED
      40      4     20        0.10000     FIXED
      41      5      5       -1.75494     FIXED
      42      5      6        2.25728     FIXED
      43      6      6       -1.94697     FIXED
      44      6      7        2.48464     FIXED
      45      7      7       -2.12218     FIXED
      46      7      8        2.69274     FIXED
      47      8      8       -2.28424     FIXED
      48      8      9        2.88579     FIXED
      49      9      9       -2.43569     FIXED
      50     10     10       -1.15699     FIXED
      51     10     11        1.13614     FIXED
      52     10     12        1.54609     FIXED
      53     11     11       -0.92765     FIXED
      54     12     12       -1.42219     FIXED
      55     12     13        1.86420     FIXED
      56     13     13       -1.65097     FIXED
      57     13     14        2.13443     FIXED
      58     14     14       -1.85336     FIXED
      59     14     15        2.37371     FIXED
      60     15     15       -2.03642     FIXED
      61     16     17        0.10000     FIXED
      62     17     17        1.01215     FIXED
      63     17     19        1.21632     FIXED
      64     17     21        0.01000     FIXED
      65     17     23        0.12000     FIXED
      66     18     18        0.60000     FIXED
      67     18     22        1.00000     FIXED
      68     19     19        0.90000     FIXED
      69     20     20       -0.50000     FIXED
      70     22     22        0.00000     FIXED
      71     23     23        0.00000     FIXED
     MULTIPOLARITY=3
    INDEX   NF     NS          ME               LIMITS
      72      1     10        0.60945     FIXED
      73      2     10       -0.70373     FIXED
      74      2     11       -0.69105     FIXED
      75      2     12        0.94039     FIXED
      76      3     10       -0.77960     FIXED
      77      3     11        0.79795     FIXED
      78      3     12       -0.85714     FIXED
      79      3     13        1.16774     FIXED
      80      4     10        1.06091     FIXED
      81      4     12       -0.93094     FIXED
      82      4     13       -1.00053     FIXED
      83      4     14        1.35472     FIXED
      84      5     12        1.26490     FIXED
      85      5     13       -1.06622     FIXED
      86      5     14       -1.12847     FIXED
      87      5     15        1.51787     FIXED
      88      6     13        1.43870     FIXED
      89      6     14       -1.18771     FIXED
      90      6     15       -1.24429     FIXED
      91      7     14        1.59301     FIXED
      92      7     15       -1.29852     FIXED
      93      8     15        1.73332     FIXED
     MULTIPOLARITY=7
    INDEX   NF     NS          ME               LIMITS
      94      2     17        0.27109     FIXED
      95      2     18       -0.53392     FIXED
      96      2     22       -0.27000     FIXED
      97      2     23       -0.15000     FIXED
      98      3     19        0.65190     FIXED
      99      3     20        0.60000     FIXED
     100      3     23        0.18000     FIXED
     101     17     23        0.28000     FIXED
     102     18     22        0.90000     FIXED





     INTEGRATED RUTHERFORD CROSS SECTION=.4424E+04  FOR EXP. 1





                                                  INTEGRATED YIELDS

     EXPERIMENT  1  DETECTOR  1
     ENERGY RANGE  642.100--- 658.000 MEV   SCATTERING ANGLE RANGE  25.000--- 33.000 DEG

     NI     NF     II     IF     YIELD     NORMALIZED YIELD

      9      8   16.0   14.0           0.000000000158081357743296317012322837776818005434131819697541        0.22582E-11
      8      7   14.0   12.0           0.000000017486249327822994412309534867193405727192612175713293        0.24979E-09
      8     15   14.0   11.0           0.000000000006766090357598150417167600885527361360104181553510        0.96653E-13
      7      6   12.0   10.0           0.000000374710833993118181016652480652684431561283417977392673        0.53527E-08
      7     15   12.0   11.0           0.000000465678000454836227549890517729558325754624092951416969        0.66521E-08
      7     14   12.0    9.0           0.000000000252194116246406100592775912654802152046418228792390        0.36026E-11
     15      5   11.0    8.0           0.000000000279189583455390863179382609108388109409037980412904        0.39882E-11
     15      6   11.0   10.0           0.000000583043056033065922676129032298231180675429641269147396        0.83287E-08
     15     14   11.0    9.0           0.000010532308374099505230499403130028923669669893570244312286        0.15045E-06
      6      5   10.0    8.0           0.000008729716205304605599886273725740437612330424599349498749        0.12470E-06
      6     14   10.0    9.0           0.000022723805367069796050947041998746556146215880289673805237        0.32461E-06
      6     13   10.0    7.0           0.000000005900278080236992566875599801204735350701469087653095        0.84285E-10
     14      4    9.0    6.0           0.000000043616116936002378524547660630303336226631927274866030        0.62305E-09
     14      5    9.0    8.0           0.000007159715205010670313438836398489684142987243831157684326        0.10228E-06
     14     13    9.0    7.0           0.000691974922161174717770426578766773673123680055141448974609        0.98848E-05
      5      4    8.0    6.0           0.000660302581114654424387921949346491601318120956420898437500        0.94323E-05
      5     13    8.0    7.0           0.000732015466457462855853766114933023345656692981719970703125        0.10457E-04
      5     12    8.0    5.0           0.000000078500472411501694817946290887167304362037612008862197        0.11214E-08
     13      3    7.0    4.0           0.000004078346894448682295947813253311764469799527432769536972        0.58259E-07
     13      4    7.0    6.0           0.006887179903040485488829869353821777622215449810028076171875        0.98382E-04
     13     12    7.0    5.0           0.014087553197899655918479133731580077437683939933776855468750        0.20124E-03
     22      1    2.0    0.0           0.001715311281827196525015533090652297687483951449394226074219        0.24503E-04
     22      2    2.0    2.0           0.016757094655055385090669517467176774516701698303222656250000        0.23937E-03
     22     10    2.0    3.0           0.001963626870997344561059483325493602023925632238388061523438        0.28050E-04
     22     18    2.0    2.0           0.001544850099849698343845716408395674079656600952148437500000        0.22068E-04
     21      2    0.0    2.0           0.002894549727218713366244662310577950847800821065902709960938        0.41348E-04
     21     17    0.0    2.0           0.000000058962072743739501431352816431322172441298334888415411        0.84226E-09
      4      3    6.0    4.0           0.091507749556330689189032057129224995151162147521972656250000        0.13072E-02
      4     12    6.0    5.0           0.026944979203915853799289337189293291885405778884887695312500        0.38490E-03
      4     19    6.0    4.0           0.000000236401629269054806830265458468531836189185924013145268        0.33770E-08
      4     20    6.0    4.0           0.000000000000497654599258262474422530211826571443071466627206        0.71089E-14
      4     10    6.0    3.0           0.000001029476919664200116225440985451289321872536675073206425        0.14706E-07
     23      2    3.0    2.0           0.001017850206723736267502844476950940588722005486488342285156        0.14540E-04
     23      3    3.0    4.0           0.000154418192648384737086092455271568724128883332014083862305        0.22058E-05
     23     10    3.0    3.0           0.000053470110690194038642695378849012399768980685621500015259        0.76381E-06
     23     17    3.0    2.0           0.000073421292100397052737999203930741032309015281498432159424        0.10488E-05
     20      2    4.0    2.0           0.049116731448264887294197222900038468651473522186279296875000        0.70162E-03
     20      3    4.0    4.0           0.044162935666660990685628007668128702789545059204101562500000        0.63086E-03
     20     12    4.0    5.0           0.001439469229069917843508163990406956145307049155235290527344        0.20563E-04
     19      2    4.0    2.0           0.020268417592266264187772506488727231044322252273559570312500        0.28953E-03
     19      3    4.0    4.0           0.158420467527102565297170144731353502720594406127929687500000        0.22630E-02
     19     10    4.0    3.0           0.120267357813504727204190203337930142879486083984375000000000        0.17180E-02
     19     17    4.0    2.0           0.001030168491277609664827363822325878572883084416389465332031        0.14716E-04
     18      1    2.0    0.0           0.120713317253010987695205358249950222671031951904296875000000        0.17244E-02
     18      2    2.0    2.0           0.234420863864573919554956660249445121735334396362304687500000        0.33487E-02
     12      2    5.0    2.0           0.000040075395256202725252289709167996534233679994940757751465        0.57247E-06
     12      3    5.0    4.0           0.244334315572406812755446026130812242627143859863281250000000        0.34903E-02
     12     10    5.0    3.0           0.026100126564126493317052890574814227875322103500366210937500        0.37284E-03
     11      1    1.0    0.0           0.016622611997838671743510374767538451123982667922973632812500        0.23745E-03
     11      2    1.0    2.0           0.008094468440116579094345539147070667240768671035766601562500        0.11563E-03
     11      3    1.0    4.0           0.000000000024942043296926012769005685091934130474117248255084        0.35629E-12
     11     10    1.0    3.0           0.000018388242768459717499775554760965690093144075945019721985        0.26267E-06
     17      1    2.0    0.0           0.834690482398437461064588660519802942872047424316406250000000        0.11923E-01
     17      2    2.0    2.0           0.838494768618603281140622129896655678749084472656250000000000        0.11978E-01
     17      3    2.0    4.0           0.000026038166728540486225462399771934940417850157245993614197        0.37195E-06
     17     16    2.0    0.0           0.000000000387707856500510342836834403097180656860842873356887        0.55383E-11
     16      2    0.0    2.0           0.013649043608604629826408505266499560093507170677185058593750        0.19497E-03
      3      2    4.0    2.0           4.933276672152937969428876385791227221488952636718750000000000        0.70471E-01
      3     10    4.0    3.0           0.000678284764423415110351500700858196069020777940750122070312        0.96892E-05
     10      1    3.0    0.0           0.000057060828176321086273314886483376540127210319042205810547        0.81510E-06
     10      2    3.0    2.0           0.758170046713135370453073846874758601188659667968750000000000        0.10830E-01
      2      1    2.0    0.0          70.004288777037558588745014276355504989624023437500000000000000        0.10000E+01





     INTEGRATED RUTHERFORD CROSS SECTION=.2086E+04  FOR EXP. 2





                                                  INTEGRATED YIELDS

     EXPERIMENT  2  DETECTOR  1
     ENERGY RANGE  642.100--- 658.000 MEV   SCATTERING ANGLE RANGE  33.000--- 41.000 DEG

     NI     NF     II     IF     YIELD     NORMALIZED YIELD

      9      8   16.0   14.0           0.000000009456909369614571528050632834034444629267568416253198        0.15821E-09
      8      7   14.0   12.0           0.000000576656896003478387056234190366499348101569921709597111        0.96472E-08
      8     15   14.0   11.0           0.000000000223113734300726464483865458001928590986429057352325        0.37326E-11
      7      6   12.0   10.0           0.000006665011882325554824931228975470887121446139644831418991        0.11150E-06
      7     15   12.0   11.0           0.000008283052222680305581533656555937028542757616378366947174        0.13857E-06
      7     14   12.0    9.0           0.000000004485797123938400405537540316250680327847533135354752        0.75045E-10
     15      5   11.0    8.0           0.000000003990202845355917506670983922745232774786927620880306        0.66754E-10
     15      6   11.0   10.0           0.000008332904230719169694371027679036245672250515781342983246        0.13941E-06
     15     14   11.0    9.0           0.000150528706416486890299136214288466817379230633378028869629        0.25183E-05
      6      5   10.0    8.0           0.000083221339874691821112372147606350836213096044957637786865        0.13923E-05
      6     14   10.0    9.0           0.000216628523221651944977161896588313538813963532447814941406        0.36241E-05
      6     13   10.0    7.0           0.000000056247996604084741007881150529415514860431812849128619        0.94100E-09
     14      4    9.0    6.0           0.000000335041090189316096692846930552023287930296646663919091        0.56051E-08
     14      5    9.0    8.0           0.000054997990565082638739213827250296162674203515052795410156        0.92009E-06
     14     13    9.0    7.0           0.005315467047300984244906363329619125579483807086944580078125        0.88925E-04
      5      4    8.0    6.0           0.003637935667075719008839440604674564383458346128463745117188        0.60861E-04
      5     13    8.0    7.0           0.004033037656435072698668520274623006116598844528198242187500        0.67471E-04
      5     12    8.0    5.0           0.000000432498185886248371163968718874914820560206862865015864        0.72355E-08
     13      3    7.0    4.0           0.000016836118714057558810003045746128691462217830121517181396        0.28166E-06
     13      4    7.0    6.0           0.028431465359283956267910653537001053337007761001586914062500        0.47565E-03
     13     12    7.0    5.0           0.058155847005874207467090997170089394785463809967041015625000        0.97292E-03
     22      1    2.0    0.0           0.003764122937059638171475306478441780200228095054626464843750        0.62972E-04
     22      2    2.0    2.0           0.036772196987116756439206710638245567679405212402343750000000        0.61518E-03
     22     10    2.0    3.0           0.004309033015322036481997702850321729783900082111358642578125        0.72088E-04
     22     18    2.0    2.0           0.003390058560664755554769911327639420051127672195434570312500        0.56714E-04
     21      2    0.0    2.0           0.010028534506093691666683831442696828162297606468200683593750        0.16777E-03
     21     17    0.0    2.0           0.000000204281576336767064554236447183888092382630929932929575        0.34175E-08
      4      3    6.0    4.0           0.287069885919410627828085580404149368405342102050781250000000        0.48025E-02
      4     12    6.0    5.0           0.084529366569193367664247773518582107499241828918457031250000        0.14141E-02
      4     19    6.0    4.0           0.000000741617940277883119162426108633701105077307147439569235        0.12407E-07
      4     20    6.0    4.0           0.000000000000813645008042705280763984261766377925205635801564        0.13612E-13
      4     10    6.0    3.0           0.000003229582448672759972650323986864684400188707513734698296        0.54029E-07
     23      2    3.0    2.0           0.002389767382172143430490995896775530127342790365219116210938        0.39980E-04
     23      3    3.0    4.0           0.000362551933052015227035291822232920821988955140113830566406        0.60653E-05
     23     10    3.0    3.0           0.000125540207787413598530465441704961904179072007536888122559        0.21002E-05
     23     17    3.0    2.0           0.000172382741448010766644252655943603258492657914757728576660        0.28839E-05
     20      2    4.0    2.0           0.104145505884418940190094815534394001588225364685058593750000        0.17423E-02
     20      3    4.0    4.0           0.093641639838962412167866489198786439374089241027832031250000        0.15666E-02
     20     12    4.0    5.0           0.003052203325550014324091252504445037629920989274978637695312        0.51062E-04
     19      2    4.0    2.0           0.062614143002691191597364195331465452909469604492187500000000        0.10475E-02
     19      3    4.0    4.0           0.489399913098301386771282750487443991005420684814453125000000        0.81874E-02
     19     10    4.0    3.0           0.371535543236684251411361401551403105258941650390625000000000        0.62156E-02
     19     17    4.0    2.0           0.003182444654896744457711621478779306926298886537551879882812        0.53241E-04
     18      1    2.0    0.0           0.166899204333096684571557943854713812470436096191406250000000        0.27921E-02
     18      2    2.0    2.0           0.324112173771769263019848494877805933356285095214843750000000        0.54222E-02
     12      2    5.0    2.0           0.000091144679623326725452503449531604928779415786266326904297        0.15248E-05
     12      3    5.0    4.0           0.555696900091958045919682263047434389591217041015625000000000        0.92965E-02
     12     10    5.0    3.0           0.059360304710841076125671378349579754285514354705810546875000        0.99307E-03
     11      1    1.0    0.0           0.029804874519585845132896295694990840274840593338012695312500        0.49862E-03
     11      2    1.0    2.0           0.014513640587399333561902103895135951461270451545715332031250        0.24281E-03
     11      3    1.0    4.0           0.000000000044721880702239564117684244718279912463032577107924        0.74818E-12
     11     10    1.0    3.0           0.000032970706915428468124305144693053648552449885755777359009        0.55158E-06
     17      1    2.0    0.0           1.058776234024295215263578029407653957605361938476562500000000        0.17713E-01
     17      2    2.0    2.0           1.063601840548240362593901409127283841371536254882812500000000        0.17794E-01
     17      3    2.0    4.0           0.000033028520980045118153167055252694694900128524750471115112        0.55255E-06
     17     16    2.0    0.0           0.000000000491794111546240469610631385516440541860738733248581        0.82275E-11
     16      2    0.0    2.0           0.039212213721222313744796394985314691439270973205566406250000        0.65600E-03
      3      2    4.0    2.0           8.493626121679408669251643004827201366424560546875000000000000        0.14209E+00
      3     10    4.0    3.0           0.001167803384222047650975451205113131436519324779510498046875        0.19537E-04
     10      1    3.0    0.0           0.000076966826626494991205745810347593760525342077016830444336        0.12876E-05
     10      2    3.0    2.0           1.022662032847728275086751636990811675786972045898437500000000        0.17109E-01
      2      1    2.0    0.0          59.774531242251178753122076159343123435974121093750000000000000        0.10000E+01





     INTEGRATED RUTHERFORD CROSS SECTION=.1137E+04  FOR EXP. 3





                                                  INTEGRATED YIELDS

     EXPERIMENT  3  DETECTOR  1
     ENERGY RANGE  642.100--- 658.000 MEV   SCATTERING ANGLE RANGE  41.000--- 49.000 DEG

     NI     NF     II     IF     YIELD     NORMALIZED YIELD

      9      8   16.0   14.0           0.000000149931057221304975733374483665150123101739154662936926        0.33031E-08
      8      7   14.0   12.0           0.000005916779907641223316819897165563801877397054340690374374        0.13035E-06
      8     15   14.0   11.0           0.000000002289255308274988458314340395794231342030400355724851        0.50434E-10
      7      6   12.0   10.0           0.000043120948549645548132994155032804428628878667950630187988        0.94999E-06
      7     15   12.0   11.0           0.000053589262110002428799327561792509300175879616290330886841        0.11806E-05
      7     14   12.0    9.0           0.000000029021977814989809335217667697441601415420109333354048        0.63938E-09
     15      5   11.0    8.0           0.000000022301321638068471996739603087356318411593747441656888        0.49132E-09
     15      6   11.0   10.0           0.000046572764501127409590783973181160604326578322798013687134        0.10260E-05
     15     14   11.0    9.0           0.000841307880240614244793384557397075695917010307312011718750        0.18535E-04
      6      5   10.0    8.0           0.000330417519522319211994210164107244054321199655532836914062        0.72794E-05
      6     14   10.0    9.0           0.000860090205330240643866179794940762803889811038970947265625        0.18949E-04
      6     13   10.0    7.0           0.000000223324012134458022299651151071353538668518012855201960        0.49200E-08
     14      4    9.0    6.0           0.000001204246402010124609465086843729242360723219462670385838        0.26531E-07
     14      5    9.0    8.0           0.000197680625437206600571518610998111853405134752392768859863        0.43551E-05
     14     13    9.0    7.0           0.019105513485222404973518095516737957950681447982788085937500        0.42091E-03
      5      4    8.0    6.0           0.009613267071395887458651330348402552772313356399536132812500        0.21179E-03
      5     13    8.0    7.0           0.010657326475339228000205338275918620638549327850341796875000        0.23479E-03
      5     12    8.0    5.0           0.000001142879080146250216019876942696864574600112973712384701        0.25179E-07
     13      3    7.0    4.0           0.000038535952498100428740678696781785106395545881241559982300        0.84898E-06
     13      4    7.0    6.0           0.065076376399148275209149971942679258063435554504394531250000        0.14337E-02
     13     12    7.0    5.0           0.133112090486385864496199360473838169127702713012695312500000        0.29326E-02
     22      1    2.0    0.0           0.005729790415462977619387441308163033681921660900115966796875        0.12623E-03
     22      2    2.0    2.0           0.055975053252879415632836668237359845079481601715087890625000        0.12332E-02
     22     10    2.0    3.0           0.006559258686272427009422703036989332758821547031402587890625        0.14451E-03
     22     18    2.0    2.0           0.005160385400145440192021251135656711994670331478118896484375        0.11369E-03
     21      2    0.0    2.0           0.020367317014666822677648738704192510340362787246704101562500        0.44871E-03
     21     17    0.0    2.0           0.000000414882914645068637227946078960272302538214717060327530        0.91402E-08
      4      3    6.0    4.0           0.521936898819623684708801647502696141600608825683593750000000        0.11499E-01
      4     12    6.0    5.0           0.153687299192007603698684192750079091638326644897460937500000        0.33859E-02
      4     19    6.0    4.0           0.000001348374687989042949149386119156446284250705502927303314        0.29706E-07
      4     20    6.0    4.0           0.000000000001479330898390003840525827195638150030271643076141        0.32591E-13
      4     10    6.0    3.0           0.000005871874168702450301222245387933185156725812703371047974        0.12936E-06
     23      2    3.0    2.0           0.003381277189226521845410999844716570805758237838745117187500        0.74493E-04
     23      3    3.0    4.0           0.000512974020100863598893570216574744335957802832126617431641        0.11301E-04
     23     10    3.0    3.0           0.000177626594156837645148774851300288446509512141346931457520        0.39133E-05
     23     17    3.0    2.0           0.000243904003302906425068585782867103262105956673622131347656        0.53734E-05
     20      2    4.0    2.0           0.147162635910134981243047036514326464384794235229492187500000        0.32421E-02
     20      3    4.0    4.0           0.132320165259391303580471799250517506152391433715820312500000        0.29151E-02
     20     12    4.0    5.0           0.004312910892382731606331525142650207271799445152282714843750        0.95017E-04
     19      2    4.0    2.0           0.127709740920423781007642105578270275145769119262695312500000        0.28136E-02
     19      3    4.0    4.0           0.998195185799727102704537173849530518054962158203125000000000        0.21991E-01
     19     10    4.0    3.0           0.757795374879545291513238680636277422308921813964843750000000        0.16695E-01
     19     17    4.0    2.0           0.006491012459485107077838961231464054435491561889648437500000        0.14300E-03
     18      1    2.0    0.0           0.182624769300855110953918369887105654925107955932617187500000        0.40234E-02
     18      2    2.0    2.0           0.354650647971544552561340424290392547845840454101562500000000        0.78133E-02
     12      2    5.0    2.0           0.000136116774716889119738530422587530210876138880848884582520        0.29988E-05
     12      3    5.0    4.0           0.829885738512510795494847570807905867695808410644531250000000        0.18283E-01
     12     10    5.0    3.0           0.088649532335220840306710954337177099660038948059082031250000        0.19530E-02
     11      1    1.0    0.0           0.038722119827227508004341416381066665053367614746093750000000        0.85308E-03
     11      2    1.0    2.0           0.018855940144464632818310789730276155751198530197143554687500        0.41541E-03
     11      3    1.0    4.0           0.000000000058102107503023186883584411455803291936261789629725        0.12800E-11
     11     10    1.0    3.0           0.000042835129640578016140938649725100617615680675953626632690        0.94370E-06
     17      1    2.0    0.0           1.039139051086420240110896884289104491472244262695312500000000        0.22893E-01
     17      2    2.0    2.0           1.043875156812130944317118519393261522054672241210937500000000        0.22998E-01
     17      3    2.0    4.0           0.000032415939125815755714101612516842010336404200643301010132        0.71415E-06
     17     16    2.0    0.0           0.000000000482672778231554878937036179043515785047624433445890        0.10634E-10
     16      2    0.0    2.0           0.071586393803986472783584815715585136786103248596191406250000        0.15771E-02
      3      2    4.0    2.0          10.586579699244104801891808165237307548522949218750000000000000        0.23323E+00
      3     10    4.0    3.0           0.001455567200981199406720212330412778101162984967231750488281        0.32067E-04
     10      1    3.0    0.0           0.000095699638295223174422853007481393206035136245191097259521        0.21083E-05
     10      2    3.0    2.0           1.271565828181035140431731633725576102733612060546875000000000        0.28014E-01
      2      1    2.0    0.0          45.390784885891442002048279391601681709289550781250000000000000        0.10000E+01





     INTEGRATED RUTHERFORD CROSS SECTION=.6785E+03  FOR EXP. 4





                                                  INTEGRATED YIELDS

     EXPERIMENT  4  DETECTOR  1
     ENERGY RANGE  642.100--- 658.000 MEV   SCATTERING ANGLE RANGE  49.000--- 57.000 DEG

     NI     NF     II     IF     YIELD     NORMALIZED YIELD

      9      8   16.0   14.0           0.000000944181146462806311506557599422251314535969868302345276        0.29405E-07
      8      7   14.0   12.0           0.000027000874945989563360960669657906407792324898764491081238        0.84089E-06
      8     15   14.0   11.0           0.000000010446881118283405675212845587634946653565748420078307        0.32535E-09
      7      6   12.0   10.0           0.000138761634039871327613024920566431319457478821277618408203        0.43215E-05
      7     15   12.0   11.0           0.000172448283896482561748653150601739980629645287990570068359        0.53706E-05
      7     14   12.0    9.0           0.000000093391662292409880014960800887618974641668501135427505        0.29085E-08
     15      5   11.0    8.0           0.000000064437127151654758163736025355916581247583962976932526        0.20068E-08
     15      6   11.0   10.0           0.000134566695044677247421541221861218673438997939229011535645        0.41908E-05
     15     14   11.0    9.0           0.002430863234590296094450589947655316791497170925140380859375        0.75705E-04
      6      5   10.0    8.0           0.000713911219069265131492718623462678806390613317489624023438        0.22233E-04
      6     14   10.0    9.0           0.001858339860079271993117955297236676415195688605308532714844        0.57874E-04
      6     13   10.0    7.0           0.000000482521380769523065301944333288508559576257539447396994        0.15027E-07
     14      4    9.0    6.0           0.000002539566301289342905602147010268865301441110204905271530        0.79090E-07
     14      5    9.0    8.0           0.000416877354950078999728385609202518935489933937788009643555        0.12983E-04
     14     13    9.0    7.0           0.040290523712515076415474624127455172128975391387939453125000        0.12548E-02
      5      4    8.0    6.0           0.015199966072201033864819130769774346845224499702453613281250        0.47337E-03
      5     13    8.0    7.0           0.016850775042704008860328102059611410368233919143676757812500        0.52478E-03
      5     12    8.0    5.0           0.000001807057175654736145130221762478139879704031045548617840        0.56277E-07
     13      3    7.0    4.0           0.000058296956268534144446780836945620762890030164271593093872        0.18155E-05
     13      4    7.0    6.0           0.098447149301495104345427478165220236405730247497558593750000        0.30659E-02
     13     12    7.0    5.0           0.201371166789779287853434652788564562797546386718750000000000        0.62713E-02
     22      1    2.0    0.0           0.006817251538982090595941709665339658386074006557464599609375        0.21231E-03
     22      2    2.0    2.0           0.066598599645631764709641231547720963135361671447753906250000        0.20741E-02
     22     10    2.0    3.0           0.007804145201000205374353146936527991783805191516876220703125        0.24305E-03
     22     18    2.0    2.0           0.006139778728370754584675594855980307329446077346801757812500        0.19121E-03
     21      2    0.0    2.0           0.029028130077972266742669660288811428472399711608886718750000        0.90403E-03
     21     17    0.0    2.0           0.000000591303960397570715478571257150974815886002033948898315        0.18415E-07
      4      3    6.0    4.0           0.648123272178118048358896885474678128957748413085937500000000        0.20185E-01
      4     12    6.0    5.0           0.190843597127945407976312708342447876930236816406250000000000        0.59435E-02
      4     19    6.0    4.0           0.000001674365266908678956622757473537976835586960078217089176        0.52145E-07
      4     20    6.0    4.0           0.000000000001836982180541468875078757321368435326876950020036        0.57209E-13
      4     10    6.0    3.0           0.000007291491191069844118248077097232950904981407802551984787        0.22708E-06
     23      2    3.0    2.0           0.003274007536934852701654419249166494410019367933273315429688        0.10196E-03
     23      3    3.0    4.0           0.000496700126630607459964072969427206771797500550746917724609        0.15469E-04
     23     10    3.0    3.0           0.000171991462244651410360904431051665142149431630969047546387        0.53563E-05
     23     17    3.0    2.0           0.000236166247371446055705948574576780174538725987076759338379        0.73549E-05
     20      2    4.0    2.0           0.154604014257659960751567496117786504328250885009765625000000        0.48148E-02
     20      3    4.0    4.0           0.139011024026717416868237364724336657673120498657226562500000        0.43292E-02
     20     12    4.0    5.0           0.004530996152482170795383620287566373008303344249725341796875        0.14111E-03
     19      2    4.0    2.0           0.187274591246553628876014840898278634995222091674804687500000        0.58323E-02
     19      3    4.0    4.0           1.463761448873364345857339685608167201280593872070312500000000        0.45586E-01
     19     10    4.0    3.0           1.111237232620523318615823882282711565494537353515625000000000        0.34607E-01
     19     17    4.0    2.0           0.009518472877364960241242108907044894294813275337219238281250        0.29643E-03
     18      1    2.0    0.0           0.172624024571517792336905472438957076519727706909179687500000        0.53760E-02
     18      2    2.0    2.0           0.335229566088536046208901097998023033142089843750000000000000        0.10440E-01
     12      2    5.0    2.0           0.000151685634627919262336359640386262981337495148181915283203        0.47240E-05
     12      3    5.0    4.0           0.924806991472965744804923815536312758922576904296875000000000        0.28801E-01
     12     10    5.0    3.0           0.098789150710516859810184087109519168734550476074218750000000        0.30766E-02
     11      1    1.0    0.0           0.037366982400408407793968024179775966331362724304199218750000        0.11637E-02
     11      2    1.0    2.0           0.018196048838884374548863220866223855409771203994750976562500        0.56668E-03
     11      3    1.0    4.0           0.000000000056068738957971330195360864241712196658073974475656        0.17462E-11
     11     10    1.0    3.0           0.000041336051397506739450270901725659200565132778137922286987        0.12873E-05
     17      1    2.0    0.0           0.871962691100591769099992234259843826293945312500000000000000        0.27156E-01
     17      2    2.0    2.0           0.875936853643718538187101785297272726893424987792968750000000        0.27279E-01
     17      3    2.0    4.0           0.000027200873150852805594686334433873753368970938026905059814        0.84712E-06
     17     16    2.0    0.0           0.000000000405020535209183914538701395640480328041999058541478        0.12614E-10
     16      2    0.0    2.0           0.095174597259175222618843292821111390367150306701660156250000        0.29640E-02
      3      2    4.0    2.0          10.673743677079031044740986544638872146606445312500000000000000        0.33241E+00
      3     10    4.0    3.0           0.001467551527444318354431729289899521972984075546264648437500        0.45704E-04
     10      1    3.0    0.0           0.000110370695414339328906117021489308172021992504596710205078        0.34373E-05
     10      2    3.0    2.0           1.466500889883262770396754604007583111524581909179687500000000        0.45671E-01
      2      1    2.0    0.0          32.109873036600980356070067500695586204528808593750000000000000        0.10000E+01





     INTEGRATED RUTHERFORD CROSS SECTION=.4287E+03  FOR EXP. 5





                                                  INTEGRATED YIELDS

     EXPERIMENT  5  DETECTOR  1
     ENERGY RANGE  642.100--- 658.000 MEV   SCATTERING ANGLE RANGE  57.000--- 65.000 DEG

     NI     NF     II     IF     YIELD     NORMALIZED YIELD

      9      8   16.0   14.0           0.000002997341778761984713809127245376373593899188563227653503        0.13668E-06
      8      7   14.0   12.0           0.000067889385151626303860870892403767129508196376264095306396        0.30958E-05
      8     15   14.0   11.0           0.000000026267013098319531727515823023820507042813687803572975        0.11978E-08
      7      6   12.0   10.0           0.000269070777790978647291825209819648989650886505842208862305        0.12270E-04
      7     15   12.0   11.0           0.000334392097627024282441299263268774666357785463333129882812        0.15248E-04
      7     14   12.0    9.0           0.000000181094489021300119713136556921784237061956446268595755        0.82579E-08
     15      5   11.0    8.0           0.000000114277400357826679628968802749505728755252675910014659        0.52111E-08
     15      6   11.0   10.0           0.000238650181412614938170069223133396008051931858062744140625        0.10882E-04
     15     14   11.0    9.0           0.004311066358073391800720397526447413838468492031097412109375        0.19659E-03
      6      5   10.0    8.0           0.000993908694856120719998693324725991260493174195289611816406        0.45322E-04
      6     14   10.0    9.0           0.002587184646486543736915164615197681996505707502365112304688        0.11798E-03
      6     13   10.0    7.0           0.000000671767277205766281029692289089583212557954539079219103        0.30633E-07
     14      4    9.0    6.0           0.000003623338852499635099122096346113686138323828345164656639        0.16523E-06
     14      5    9.0    8.0           0.000594781839777534142646442383295379841001704335212707519531        0.27122E-04
     14     13    9.0    7.0           0.057484705117167494980989772557222750037908554077148437500000        0.26213E-02
      5      4    8.0    6.0           0.016493013485963929631861191182906622998416423797607421875000        0.75208E-03
      5     13    8.0    7.0           0.018284255287684153534755182590743061155080795288085937500000        0.83377E-03
      5     12    8.0    5.0           0.000001960781900854973797609578922696016434201737865805625916        0.89412E-07
     13      3    7.0    4.0           0.000065285440140195607431478075355357759690377861261367797852        0.29770E-05
     13      4    7.0    6.0           0.110248731393284241097951792198728071525692939758300781250000        0.50274E-02
     13     12    7.0    5.0           0.225511006009611936207193139125593006610870361328125000000000        0.10283E-01
     22      1    2.0    0.0           0.006804532453403555440629713046973847667686641216278076171875        0.31029E-03
     22      2    2.0    2.0           0.066474345276629834278203645681060152128338813781738281250000        0.30312E-02
     22     10    2.0    3.0           0.007789584847738885604873093626565605518408119678497314453125        0.35521E-03
     22     18    2.0    2.0           0.006128323617666264246095497725264067412354052066802978515625        0.27945E-03
     21      2    0.0    2.0           0.032404825469995089670671717385630472563207149505615234375000        0.14777E-02
     21     17    0.0    2.0           0.000000660087356124271824383425728149932254495979577768594027        0.30100E-07
      4      3    6.0    4.0           0.610641863669949880311094148055417463183403015136718750000000        0.27845E-01
      4     12    6.0    5.0           0.179806982440307600024098633184621576219797134399414062500000        0.81992E-02
      4     19    6.0    4.0           0.000001577535587656481195302417969150710064241138752549886703        0.71936E-07
      4     20    6.0    4.0           0.000000000001730748254856758322563471749513078792826956120443        0.78922E-13
      4     10    6.0    3.0           0.000006869819309040751936909149910626126711576944217085838318        0.31327E-06
     23      2    3.0    2.0           0.002307223915608511057712126657293083553668111562728881835938        0.10521E-03
     23      3    3.0    4.0           0.000350029252565742319668745663463482742372434586286544799805        0.15961E-04
     23     10    3.0    3.0           0.000121204001669112263546608521114222867254284210503101348877        0.55269E-05
     23     17    3.0    2.0           0.000166428576552711321098754204683700663736090064048767089844        0.75892E-05
     20      2    4.0    2.0           0.127936689886458121456769276846898719668388366699218750000000        0.58339E-02
     20      3    4.0    4.0           0.115033302059451392196365304698701947927474975585937500000000        0.52455E-02
     20     12    4.0    5.0           0.003749454064438210564719211603801340970676392316818237304688        0.17098E-03
     19      2    4.0    2.0           0.212375054053163342393517609707487281411886215209960937500000        0.96843E-02
     19      3    4.0    4.0           1.659949781527761070165638557227794080972671508789062500000000        0.75694E-01
     19     10    4.0    3.0           1.260176651689871807349163645994849503040313720703125000000000        0.57464E-01
     19     17    4.0    2.0           0.010794236304980614135629046757003379752859473228454589843750        0.49222E-03
     18      1    2.0    0.0           0.146743898205915657140252505996613763272762298583984375000000        0.66916E-02
     18      2    2.0    2.0           0.284971303639887374448136370119755156338214874267578125000000        0.12995E-01
     12      2    5.0    2.0           0.000137160075418371764756700348364404362655477598309516906738        0.62545E-05
     12      3    5.0    4.0           0.836246603107939523447100782505003735423088073730468750000000        0.38133E-01
     12     10    5.0    3.0           0.089329008611850335697113223432097584009170532226562500000000        0.40734E-02
     11      1    1.0    0.0           0.028084222029417859473054974728256638627499341964721679687500        0.12806E-02
     11      2    1.0    2.0           0.013675759797070851167544169868506287457421422004699707031250        0.62362E-03
     11      3    1.0    4.0           0.000000000042140060894719946801558283613466722623830396088351        0.19216E-11
     11     10    1.0    3.0           0.000031067289106393555146810175893179462036641780287027359009        0.14167E-05
     17      1    2.0    0.0           0.688616642281978497130978666973533108830451965332031250000000        0.31401E-01
     17      2    2.0    2.0           0.691755164714487946753251890186220407485961914062500000000000        0.31544E-01
     17      3    2.0    4.0           0.000021481393788346653928424470625380138244508998468518257141        0.97956E-06
     17     16    2.0    0.0           0.000000000319857585487935971287283572122368997814323421380323        0.14586E-10
     16      2    0.0    2.0           0.099712907433232036980008672344411024823784828186035156250000        0.45469E-02
      3      2    4.0    2.0           9.345081874912338548710977192968130111694335937500000000000000        0.42614E+00
      3     10    4.0    3.0           0.001284871512238982280487697984483475011074915528297424316406        0.58590E-04
     10      1    3.0    0.0           0.000112595099505069780950090863047563516374793834984302520752        0.51344E-05
     10      2    3.0    2.0           1.496056657075542695167769124964252114295959472656250000000000        0.68221E-01
      2      1    2.0    0.0          21.929720660956458999635287909768521785736083984375000000000000        0.10000E+01





     INTEGRATED RUTHERFORD CROSS SECTION=.3833E+03  FOR EXP. 6





                                                  INTEGRATED YIELDS

     EXPERIMENT  6  DETECTOR  1
     ENERGY RANGE  642.100--- 658.000 MEV   SCATTERING ANGLE RANGE  65.000--- 77.000 DEG

     NI     NF     II     IF     YIELD     NORMALIZED YIELD

      9      8   16.0   14.0           0.000009161974443816407889058447966412757068610517308115959167        0.45136E-06
      8      7   14.0   12.0           0.000171700873196088161934738658409571598895126953721046447754        0.84588E-05
      8     15   14.0   11.0           0.000000066432610564399941395598628551127928787423115863930434        0.32728E-08
      7      6   12.0   10.0           0.000547192085477630563508655292537241621175780892372131347656        0.26957E-04
      7     15   12.0   11.0           0.000680031888895463415382891536609122340450994670391082763672        0.33502E-04
      7     14   12.0    9.0           0.000000368280316166661085442460494068783738441652531037107110        0.18143E-07
     15      5   11.0    8.0           0.000000209644822380156392241848232506351568105174010270275176        0.10328E-07
     15      6   11.0   10.0           0.000437809879613814453142017768527693988289684057235717773438        0.21569E-04
     15     14   11.0    9.0           0.007908761820599682218491111029834428336471319198608398437500        0.38962E-03
      6      5   10.0    8.0           0.001455250485671247956398488554441428277641534805297851562500        0.71692E-04
      6     14   10.0    9.0           0.003788076040390976183952487232886596757452934980392456054688        0.18662E-03
      6     13   10.0    7.0           0.000000983580948100328638619618132343802585637604352086782455        0.48456E-07
     14      4    9.0    6.0           0.000005662508660518584132595888008809836833279405254870653152        0.27896E-06
     14      5    9.0    8.0           0.000929517623375470639253415061631358184968121349811553955078        0.45792E-04
     14     13    9.0    7.0           0.089836378496248078806551973229943541809916496276855468750000        0.44258E-02
      5      4    8.0    6.0           0.018638224612572851929259698522400867659598588943481445312500        0.91821E-03
      5     13    8.0    7.0           0.020662449419295000896390490652265725657343864440917968750000        0.10179E-02
      5     12    8.0    5.0           0.000002215816625354966187762305665498452356132474960759282112        0.10916E-06
     13      3    7.0    4.0           0.000083630638062086141981676945533763500861823558807373046875        0.41200E-05
     13      4    7.0    6.0           0.141228606748400237203000529007113073021173477172851562500000        0.69576E-02
     13     12    7.0    5.0           0.288879561539405083081533121003303676843643188476562500000000        0.14232E-01
     22      1    2.0    0.0           0.008542135050082883332422944988593371817842125892639160156250        0.42083E-03
     22      2    2.0    2.0           0.083449206629147190672490808083239244297146797180175781250000        0.41111E-02
     22     10    2.0    3.0           0.009778730016958397594506458005980675807222723960876464843750        0.48175E-03
     22     18    2.0    2.0           0.007693249805360738262371977924658494885079562664031982421875        0.37901E-03
     21      2    0.0    2.0           0.044312818146916010952907072351081296801567077636718750000000        0.21831E-02
     21     17    0.0    2.0           0.000000902653556955505503388412138349172764151262526866048574        0.44469E-07
      4      3    6.0    4.0           0.648885978210123171017187360121170058846473693847656250000000        0.31967E-01
      4     12    6.0    5.0           0.191068180272768700644903105967387091368436813354492187500000        0.94129E-02
      4     19    6.0    4.0           0.000001676335645914756797348926960211645820209014345891773701        0.82584E-07
      4     20    6.0    4.0           0.000000000001839143925767921705362416174530671428895972630002        0.90605E-13
      4     10    6.0    3.0           0.000007300071756762309566361670437606434802546573337167501450        0.35964E-06
     23      2    3.0    2.0           0.001560353888775832011115429764913642429746687412261962890625        0.76870E-04
     23      3    3.0    4.0           0.000236721499691201921590846812826214318192796781659126281738        0.11662E-04
     23     10    3.0    3.0           0.000081969129246700189305591122135297155182342976331710815430        0.40382E-05
     23     17    3.0    2.0           0.000112554084963599639306747191014324016578029841184616088867        0.55449E-05
     20      2    4.0    2.0           0.116299259624885645281189283650746801868081092834472656250000        0.57294E-02
     20      3    4.0    4.0           0.104569595114529345636356083559803664684295654296875000000000        0.51516E-02
     20     12    4.0    5.0           0.003408394668321321815257496368190004432108253240585327148438        0.16791E-03
     19      2    4.0    2.0           0.284124463654317427341311486088670790195465087890625000000000        0.13997E-01
     19      3    4.0    4.0           2.220752072188355796811265463475137948989868164062500000000000        0.10940E+00
     19     10    4.0    3.0           1.685918418560823361929124075686559081077575683593750000000000        0.83056E-01
     19     17    4.0    2.0           0.014440992678654460470988318832041841233149170875549316406250        0.71143E-03
     18      1    2.0    0.0           0.161538301766968733774731958874326664954423904418945312500000        0.79581E-02
     18      2    2.0    2.0           0.313701496315101080458731530598015524446964263916015625000000        0.15454E-01
     12      2    5.0    2.0           0.000149077318326069804517788885966922407533274963498115539551        0.73442E-05
     12      3    5.0    4.0           0.908904436443016661151261814666213467717170715332031250000000        0.44777E-01
     12     10    5.0    3.0           0.097090417980313523105273532110004452988505363464355468750000        0.47831E-02
     11      1    1.0    0.0           0.023238486946940358629509759680331626441329717636108398437500        0.11448E-02
     11      2    1.0    2.0           0.011316103583030610868487286779782152734696865081787109375000        0.55748E-03
     11      3    1.0    4.0           0.000000000034869089626888962444162634421218659522279104123754        0.17178E-11
     11     10    1.0    3.0           0.000025706846770386167531441748423937099232716718688607215881        0.12664E-05
     17      1    2.0    0.0           0.788106762984454367604314484196947887539863586425781250000000        0.38826E-01
     17      2    2.0    2.0           0.791698733615083027892467271158238872885704040527343750000000        0.39003E-01
     17      3    2.0    4.0           0.000024584987761587970517100643075281141136656515300273895264        0.12112E-05
     17     16    2.0    0.0           0.000000000366070046578538337005094251020028382759274876434574        0.18034E-10
     16      2    0.0    2.0           0.123097184228212377932187848728062817826867103576660156250000        0.60643E-02
      3      2    4.0    2.0          10.433359627692349036465202516410499811172485351562500000000000        0.51400E+00
      3     10    4.0    3.0           0.001434500707645428594153025336765949759865179657936096191406        0.70670E-04
     10      1    3.0    0.0           0.000143037610880359961507829469340435935009736567735671997070        0.70467E-05
     10      2    3.0    2.0           1.900547811675482812177051528124138712882995605468750000000000        0.93630E-01
      2      1    2.0    0.0          20.298537152807849537339279777370393276214599609375000000000000        0.10000E+01





     INTEGRATED RUTHERFORD CROSS SECTION=.6123E+02  FOR EXP. 7





                                                  INTEGRATED YIELDS

     EXPERIMENT  7  DETECTOR  1
     ENERGY RANGE  642.100--- 658.000 MEV   SCATTERING ANGLE RANGE 103.000---116.000 DEG

     NI     NF     II     IF     YIELD     NORMALIZED YIELD

      9      8   16.0   14.0           0.000003643957848584689217279674808280809372718067606911063194        0.10804E-05
      8      7   14.0   12.0           0.000062119301066071926933041813523317387080169282853603363037        0.18417E-04
      8     15   14.0   11.0           0.000000024034515721665444418414026624825075018065945187117904        0.71258E-08
      7      6   12.0   10.0           0.000170002031495811428002395970793259039055556058883666992188        0.50403E-04
      7     15   12.0   11.0           0.000211272797363749198105639659495125215471489354968070983887        0.62639E-04
      7     14   12.0    9.0           0.000000114417594058588788061861475295333256951835210202261806        0.33923E-07
     15      5   11.0    8.0           0.000000047420520455687861066505382409697055834385537309572101        0.14059E-07
     15      6   11.0   10.0           0.000099030217470776133923369977107853401321335695683956146240        0.29361E-04
     15     14   11.0    9.0           0.001788918979419589936827317266931913763983175158500671386719        0.53038E-03
      6      5   10.0    8.0           0.000286492271771709148577012005176811726414598524570465087891        0.84940E-04
      6     14   10.0    9.0           0.000745751003790256637888955726367612442118115723133087158203        0.22110E-03
      6     13   10.0    7.0           0.000000193635627039600270427293759317732835256720136385411024        0.57410E-07
     14      4    9.0    6.0           0.000001258639911252120992292955793667719177619801484979689121        0.37316E-06
     14      5    9.0    8.0           0.000206609481615422334180656727120606319658691063523292541504        0.61256E-04
     14     13    9.0    7.0           0.019968473027884816456412053753410873468965291976928710937500        0.59203E-02
      5      4    8.0    6.0           0.001362715810972111099563797154132771538570523262023925781250        0.40402E-03
      5     13    8.0    7.0           0.001510715054806820471441919373489781719399616122245788574219        0.44790E-03
      5     12    8.0    5.0           0.000000162007294812252911353500379326719738060091913212090731        0.48032E-07
     13      3    7.0    4.0           0.000015377271559740100109487520585460629263252485543489456177        0.45591E-05
     13      4    7.0    6.0           0.025967883162168955979431927971745608374476432800292968750000        0.76990E-02
     13     12    7.0    5.0           0.053116651609811653400594622098651598207652568817138671875000        0.15748E-01
     22      1    2.0    0.0           0.002045557996029471071325334108337301586288958787918090820312        0.60647E-03
     22      2    2.0    2.0           0.019983316920388811271935836089141957927495241165161132812500        0.59247E-02
     22     10    2.0    3.0           0.002341681471894847387654747805640909064095467329025268554688        0.69427E-03
     22     18    2.0    2.0           0.001842278138023014386406850384503286477411165833473205566406        0.54620E-03
     21      2    0.0    2.0           0.013066373535837482941501797029104636749252676963806152343750        0.38739E-02
     21     17    0.0    2.0           0.000000266162456865854506825428034411107347523284261114895344        0.78912E-07
      4      3    6.0    4.0           0.065539074278970529952026424780342495068907737731933593750000        0.19431E-01
      4     12    6.0    5.0           0.019298354533390297410599956151600053999572992324829101562500        0.57216E-02
      4     19    6.0    4.0           0.000000169314009091619619322419197475493302107452109339646995        0.50199E-07
      4     20    6.0    4.0           0.000000000000497654599258262474422530211826571443071466627206        0.14755E-12
      4     10    6.0    3.0           0.000000737325140586303022246334685357860294629972486291080713        0.21860E-06
     23      2    3.0    2.0           0.000008186108905463341286600637003445513073529582470655441284        0.24270E-05
     23      3    3.0    4.0           0.000001241915690200957801098244522031155412378211622126400471        0.36821E-06
     23     10    3.0    3.0           0.000000430035919240041167375780684078989679619553498923778534        0.12750E-06
     23     17    3.0    2.0           0.000000590494248705122099182850993470683675923282862640917301        0.17507E-06
     20      2    4.0    2.0           0.005100148009331946334643514973095079767517745494842529296875        0.15121E-02
     20      3    4.0    4.0           0.004585759308186472017754287122670575627125799655914306640625        0.13596E-02
     20     12    4.0    5.0           0.000149470575640164594346734339147531045455252751708030700684        0.44315E-04
     19      2    4.0    2.0           0.059822658777009672659286110274479142390191555023193359375000        0.17736E-01
     19      3    4.0    4.0           0.467581325923753843287755671553895808756351470947265625000000        0.13863E+00
     19     10    4.0    3.0           0.354971623992741902586800506469444371759891510009765625000000        0.10524E+00
     19     17    4.0    2.0           0.003040563865234465704828759058386822289321571588516235351562        0.90147E-03
     18      1    2.0    0.0           0.032082230935101756219562929572930443100631237030029296875000        0.95118E-02
     18      2    2.0    2.0           0.062302523546313381963557276321807876229286193847656250000000        0.18472E-01
     12      2    5.0    2.0           0.000023333742632952120466460418923837494276085635647177696228        0.69180E-05
     12      3    5.0    4.0           0.142262702576405164478501319536007940769195556640625000000000        0.42178E-01
     12     10    5.0    3.0           0.015196696926914115763351809107462031533941626548767089843750        0.45055E-02
     11      1    1.0    0.0           0.002732129868965729041496715012726781424134969711303710937500        0.81003E-03
     11      2    1.0    2.0           0.001330425025953710198300949940630744094960391521453857421875        0.39445E-03
     11      3    1.0    4.0           0.000000000004099530296046641494206426049207197441839878315761        0.12154E-11
     11     10    1.0    3.0           0.000003022332910858662716104688916729514858161564916372299194        0.89607E-06
     17      1    2.0    0.0           0.258310296482455459265992203654604963958263397216796875000000        0.76584E-01
     17      2    2.0    2.0           0.259487602708125097983327123074559494853019714355468750000000        0.76933E-01
     17      3    2.0    4.0           0.000008057988810633507414178840211338439303290215320885181427        0.23890E-05
     17     16    2.0    0.0           0.000000000119983315340378246288271598195111517642930110127963        0.35573E-10
     16      2    0.0    2.0           0.020446639485860871460198850968481565359979867935180664062500        0.60621E-02
      3      2    4.0    2.0           1.976175875826043482064164891198743134737014770507812500000000        0.58590E+00
      3     10    4.0    3.0           0.000271707848043506124992296779652178884134627878665924072266        0.80557E-04
     10      1    3.0    0.0           0.000029173321179906153854553482740463721256674034520983695984        0.86494E-05
     10      2    3.0    2.0           0.387627361688474947332139208810986019670963287353515625000000        0.11492E+00
      2      1    2.0    0.0           3.372884201749840826778381597250699996948242187500000000000000        0.10000E+01





     INTEGRATED RUTHERFORD CROSS SECTION=.3281E+02  FOR EXP. 8





                                                  INTEGRATED YIELDS

     EXPERIMENT  8  DETECTOR  1
     ENERGY RANGE  642.100--- 658.000 MEV   SCATTERING ANGLE RANGE 116.000---129.000 DEG

     NI     NF     II     IF     YIELD     NORMALIZED YIELD

      9      8   16.0   14.0           0.000001690859072598333654800068469314933139457934885285794735        0.92869E-06
      8      7   14.0   12.0           0.000030408108578393191703424444649606073198810918256640434265        0.16701E-04
      8     15   14.0   11.0           0.000000011765170424505486561792657392456346032716396621253807        0.64619E-08
      7      6   12.0   10.0           0.000087072956753411314746206317582988276626565493643283843994        0.47824E-04
      7     15   12.0   11.0           0.000108211337159692903430070753945102524085086770355701446533        0.59434E-04
      7     14   12.0    9.0           0.000000058603289217389975119100551520512354386482911650091410        0.32187E-07
     15      5   11.0    8.0           0.000000022926454863006816110204794350972690164525147338281386        0.12592E-07
     15      6   11.0   10.0           0.000047878255849998201804096353839668154250830411911010742188        0.26297E-04
     15     14   11.0    9.0           0.000864890765455951005848123092079049456515349447727203369141        0.47504E-03
      6      5   10.0    8.0           0.000149454463385284390397611531398069928400218486785888671875        0.82087E-04
      6     14   10.0    9.0           0.000389036030191151113288156038194642860617022961378097534180        0.21368E-03
      6     13   10.0    7.0           0.000000101013924572936032980783260196849804302132724842522293        0.55481E-07
     14      4    9.0    6.0           0.000000645404437034729300883299438207352238805469824001193047        0.35448E-06
     14      5    9.0    8.0           0.000105945056227704434426151181014574831351637840270996093750        0.58190E-04
     14     13    9.0    7.0           0.010239418739061109317467490598119184141978621482849121093750        0.56239E-02
      5      4    8.0    6.0           0.000554063036993177981774649776269825451890937983989715576172        0.30432E-03
      5     13    8.0    7.0           0.000614237660235610765692426671336079380125738680362701416016        0.33737E-03
      5     12    8.0    5.0           0.000000065870119841563246986937808866852117617440853791777045        0.36179E-07
     13      3    7.0    4.0           0.000007992820707662360061544065681360393682552967220544815063        0.43900E-05
     13      4    7.0    6.0           0.013497624300019113452453467516534146852791309356689453125000        0.74135E-02
     13     12    7.0    5.0           0.027609050881310284730751902770862216129899024963378906250000        0.15164E-01
     22      1    2.0    0.0           0.001125760447540830521892529780814129480859264731407165527344        0.61832E-03
     22      2    2.0    2.0           0.010997697373192954692355804979797539999708533287048339843750        0.60404E-02
     22     10    2.0    3.0           0.001288730208048539634460571967622399824904277920722961425781        0.70783E-03
     22     18    2.0    2.0           0.001013886609512487223944132708197685133200138807296752929688        0.55687E-03
     21      2    0.0    2.0           0.007480873310327620234749801397811097558587789535522460937500        0.41088E-02
     21     17    0.0    2.0           0.000000152385634339771511926547018812849731972391964518465102        0.83697E-07
      4      3    6.0    4.0           0.029769559887239085277377270699616929050534963607788085937500        0.16351E-01
      4     12    6.0    5.0           0.008765816840218543237739368123584426939487457275390625000000        0.48146E-02
      4     19    6.0    4.0           0.000000076906846623233778689532119318683633935052057495340705        0.42241E-07
      4     20    6.0    4.0           0.000000000000497654599258262474422530211826571443071466627206        0.27333E-12
      4     10    6.0    3.0           0.000000334912343064539571210307946844131343766548525309190154        0.18395E-06
     23      2    3.0    2.0           0.000001348064357674723832158946747183936309966156841255724430        0.74042E-06
     23      3    3.0    4.0           0.000000204515026190230805416925643526460110166453887359239161        0.11233E-06
     23     10    3.0    3.0           0.000000070817051415048808824922381248423430832872327300719917        0.38896E-07
     23     17    3.0    2.0           0.000000097240857565433761297504918711537280628931512183044106        0.53409E-07
     20      2    4.0    2.0           0.001838244012119060475166087975651407759869471192359924316406        0.10096E-02
     20      3    4.0    4.0           0.001652843128056045995943890147827914915978908538818359375000        0.90781E-03
     20     12    4.0    5.0           0.000053873611149279638631720557029325391340535134077072143555        0.29590E-04
     19      2    4.0    2.0           0.031498914720939442946079367402489879168570041656494140625000        0.17301E-01
     19      3    4.0    4.0           0.246199426964224477032416871224995702505111694335937500000000        0.13522E+00
     19     10    4.0    3.0           0.186906117867128379606000976309587713330984115600585937500000        0.10266E+00
     19     17    4.0    2.0           0.001600973006759727869721676718484104640083387494087219238281        0.87932E-03
     18      1    2.0    0.0           0.017418470568907280793258252060695667751133441925048828125000        0.95670E-02
     18      2    2.0    2.0           0.033826035195475126493569462127197766676545143127441406250000        0.18579E-01
     12      2    5.0    2.0           0.000012112808109767931899979596932492853511575958691537380219        0.66529E-05
     12      3    5.0    4.0           0.073850168170255831023851555983128491789102554321289062500000        0.40562E-01
     12     10    5.0    3.0           0.007888776210210649356135981236093357438221573829650878906250        0.43329E-02
     11      1    1.0    0.0           0.001645473706104181796372465385047689778730273246765136718750        0.90377E-03
     11      2    1.0    2.0           0.000801272085568367612752604944859058377915062010288238525391        0.44009E-03
     11      3    1.0    4.0           0.000000000002469014883277077973144350636140743860628271599822        0.13561E-11
     11     10    1.0    3.0           0.000001820253638892311224740006188327345881816654582507908344        0.99976E-06
     17      1    2.0    0.0           0.150990776618090183358589229101198725402355194091796875000000        0.82931E-01
     17      2    2.0    2.0           0.151678950429788239606665456449263729155063629150390625000000        0.83309E-01
     17      3    2.0    4.0           0.000004710156757456515997717957228152485527061799075454473495        0.25870E-05
     17     16    2.0    0.0           0.000000000070134153423835397908224939270220013240453305058963        0.38521E-10
     16      2    0.0    2.0           0.010302447733926248935043545884582272265106439590454101562500        0.56585E-02
      3      2    4.0    2.0           1.049962072814909941342875754344277083873748779296875000000000        0.57668E+00
      3     10    4.0    3.0           0.000144361106125025212944604224851730123191373422741889953613        0.79289E-04
     10      1    3.0    0.0           0.000015362894335635878857336186764648289226897759363055229187        0.84380E-05
     10      2    3.0    2.0           0.204127537022526700516422692999185528606176376342773437500000        0.11212E+00
      2      1    2.0    0.0           1.820687509482983301722924807108938694000244140625000000000000        0.10000E+01





     INTEGRATED RUTHERFORD CROSS SECTION=.1798E+02  FOR EXP. 9





                                                  INTEGRATED YIELDS

     EXPERIMENT  9  DETECTOR  1
     ENERGY RANGE  642.100--- 658.000 MEV   SCATTERING ANGLE RANGE 129.000---142.000 DEG

     NI     NF     II     IF     YIELD     NORMALIZED YIELD

      9      8   16.0   14.0           0.000000803940125677614196145800550680204921150107111316174269        0.80180E-06
      8      7   14.0   12.0           0.000015236126193805059236461262039963315828572376631200313568        0.15196E-04
      8     15   14.0   11.0           0.000000005894994120310418838805400083532062827096353885281133        0.58793E-08
      7      6   12.0   10.0           0.000045585913263572254178635639876304708195675630122423171997        0.45465E-04
      7     15   12.0   11.0           0.000056652637211652637086803374621979401126736775040626525879        0.56502E-04
      7     14   12.0    9.0           0.000000030680989354588712637810052515086045588077467982657254        0.30599E-07
     15      5   11.0    8.0           0.000000011578451957283585510981366230743444534212471808132250        0.11548E-07
     15      6   11.0   10.0           0.000024179756027270596509910413618449354089534608647227287292        0.24115E-04
     15     14   11.0    9.0           0.000436792178990057830111765069247553583409171551465988159180        0.43563E-03
      6      5   10.0    8.0           0.000080530764606666910949105131489744735517888329923152923584        0.80317E-04
      6     14   10.0    9.0           0.000209624846666978142300033494116462406964274123311042785645        0.20907E-03
      6     13   10.0    7.0           0.000000054429479036754428205286364525136710845742982201045379        0.54285E-07
     14      4    9.0    6.0           0.000000341825296122088702243844125783223120151887997053563595        0.34092E-06
     14      5    9.0    8.0           0.000056111638128942230296924975618821918033063411712646484375        0.55962E-04
     14     13    9.0    7.0           0.005423099287446154354030980471179645974189043045043945312500        0.54087E-02
      5      4    8.0    6.0           0.000253606516314284103231352363039263764221686869859695434570        0.25293E-03
      5     13    8.0    7.0           0.000281149729905747402993604344700884212215896695852279663086        0.28040E-03
      5     12    8.0    5.0           0.000000030150164343897469007612223250436311872135775047354400        0.30070E-07
     13      3    7.0    4.0           0.000004292289944537039553284270970712199755325855221599340439        0.42809E-05
     13      4    7.0    6.0           0.007248469492449702115954845993428534711711108684539794921875        0.72292E-02
     13     12    7.0    5.0           0.014826561962343684161758083916993200546130537986755371093750        0.14787E-01
     22      1    2.0    0.0           0.000625658526652732782311061576763222547015175223350524902344        0.62399E-03
     22      2    2.0    2.0           0.006112137933176917808930639353093283716589212417602539062500        0.60959E-02
     22     10    2.0    3.0           0.000716231454908416716002850233024901172029785811901092529297        0.71433E-03
     22     18    2.0    2.0           0.000563482936077757214955730180605542045668698847293853759766        0.56198E-03
     21      2    0.0    2.0           0.004261765369737543357464559790059865918010473251342773437500        0.42504E-02
     21     17    0.0    2.0           0.000000086812300159950882477053423196683423768149623356293887        0.86581E-07
      4      3    6.0    4.0           0.014578248062517930316861480832812958396971225738525390625000        0.14539E-01
      4     12    6.0    5.0           0.004292648357965184874318609331567131448537111282348632812500        0.42812E-02
      4     19    6.0    4.0           0.000000037661527144716619418042703867563480990554580785101280        0.37561E-07
      4     20    6.0    4.0           0.000000000000497654599258262474422530211826571443071466627206        0.49633E-12
      4     10    6.0    3.0           0.000000164007638503478745291896197418257674627284359303303063        0.16357E-06
     23      2    3.0    2.0           0.000000290273231043269446100381575917581677970247255871072412        0.28950E-06
     23      3    3.0    4.0           0.000000044037391175845834594899025132494485568201980640878901        0.43920E-07
     23     10    3.0    3.0           0.000000015248748481608900360036621215477359303491766695515253        0.15208E-07
     23     17    3.0    2.0           0.000000020938479497836844219671971413683497775792829997953959        0.20883E-07
     20      2    4.0    2.0           0.000771502649348086342283303817879414054914377629756927490234        0.76945E-03
     20      3    4.0    4.0           0.000693690741732402014509129006825105534517206251621246337891        0.69185E-03
     20     12    4.0    5.0           0.000022610509517561160476410708763950196953373961150646209717        0.22550E-04
     19      2    4.0    2.0           0.017017234921539385605893102137997630052268505096435546875000        0.16972E-01
     19      3    4.0    4.0           0.133008820250351461611515446747944224625825881958007812500000        0.13266E+00
     19     10    4.0    3.0           0.100975711201360118796088727322057820856571197509765625000000        0.10071E+00
     19     17    4.0    2.0           0.000864922934661064538204577889501933896099217236042022705078        0.86262E-03
     18      1    2.0    0.0           0.009615611949795510940419696055414533475413918495178222656250        0.95900E-02
     18      2    2.0    2.0           0.018673168057614274867317405437461275141686201095581054687500        0.18623E-01
     12      2    5.0    2.0           0.000006510152766317212058837932131538650537549983710050582886        0.64928E-05
     12      3    5.0    4.0           0.039691529185447792238417008547912701033055782318115234375000        0.39586E-01
     12     10    5.0    3.0           0.004239903563430939652245665882901448640041053295135498046875        0.42286E-02
     11      1    1.0    0.0           0.000985286454816447238719279155816366255749017000198364257812        0.98267E-03
     11      2    1.0    2.0           0.000479790427282010241774590220131813111947849392890930175781        0.47851E-03
     11      3    1.0    4.0           0.000000000001478411300167620498737413244880318071100902543868        0.14745E-11
     11     10    1.0    3.0           0.000001089942214255832288064083229750522718859429005533456802        0.10870E-05
     17      1    2.0    0.0           0.086841589279012421087600159808062016963958740234375000000000        0.86611E-01
     17      2    2.0    2.0           0.087237389001661821974487054376368178054690361022949218750000        0.87005E-01
     17      3    2.0    4.0           0.000002709023078975258372498580161646941633080132305622100830        0.27018E-05
     17     16    2.0    0.0           0.000000000040337307234793326022024115354370804760464341853776        0.40230E-10
     16      2    0.0    2.0           0.005416007374262330788250441315767602645792067050933837890625        0.54016E-02
      3      2    4.0    2.0           0.571002062366800955395262917591026052832603454589843750000000        0.56948E+00
      3     10    4.0    3.0           0.000078508063726481991861580467251258141914149746298789978027        0.78299E-04
     10      1    3.0    0.0           0.000008303231940149210572226293192166224343964131549000740051        0.82811E-05
     10      2    3.0    2.0           0.110325453540215334680141268108855001628398895263671875000000        0.11003E+00
      2      1    2.0    0.0           1.002667178655614721449751414183992892503738403320312500000000        0.10000E+01





     INTEGRATED RUTHERFORD CROSS SECTION=.9831E+01  FOR EXP.10





                                                  INTEGRATED YIELDS

     EXPERIMENT 10  DETECTOR  1
     ENERGY RANGE  642.100--- 658.000 MEV   SCATTERING ANGLE RANGE 142.000---155.000 DEG

     NI     NF     II     IF     YIELD     NORMALIZED YIELD

      9      8   16.0   14.0           0.000000394108639001390258558123538823458886781736509874463081        0.71702E-06
      8      7   14.0   12.0           0.000007786615489141893140553722651997503589882398955523967743        0.14167E-04
      8     15   14.0   11.0           0.000000003012711495148489437720474705775276780261862086263136        0.54812E-08
      7      6   12.0   10.0           0.000024090965847159180065030839590356492863065795972943305969        0.43830E-04
      7     15   12.0   11.0           0.000029939440728679001467969766903109984923503361642360687256        0.54470E-04
      7     14   12.0    9.0           0.000000016214102422931933104153462790221473799334717114106752        0.29499E-07
     15      5   11.0    8.0           0.000000005988451800095744180925164519774597793322357119905064        0.10895E-07
     15      6   11.0   10.0           0.000012505929466356394128066613358196690342083456926047801971        0.22753E-04
     15     14   11.0    9.0           0.000225911798933993722459170894190094713849248364567756652832        0.41101E-03
      6      5   10.0    8.0           0.000043578139503541241583581267171609852084657177329063415527        0.79284E-04
      6     14   10.0    9.0           0.000113435664693859741217890624298547663784120231866836547852        0.20638E-03
      6     13   10.0    7.0           0.000000029453780082107790152306180629648846291956942877732217        0.53587E-07
     14      4    9.0    6.0           0.000000182702355142408189597898714173762613199869520030915737        0.33240E-06
     14      5    9.0    8.0           0.000029991134516255130707711520909874991502874763682484626770        0.54564E-04
     14     13    9.0    7.0           0.002898594759451751049633694279350493161473423242568969726562        0.52736E-02
      5      4    8.0    6.0           0.000124400014917796857775306174076490606239531189203262329102        0.22633E-03
      5     13    8.0    7.0           0.000137910614848186320385500791552146893081953749060630798340        0.25091E-03
      5     12    8.0    5.0           0.000000014789371143392880932186542273371054889707920665387064        0.26907E-07
     13      3    7.0    4.0           0.000002317446116094127841800219894108359142137487651780247688        0.42163E-05
     13      4    7.0    6.0           0.003913514159099085350235203151214591343887150287628173828125        0.71201E-02
     13     12    7.0    5.0           0.008004994741418447121161783286424906691536307334899902343750        0.14564E-01
     22      1    2.0    0.0           0.000344556014550775337960258903891030968225095421075820922852        0.62687E-03
     22      2    2.0    2.0           0.003366011645213232150730675584782147780060768127441406250000        0.61240E-02
     22     10    2.0    3.0           0.000394435375027058290897663539453787961974740028381347656250        0.71762E-03
     22     18    2.0    2.0           0.000310315334086517754293849113977898923621978610754013061523        0.56457E-03
     21      2    0.0    2.0           0.002381752108794946577036144574890386138577014207839965820312        0.43332E-02
     21     17    0.0    2.0           0.000000048516368461653788612378859464516200894479425187455490        0.88268E-07
      4      3    6.0    4.0           0.007424295058858013107716544709546724334359169006347656250000        0.13507E-01
      4     12    6.0    5.0           0.002186126059646111875756080422661398188211023807525634765625        0.39773E-02
      4     19    6.0    4.0           0.000000019179965157025385562258618533243437198620995332021266        0.34895E-07
      4     20    6.0    4.0           0.000000000000497654599258262474422530211826571443071466627206        0.90541E-12
      4     10    6.0    3.0           0.000000083524515081274984522323619456213306122549511201214045        0.15196E-06
     23      2    3.0    2.0           0.000000066564140069577540823461605113547934209350387391168624        0.12110E-06
     23      3    3.0    4.0           0.000000010098454700739598582000933332455949731354394316440448        0.18373E-07
     23     10    3.0    3.0           0.000000003496773802281027553908032616905056377820670832079486        0.63619E-08
     23     17    3.0    2.0           0.000000004801517098661532108705893951783663653465339393733302        0.87357E-08
     20      2    4.0    2.0           0.000358060202213274225702122066650190390646457672119140625000        0.65144E-03
     20      3    4.0    4.0           0.000321947108630231816454869697707863451796583831310272216797        0.58574E-03
     20     12    4.0    5.0           0.000010493708112142064150444469017298132484938832931220531464        0.19092E-04
     19      2    4.0    2.0           0.009213738043879361044874443109620187897235155105590820312500        0.16763E-01
     19      3    4.0    4.0           0.072015720119195242299170445221534464508295059204101562500000        0.13102E+00
     19     10    4.0    3.0           0.054671852160079727200869825765039422549307346343994140625000        0.99467E-01
     19     17    4.0    2.0           0.000468300131299447441792643820335229065676685422658920288086        0.85200E-03
     18      1    2.0    0.0           0.005277100794893664625906382070752442814409732818603515625000        0.96009E-02
     18      2    2.0    2.0           0.010247937470283933689141342426864866865798830986022949218750        0.18645E-01
     12      2    5.0    2.0           0.000003518008394260949448732050948152050295902881771326065063        0.64005E-05
     12      3    5.0    4.0           0.021448825836762993451989345317088009323924779891967773437500        0.39023E-01
     12     10    5.0    3.0           0.002291192981550406546770171090088297205511480569839477539062        0.41685E-02
     11      1    1.0    0.0           0.000569355101610813309383207769798218578216619789600372314453        0.10359E-02
     11      2    1.0    2.0           0.000277250464716816396454346360656018077861517667770385742188        0.50442E-03
     11      3    1.0    4.0           0.000000000000854310958924450078872362907065195433719585749177        0.15543E-11
     11     10    1.0    3.0           0.000000629831210115591956864692941425731831373013847041875124        0.11459E-05
     17      1    2.0    0.0           0.048751771456326309372997229729662649333477020263671875000000        0.88697E-01
     17      2    2.0    2.0           0.048973968421873369238905837619313388131558895111083984375000        0.89101E-01
     17      3    2.0    4.0           0.000001520811342959073351872281883168103178149976884014904499        0.27669E-05
     17     16    2.0    0.0           0.000000000022644854842028138892865428573162754274927799258421        0.41199E-10
     16      2    0.0    2.0           0.002885549000686003177224003835021903796587139368057250976562        0.52498E-02
      3      2    4.0    2.0           0.310443256621881602530521604421664960682392120361328125000000        0.56481E+00
      3     10    4.0    3.0           0.000042683381690959577966972687823599130751972552388906478882        0.77656E-04
     10      1    3.0    0.0           0.000004497225630928591970120623139139937052277673501521348953        0.81820E-05
     10      2    3.0    2.0           0.059754859430791930352544483184829005040228366851806640625000        0.10872E+00
      2      1    2.0    0.0           0.549646048421861266319865535479038953781127929687500000000000        0.10000E+01


                    CALCULATED INTERNAL CONVERSION COEFFICIENTS FOR E1,E2 AND M1

     NI     NF       II        IF         ENERGY(MEV)      ICC(E1)        ICC(E2)        ICC(M1)
      9      8       16.0      14.0         0.6912        .0000E+00      .5600E-02      .0000E+00
      8      7       14.0      12.0         0.7008        .0000E+00      .5423E-02      .0000E+00
      8     15       14.0      11.0         1.1904        .0000E+00      .0000E+00      .0000E+00
      7      6       12.0      10.0         0.7063        .0000E+00      .5326E-02      .0000E+00
      7     15       12.0      11.0         0.4896        .4462E-02      .1334E-01      .0000E+00
      7     14       12.0       9.0         1.2970        .0000E+00      .0000E+00      .0000E+00
     15      5       11.0       8.0         0.8998        .0000E+00      .0000E+00      .0000E+00
     15      6       11.0      10.0         0.2166        .3378E-01      .1575E+00      .0000E+00
     15     14       11.0       9.0         0.8074        .0000E+00      .3961E-02      .0000E+00
      6      5       10.0       8.0         0.6831        .0000E+00      .5758E-02      .0000E+00
      6     14       10.0       9.0         0.5908        .2971E-02      .8302E-02      .0000E+00
      6     13       10.0       7.0         1.2695        .0000E+00      .0000E+00      .0000E+00
     14      4        9.0       6.0         0.9014        .0000E+00      .0000E+00      .0000E+00
     14      5        9.0       8.0         0.0924        .3389E+00      .3068E+01      .0000E+00
     14     13        9.0       7.0         0.6787        .0000E+00      .5849E-02      .0000E+00
      5      4        8.0       6.0         0.8091        .0000E+00      .3941E-02      .0000E+00
      5     13        8.0       7.0         0.5863        .3017E-02      .8449E-02      .0000E+00
      5     12        8.0       5.0         1.1207        .0000E+00      .0000E+00      .0000E+00
     13      3        7.0       4.0         0.9484        .0000E+00      .0000E+00      .0000E+00
     13      4        7.0       6.0         0.2227        .3130E-01      .1431E+00      .0000E+00
     13     12        7.0       5.0         0.5344        .0000E+00      .1058E-01      .0000E+00
     22      1        2.0       0.0         1.9725        .0000E+00      .9345E-03      .0000E+00
     22      2        2.0       2.0         1.4222        .0000E+00      .1266E-02      .0000E+00
     22     10        2.0       3.0         0.8110        .1542E-02      .3919E-02      .0000E+00
     22     18        2.0       2.0         0.3082        .0000E+00      .5124E-01      .0000E+00
     21      2        0.0       2.0         1.3707        .0000E+00      .1341E-02      .0000E+00
     21     17        0.0       2.0         0.4669        .0000E+00      .1529E-01      .0000E+00
      4      3        6.0       4.0         0.7256        .0000E+00      .5007E-02      .0000E+00
      4     12        6.0       5.0         0.3116        .1324E-01      .4935E-01      .0000E+00
      4     19        6.0       4.0         0.1724        .0000E+00      .3374E+00      .0000E+00
      4     20        6.0       4.0         0.0111        .0000E+00      .1098E+03      .0000E+00
      4     10        6.0       3.0         0.7444        .0000E+00      .0000E+00      .0000E+00
     23      2        3.0       2.0         1.3535        .0000E+00      .1370E-02      .0000E+00
     23      3        3.0       4.0         0.7235        .0000E+00      .5040E-02      .0000E+00
     23     10        3.0       3.0         0.7422        .1832E-02      .4760E-02      .0000E+00
     23     17        3.0       2.0         0.4497        .0000E+00      .1710E-01      .0000E+00
     20      2        4.0       2.0         1.3446        .0000E+00      .1385E-02      .0000E+00
     20      3        4.0       4.0         0.7146        .0000E+00      .5185E-02      .0000E+00
     20     12        4.0       5.0         0.3006        .1463E-01      .5584E-01      .0000E+00
     19      2        4.0       2.0         1.1832        .0000E+00      .1752E-02      .0000E+00
     19      3        4.0       4.0         0.5532        .0000E+00      .9704E-02      .0000E+00
     19     10        4.0       3.0         0.5719        .3173E-02      .8958E-02      .0000E+00
     19     17        4.0       2.0         0.2793        .0000E+00      .6924E-01      .0000E+00
     18      1        2.0       0.0         1.6643        .0000E+00      .1038E-02      .0000E+00
     18      2        2.0       2.0         1.1140        .0000E+00      .1974E-02      .0000E+00
     12      2        5.0       2.0         1.0440        .0000E+00      .0000E+00      .0000E+00
     12      3        5.0       4.0         0.4140        .6576E-02      .2114E-01      .0000E+00
     12     10        5.0       3.0         0.4327        .0000E+00      .1885E-01      .0000E+00
     11      1        1.0       0.0         1.4651        .7023E-03      .1214E-02      .0000E+00
     11      2        1.0       2.0         0.9149        .1209E-02      .2987E-02      .0000E+00
     11      3        1.0       4.0         0.2849        .0000E+00      .0000E+00      .0000E+00
     11     10        1.0       3.0         0.3036        .0000E+00      .5393E-01      .0000E+00
     17      1        2.0       0.0         1.4541        .0000E+00      .1226E-02      .0000E+00
     17      2        2.0       2.0         0.9039        .0000E+00      .3065E-02      .0000E+00
     17      3        2.0       4.0         0.2739        .0000E+00      .7349E-01      .0000E+00
     17     16        2.0       0.0         0.0297        .0000E+00      .9767E+02      .0000E+00
     16      2        0.0       2.0         0.8742        .0000E+00      .3297E-02      .0000E+00
      3      2        4.0       2.0         0.6300        .0000E+00      .7040E-02      .0000E+00
      3     10        4.0       3.0         0.0187        .4435E+01      .1196E+03      .0000E+00
     10      1        3.0       0.0         1.1615        .0000E+00      .0000E+00      .0000E+00
     10      2        3.0       2.0         0.6113        .2759E-02      .7620E-02      .0000E+00
      2      1        2.0       0.0         0.5503        .0000E+00      .9832E-02      .0000E+00
               ********* END OF EXECUTION **********
