1
 *****************************************************************************************************************************
 *****************************************************************************************************************************
 **************************************************                         **************************************************
 **************************************************          GOSIA          **************************************************
 **************************************************                         **************************************************
 *****************************************************************************************************************************
 *****************************************************************************************************************************





                    ROCHESTER COULOMB EXCITATION DATA ANALYSIS CODE BY T.CZOSNYKA,D.CLINE AND C.Y.WU
                                                  VERSION: 20081208.18






               Coulomb excitation of 148Sm on a 208Pb target                              
          ----------------------------------------------------------------------------------------------------

                                        LEVELS

     INDEX     PARITY         SPIN           ENERGY(MEV)
       1           +           0.0            0.0000
       2           +           2.0            0.5503
       3           +           4.0            1.1803
       4           +           6.0            1.9059
       5           +           8.0            2.7150
       6           +          10.0            3.3981
       7           +          12.0            4.1044
       8           +          14.0            4.8052
       9           +          16.0            5.4964
      10           -           3.0            1.1615
      11           -           1.0            1.4651
      12           -           5.0            1.5943
      13           -           7.0            2.1286
      14           -           9.0            2.8074
      15           -          11.0            3.6148
      16           +           0.0            1.4245
      17           +           2.0            1.4541
      18           +           2.0            1.6643
      19           +           4.0            1.7335
      20           +           4.0            1.8948
      21           +           0.0            1.9210
      22           +           2.0            1.9725
      23           +           3.0            1.9038

                                        MATRIX ELEMENTS


     MULTIPOLARITY=1
    INDEX   NF     NS          ME
       1      1     11        0.00859
       2      2     10        0.01487
       3      2     11        0.01214
       4      3     10        0.01717
       5      3     12        0.01920
       6      4     12        0.02103
       7      4     13        0.02272
       8      5     13        0.02429
       9      5     14        0.02576
      10      6     14        0.02716
      11      6     15        0.02848
      12      7     15        0.02975
      13     10     19        0.01100
      14     10     22        0.00260
      15     10     23        0.00120
      16     12     20        0.00650
     MULTIPOLARITY=2
    INDEX   NF     NS          ME
      17      1      2        0.84683
      18      1     17        0.27559
      19      1     18        0.17343
      20      1     22        0.03700
      21      2      2       -1.01215
      22      2      3        1.35795
      23      2     16        0.12000
      24      2     17        0.83253
      25      2     18        0.32401
      26      2     19        0.14612
      27      2     20        0.34000
      28      2     21        0.15000
      29      2     22        0.13000
      30      2     23        0.12000
      31      3      3       -1.29475
      32      3      4        1.71279
      33      3     17        0.10000
      34      3     19        2.34030
      35      3     20        1.20000
      36      3     23        0.15000
      37      4      4       -1.54046
      38      4      5        2.00396
      39      4     19        0.10000
      40      4     20        0.10000
      41      5      5       -1.75494
      42      5      6        2.25728
      43      6      6       -1.94697
      44      6      7        2.48464
      45      7      7       -2.12218
      46      7      8        2.69274
      47      8      8       -2.28424
      48      8      9        2.88579
      49      9      9       -2.43569
      50     10     10       -1.15699
      51     10     11        1.13614
      52     10     12        1.54609
      53     11     11       -0.92765
      54     12     12       -1.42219
      55     12     13        1.86420
      56     13     13       -1.65097
      57     13     14        2.13443
      58     14     14       -1.85336
      59     14     15        2.37371
      60     15     15       -2.03642
      61     16     17        0.10000
      62     17     17        1.01215
      63     17     19        1.21632
      64     17     21        0.01000
      65     17     23        0.12000
      66     18     18        0.60000
      67     18     22        1.00000
      68     19     19        0.90000
      69     20     20       -0.50000
      70     22     22        0.00000
      71     23     23        0.00000
     MULTIPOLARITY=3
    INDEX   NF     NS          ME
      72      1     10        0.60945
      73      2     10       -0.70373
      74      2     11       -0.69105
      75      2     12        0.94039
      76      3     10       -0.77960
      77      3     11        0.79795
      78      3     12       -0.85714
      79      3     13        1.16774
      80      4     10        1.06091
      81      4     12       -0.93094
      82      4     13       -1.00053
      83      4     14        1.35472
      84      5     12        1.26490
      85      5     13       -1.06622
      86      5     14       -1.12847
      87      5     15        1.51787
      88      6     13        1.43870
      89      6     14       -1.18771
      90      6     15       -1.24429
      91      7     14        1.59301
      92      7     15       -1.29852
      93      8     15        1.73332
     MULTIPOLARITY=7
    INDEX   NF     NS          ME
      94      2     17        0.27109
      95      2     18       -0.53392
      96      2     22       -0.27000
      97      2     23       -0.15000
      98      3     19        0.65190
      99      3     20        0.60000
     100      3     23        0.18000
     101     17     23        0.28000
     102     18     22        0.90000



     *****  RESTART-MATRIX ELEMENTS OVERWRITTEN  *****




                                        MATRIX ELEMENTS


     MULTIPOLARITY=1
    INDEX   NF     NS          ME               LIMITS
       1      1     11        0.00859     FIXED
       2      2     10        0.01487     FIXED
       3      2     11        0.01214     FIXED
       4      3     10        0.01717     FIXED
       5      3     12        0.01920     FIXED
       6      4     12        0.02103     FIXED
       7      4     13        0.02272     FIXED
       8      5     13        0.02429     FIXED
       9      5     14        0.02576     FIXED
      10      6     14        0.02716     FIXED
      11      6     15        0.02848     FIXED
      12      7     15        0.02975     FIXED
      13     10     19        0.01100     FIXED
      14     10     22        0.00260     FIXED
      15     10     23        0.00120     FIXED
      16     12     20        0.00650     FIXED
     MULTIPOLARITY=2
    INDEX   NF     NS          ME               LIMITS
      17      1      2        0.84683     FIXED
      18      1     17        0.27559     FIXED
      19      1     18        0.17343     FIXED
      20      1     22        0.03700     FIXED
      21      2      2       -1.01215     FIXED
      22      2      3        1.35795     FIXED
      23      2     16        0.12000     FIXED
      24      2     17        0.83253     FIXED
      25      2     18        0.32401     FIXED
      26      2     19        0.14612     FIXED
      27      2     20        0.34000     FIXED
      28      2     21        0.15000     FIXED
      29      2     22        0.13000     FIXED
      30      2     23        0.12000     FIXED
      31      3      3       -1.29475     FIXED
      32      3      4        1.71279     FIXED
      33      3     17        0.10000     FIXED
      34      3     19        2.34030     FIXED
      35      3     20        1.20000     FIXED
      36      3     23        0.15000     FIXED
      37      4      4       -1.54046     FIXED
      38      4      5        2.00396     FIXED
      39      4     19        0.10000     FIXED
      40      4     20        0.10000     FIXED
      41      5      5       -1.75494     FIXED
      42      5      6        2.25728     FIXED
      43      6      6       -1.94697     FIXED
      44      6      7        2.48464     FIXED
      45      7      7       -2.12218     FIXED
      46      7      8        2.69274     FIXED
      47      8      8       -2.28424     FIXED
      48      8      9        2.88579     FIXED
      49      9      9       -2.43569     FIXED
      50     10     10       -1.15699     FIXED
      51     10     11        1.13614     FIXED
      52     10     12        1.54609     FIXED
      53     11     11       -0.92765     FIXED
      54     12     12       -1.42219     FIXED
      55     12     13        1.86420     FIXED
      56     13     13       -1.65097     FIXED
      57     13     14        2.13443     FIXED
      58     14     14       -1.85336     FIXED
      59     14     15        2.37371     FIXED
      60     15     15       -2.03642     FIXED
      61     16     17        0.10000     FIXED
      62     17     17        1.01215     FIXED
      63     17     19        1.21632     FIXED
      64     17     21        0.01000     FIXED
      65     17     23        0.12000     FIXED
      66     18     18        0.60000     FIXED
      67     18     22        1.00000     FIXED
      68     19     19        0.90000     FIXED
      69     20     20       -0.50000     FIXED
      70     22     22        0.00000     FIXED
      71     23     23        0.00000     FIXED
     MULTIPOLARITY=3
    INDEX   NF     NS          ME               LIMITS
      72      1     10        0.60945     FIXED
      73      2     10       -0.70373     FIXED
      74      2     11       -0.69105     FIXED
      75      2     12        0.94039     FIXED
      76      3     10       -0.77960     FIXED
      77      3     11        0.79795     FIXED
      78      3     12       -0.85714     FIXED
      79      3     13        1.16774     FIXED
      80      4     10        1.06091     FIXED
      81      4     12       -0.93094     FIXED
      82      4     13       -1.00053     FIXED
      83      4     14        1.35472     FIXED
      84      5     12        1.26490     FIXED
      85      5     13       -1.06622     FIXED
      86      5     14       -1.12847     FIXED
      87      5     15        1.51787     FIXED
      88      6     13        1.43870     FIXED
      89      6     14       -1.18771     FIXED
      90      6     15       -1.24429     FIXED
      91      7     14        1.59301     FIXED
      92      7     15       -1.29852     FIXED
      93      8     15        1.73332     FIXED
     MULTIPOLARITY=7
    INDEX   NF     NS          ME               LIMITS
      94      2     17        0.27109     FIXED
      95      2     18       -0.53392     FIXED
      96      2     22       -0.27000     FIXED
      97      2     23       -0.15000     FIXED
      98      3     19        0.65190     FIXED
      99      3     20        0.60000     FIXED
     100      3     23        0.18000     FIXED
     101     17     23        0.28000     FIXED
     102     18     22        0.90000     FIXED


                                                  CALCULATED YIELDS

     EXPERIMENT  1  DETECTOR  1
     ENERGY    650.100 MEV  THETA  29.000 DEG

     NI     NF     II     IF     YIELD     NORMALIZED YIELD

      9      8   16.0   14.0           0.000000000861898757349634269073308329373386826866010324010858        0.84911E-12
      8      7   14.0   12.0           0.000000121842315988791790275694152702323780346205239766277373        0.12003E-09
      8     15   14.0   11.0           0.000000000047141886803941853426575919319276388765038721118117        0.46442E-13
      7      6   12.0   10.0           0.000003271913376012009860128266700018961898877023486420512199        0.32234E-08
      7     15   12.0   11.0           0.000004066223712738149154600087592514867651516397017985582352        0.40059E-08
      7     14   12.0    9.0           0.000000002202117546228455817234568323362275954480082873487845        0.21694E-11
     15      5   11.0    8.0           0.000000002634681971411641754586450633619093553150491970882285        0.25956E-11
     15      6   11.0   10.0           0.000005502114402962711978747195606942455015087034553289413452        0.54205E-08
     15     14   11.0    9.0           0.000099392257573326111652449454947344520405749790370464324951        0.97917E-07
      6      5   10.0    8.0           0.000092360567603191529354421385189510829150094650685787200928        0.90990E-07
      6     14   10.0    9.0           0.000240418303693731974296152187342556771909585222601890563965        0.23685E-06
      6     13   10.0    7.0           0.000000062425057091342576974908823786436506964037107536569238        0.61499E-10
     14      4    9.0    6.0           0.000000493362239981093845435713984848291602247627452015876770        0.48604E-09
     14      5    9.0    8.0           0.000080986877771667078627568225890343001083238050341606140137        0.79785E-07
     14     13    9.0    7.0           0.007827251062012364341002879086772736627608537673950195312500        0.77111E-05
      5      4    8.0    6.0           0.008020161279481590257955936351663694949820637702941894531250        0.79011E-05
      5     13    8.0    7.0           0.008891199683262155858964881360861909342929720878601074218750        0.87592E-05
      5     12    8.0    5.0           0.000000953481732863948799022561515076334970331117801833897829        0.93933E-09
     13      3    7.0    4.0           0.000052738962566556832009274230488315993170544970780611038208        0.51956E-07
     13      4    7.0    6.0           0.089061262441898228492398459366086171939969062805175781250000        0.87740E-04
     13     12    7.0    5.0           0.182172571384181525289136516221333295106887817382812500000000        0.17947E-03
     22      1    2.0    0.0           0.024150305236317851087513020047481404617428779602050781250000        0.23792E-04
     22      2    2.0    2.0           0.235927411590491020731974458612967282533645629882812500000000        0.23243E-03
     22     10    2.0    3.0           0.027646403779438898790088430246214556973427534103393554687500        0.27236E-04
     22     18    2.0    2.0           0.021750338758329740285191178372770082205533981323242187500000        0.21428E-04
     21      2    0.0    2.0           0.038506798898913563444779128985828720033168792724609375000000        0.37935E-04
     21     17    0.0    2.0           0.000000784384754718961803854880045216990680501112365163862705        0.77274E-09
      4      3    6.0    4.0           1.234794560992883649674922708072699606418609619140625000000000        0.12165E-02
      4     12    6.0    5.0           0.363592306972648826590699400185258127748966217041015625000000        0.35820E-03
      4     19    6.0    4.0           0.000003189975138133971574574748383823497022149240365251898766        0.31426E-08
      4     20    6.0    4.0           0.000000000003499790398746978288757224494979263472969888137953        0.34478E-14
      4     10    6.0    3.0           0.000013891637672572593824294427677923380315405665896832942963        0.13685E-07
     23      2    3.0    2.0           0.014226285169464442451059404959323728689923882484436035156250        0.14015E-04
     23      3    3.0    4.0           0.002158271648870895183247586857078204047866165637969970703125        0.21262E-05
     23     10    3.0    3.0           0.000747340853984807223890640681673858125577680766582489013672        0.73625E-06
     23     17    3.0    2.0           0.001026194455756785414018983360051606723573058843612670898438        0.10110E-05
     20      2    4.0    2.0           0.694192746682028682947418474213918671011924743652343750000000        0.68389E-03
     20      3    4.0    4.0           0.624178130506771733365667387261055409908294677734375000000000        0.61491E-03
     20     12    4.0    5.0           0.020344780045977770011056406929128570482134819030761718750000        0.20043E-04
     19      2    4.0    2.0           0.274852311157144091335879920734441839158535003662109375000000        0.27077E-03
     19      3    4.0    4.0           2.148279777452072103471891750814393162727355957031250000000000        0.21164E-02
     19     10    4.0    3.0           1.630899950690670952013761052512563765048980712890625000000000        0.16067E-02
     19     17    4.0    2.0           0.013969723557351491211031557782007439527660608291625976562500        0.13762E-04
     18      1    2.0    0.0           1.751606704748212006705898602376691997051239013671875000000000        0.17256E-02
     18      2    2.0    2.0           3.401556400089848164469685798394493758678436279296875000000000        0.33511E-02
     12      2    5.0    2.0           0.000562573898082542600551647637985297478735446929931640625000        0.55422E-06
     12      3    5.0    4.0           3.429937682913407392959470598725602030754089355468750000000000        0.33790E-02
     12     10    5.0    3.0           0.366390645625778055283205958403414115309715270996093750000000        0.36095E-03
     11      1    1.0    0.0           0.236950093372293807414408206568623427301645278930664062500000        0.23343E-03
     11      2    1.0    2.0           0.115384095648391013511080416265031090006232261657714843750000        0.11367E-03
     11      3    1.0    4.0           0.000000000355540963650649892305065027800839438931745917216176        0.35026E-12
     11     10    1.0    3.0           0.000262118603352196478505770071976144208747427910566329956055        0.25823E-06
     17      1    2.0    0.0          12.138818224258983491381513886153697967529296875000000000000000        0.11959E-01
     17      2    2.0    2.0          12.194143569250270431325589015614241361618041992187500000000000        0.12013E-01
     17      3    2.0    4.0           0.000378670392769405708601609950036959162389393895864486694336        0.37305E-06
     17     16    2.0    0.0           0.000000005638395660932238331369722024411991756487338989245472        0.55547E-11
     16      2    0.0    2.0           0.186727011737363168819570091727655380964279174804687500000000        0.18396E-03
      3      2    4.0    2.0          70.798474195420382670818071346729993820190429687500000000000000        0.69748E-01
      3     10    4.0    3.0           0.009734204988389760435096853541381278773769736289978027343750        0.95897E-05
     10      1    3.0    0.0           0.000825754722998842593736923411995576316257938742637634277344        0.81350E-06
     10      2    3.0    2.0          10.971843853633824750204439624212682247161865234375000000000000        0.10809E-01
      2      1    2.0    0.0        1015.064589250847234325192403048276901245117187500000000000000000        0.10000E+01


                                                  CALCULATED YIELDS

     EXPERIMENT  2  DETECTOR  1
     ENERGY    650.100 MEV  THETA  37.000 DEG

     NI     NF     II     IF     YIELD     NORMALIZED YIELD

      9      8   16.0   14.0           0.000000086799390454476156969202912429273144567787312553264201        0.10061E-09
      8      7   14.0   12.0           0.000006035032063651336760301806955153480771514296066015958786        0.69954E-08
      8     15   14.0   11.0           0.000000002335008129925748471562361291940790319898724192171358        0.27066E-11
      7      6   12.0   10.0           0.000078390396308229316085260107715981803266913630068302154541        0.90865E-07
      7     15   12.0   11.0           0.000097420943554433830306044095337369981280062347650527954102        0.11292E-06
      7     14   12.0    9.0           0.000000052759608011554056874714807145315687009201610635500401        0.61155E-10
     15      5   11.0    8.0           0.000000048539667118524499358408341590301326995415820420021191        0.56264E-10
     15      6   11.0   10.0           0.000101367377340330308034543893569434658274985849857330322266        0.11750E-06
     15     14   11.0    9.0           0.001831138311612988834459203602023080748040229082107543945312        0.21225E-05
      6      5   10.0    8.0           0.001078110233483980159169268731034208030905574560165405273438        0.12497E-05
      6     14   10.0    9.0           0.002806364666820381024298081129586535098496824502944946289062        0.32529E-05
      6     13   10.0    7.0           0.000000728677774752788947323293555075052196912110957782715559        0.84463E-09
     14      4    9.0    6.0           0.000004426381105601358716724724046143180089529778342694044113        0.51308E-08
     14      5    9.0    8.0           0.000726603611950300582074391275710922855068929493427276611328        0.84223E-06
     14     13    9.0    7.0           0.070225066699505372946887860052811447530984878540039062500000        0.81400E-04
      5      4    8.0    6.0           0.050074035088321526554278051435176166705787181854248046875000        0.58042E-04
      5     13    8.0    7.0           0.055512380537280262005062070329586276784539222717285156250000        0.64346E-04
      5     12    8.0    5.0           0.000005953081999691297726822348385100625023369502741843461990        0.69004E-08
     13      3    7.0    4.0           0.000235648064987574760650868022082704555941745638847351074219        0.27315E-06
     13      4    7.0    6.0           0.397943249894194217564091786698554642498493194580078125000000        0.46127E-03
     13     12    7.0    5.0           0.813982904694363074149521253275452181696891784667968750000000        0.94351E-03
     22      1    2.0    0.0           0.054179863009477392810087081898018368519842624664306640625000        0.62802E-04
     22      2    2.0    2.0           0.529289990957576672592210798029555007815361022949218750000000        0.61352E-03
     22     10    2.0    3.0           0.062023165124312773510695251388824544847011566162109375000000        0.71893E-04
     22     18    2.0    2.0           0.048795672054855757093783097388950409367680549621582031250000        0.56561E-04
     21      2    0.0    2.0           0.141903193021245793703499771254428196698427200317382812500000        0.16448E-03
     21     17    0.0    2.0           0.000002890572689358185923160903668671650734722788911312818527        0.33506E-08
      4      3    6.0    4.0           4.099550338333773247256885952083393931388854980468750000000000        0.47519E-02
      4     12    6.0    5.0           1.207135998288439315828668441099580377340316772460937500000000        0.13992E-02
      4     19    6.0    4.0           0.000010590801150191345202447590345684602652909234166145324707        0.12276E-07
      4     20    6.0    4.0           0.000000000011619395943681318794011844957114547825793859914256        0.13468E-13
      4     10    6.0    3.0           0.000046120601531329045975025893167043022913276217877864837646        0.53460E-07
     23      2    3.0    2.0           0.034603303258259610064584421706967987120151519775390625000000        0.40110E-04
     23      3    3.0    4.0           0.005249671821557832206150973064495701692067086696624755859375        0.60851E-05
     23     10    3.0    3.0           0.001817794448773624562190609488254722236888483166694641113281        0.21071E-05
     23     17    3.0    2.0           0.002496063978157518278844229087098938180133700370788574218750        0.28933E-05
     20      2    4.0    2.0           1.505953701284568735374591597064863890409469604492187500000000        0.17456E-02
     20      3    4.0    4.0           1.354066821340773385529132610827218741178512573242187500000000        0.15695E-02
     20     12    4.0    5.0           0.044135143961817231705868636026934836991131305694580078125000        0.51158E-04
     19      2    4.0    2.0           0.884663218467783840637252978922333568334579467773437500000000        0.10254E-02
     19      3    4.0    4.0           6.914637516012771989437624142738059163093566894531250000000000        0.80150E-02
     19     10    4.0    3.0           5.249354438035100933745980000821873545646667480468750000000000        0.60847E-02
     19     17    4.0    2.0           0.044964150206057158787320560122680035419762134552001953125000        0.52119E-04
     18      1    2.0    0.0           2.420835902928895055907787536852993071079254150390625000000000        0.28061E-02
     18      2    2.0    2.0           4.701175119307827721115700114751234650611877441406250000000000        0.54493E-02
     12      2    5.0    2.0           0.001315362389203493910863618232554017595248296856880187988281        0.15247E-05
     12      3    5.0    4.0           8.019588254615605649178178282454609870910644531250000000000000        0.92958E-02
     12     10    5.0    3.0           0.856663411961965604035640353686176240444183349609375000000000        0.99299E-03
     11      1    1.0    0.0           0.428769844077758810474421125036315061151981353759765625000000        0.49700E-03
     11      2    1.0    2.0           0.208791733297534282121077353622240480035543441772460937500000        0.24202E-03
     11      3    1.0    4.0           0.000000000643364353135006643114186058275217119928335307577072        0.74574E-12
     11     10    1.0    3.0           0.000474313181690193784445508384806089452467858791351318359375        0.54979E-06
     17      1    2.0    0.0          15.397812474644000602097548835445195436477661132812500000000000        0.17848E-01
     17      2    2.0    2.0          15.467991405700759699470836494583636522293090820312500000000000        0.17929E-01
     17      3    2.0    4.0           0.000480334707204912699299304001954169507371261715888977050781        0.55677E-06
     17     16    2.0    0.0           0.000000007152175561157716689887281973992197436906792518129805        0.82903E-11
     16      2    0.0    2.0           0.559267508442420679948270390013931319117546081542968750000000        0.64826E-03
      3      2    4.0    2.0         123.251999737218298491825407836586236953735351562500000000000000        0.14287E+00
      3     10    4.0    3.0           0.016946131174514073025605398470361251384019851684570312500000        0.19643E-04
     10      1    3.0    0.0           0.001107721354335103889146574296376002166653051972389221191406        0.12840E-05
     10      2    3.0    2.0          14.718348432767704991874779807403683662414550781250000000000000        0.17061E-01
      2      1    2.0    0.0         862.714493699965373707527760416269302368164062500000000000000000        0.10000E+01


                                                  CALCULATED YIELDS

     EXPERIMENT  3  DETECTOR  1
     ENERGY    650.100 MEV  THETA  45.000 DEG

     NI     NF     II     IF     YIELD     NORMALIZED YIELD

      9      8   16.0   14.0           0.000001762532686680765087864123340233302172919138683937489986        0.27012E-08
      8      7   14.0   12.0           0.000074505202193895977156104515337631255533779039978981018066        0.11419E-06
      8     15   14.0   11.0           0.000000028826732154800311536914158650271589046099052211502567        0.44180E-10
      7      6   12.0   10.0           0.000576217748728494964099988706607291533146053552627563476562        0.88311E-06
      7     15   12.0   11.0           0.000716104005307198650254196792275251937098801136016845703125        0.10975E-05
      7     14   12.0    9.0           0.000000387815650691181622184826880209151944711720716441050172        0.59436E-09
     15      5   11.0    8.0           0.000000302634289947438060409078391249648731786692223977297544        0.46381E-09
     15      6   11.0   10.0           0.000632003598012260275895712879901111591607332229614257812500        0.96860E-06
     15     14   11.0    9.0           0.011416749961992586626102763602830236777663230895996093750000        0.17497E-04
      6      5   10.0    8.0           0.004635317337324747904991895097737142350524663925170898437500        0.71040E-05
      6     14   10.0    9.0           0.012065919041442245071560357416728948010131716728210449218750        0.18492E-04
      6     13   10.0    7.0           0.000003132938189186578530981636472874107823827216634526848793        0.48015E-08
     14      4    9.0    6.0           0.000016948248602681170038456240356516957490384811535477638245        0.25975E-07
     14      5    9.0    8.0           0.002782105371667206988178788762411386414896696805953979492188        0.42638E-05
     14     13    9.0    7.0           0.268885995165883240343163151919725351035594940185546875000000        0.41209E-03
      5      4    8.0    6.0           0.138317292771109684457186972394993063062429428100585937500000        0.21198E-03
      5     13    8.0    7.0           0.153339393912495292049413819768233224749565124511718750000000        0.23501E-03
      5     12    8.0    5.0           0.000016443935153006360530038298950472608339623548090457916260        0.25202E-07
     13      3    7.0    4.0           0.000555229363302073178169926404024181465501897037029266357422        0.85094E-06
     13      4    7.0    6.0           0.937626104762462109221132777747698128223419189453125000000000        0.14370E-02
     13     12    7.0    5.0           1.917890604941116405868228866893332451581954956054687500000000        0.29393E-02
     22      1    2.0    0.0           0.082985680751396312393453058575687464326620101928710937500000        0.12718E-03
     22      2    2.0    2.0           0.810697697903584479917071803356520831584930419921875000000000        0.12425E-02
     22     10    2.0    3.0           0.094999032745745656813873836199491051957011222839355468750000        0.14559E-03
     22     18    2.0    2.0           0.074738876000586429437788638097117654979228973388671875000000        0.11454E-03
     21      2    0.0    2.0           0.294006199615369834265976578535628505051136016845703125000000        0.45059E-03
     21     17    0.0    2.0           0.000005988915915253155894111374013544235594963538460433483124        0.91786E-08
      4      3    6.0    4.0           7.583514153967321647087374003604054450988769531250000000000000        0.11622E-01
      4     12    6.0    5.0           2.233009031059867588453471398679539561271667480468750000000000        0.34223E-02
      4     19    6.0    4.0           0.000019591292653079842462368956312879220149625325575470924377        0.30025E-07
      4     20    6.0    4.0           0.000000000021494028936664232178829325906062157076209517825305        0.32942E-13
      4     10    6.0    3.0           0.000085315755543198458932946381949591341253835707902908325195        0.13075E-06
     23      2    3.0    2.0           0.049376009790198814586315023689166991971433162689208984375000        0.75673E-04
     23      3    3.0    4.0           0.007490841129298802386626832117144658695906400680541992187500        0.11480E-04
     23     10    3.0    3.0           0.002593840126456465125515116199039766797795891761779785156250        0.39753E-05
     23     17    3.0    2.0           0.003561673823525798344979964582535103545524179935455322265625        0.54586E-05
     20      2    4.0    2.0           2.141114793425022533313040185021236538887023925781250000000000        0.32815E-02
     20      3    4.0    4.0           1.925167088460765896229531790595501661300659179687500000000000        0.29505E-02
     20     12    4.0    5.0           0.062749877081867397321524038034112891182303428649902343750000        0.96170E-04
     19      2    4.0    2.0           1.840547074302680385926578310318291187286376953125000000000000        0.28208E-02
     19      3    4.0    4.0          14.385944373276011276630015345290303230285644531250000000000000        0.22048E-01
     19     10    4.0    3.0          10.921313050221652218851886573247611522674560546875000000000000        0.16738E-01
     19     17    4.0    2.0           0.093548181254331799761025934003555448725819587707519531250000        0.14337E-03
     18      1    2.0    0.0           2.644120940370809691444264899473637342453002929687500000000000        0.40524E-02
     18      2    2.0    2.0           5.134786526535242145996562612708657979965209960937500000000000        0.78695E-02
     12      2    5.0    2.0           0.001978254680451691557147020361639988550450652837753295898438        0.30319E-05
     12      3    5.0    4.0          12.061153739993672573405092407483607530593872070312500000000000        0.18485E-01
     12     10    5.0    3.0           1.288388977969549431534801442467141896486282348632812500000000        0.19746E-02
     11      1    1.0    0.0           0.564771526928568023961929611687082797288894653320312500000000        0.86556E-03
     11      2    1.0    2.0           0.275018468890096845491655130899744108319282531738281250000000        0.42149E-03
     11      3    1.0    4.0           0.000000000847433356403611238064859061662080150223452790214651        0.12988E-11
     11     10    1.0    3.0           0.000624760774493593852921269338196452736156061291694641113281        0.95750E-06
     17      1    2.0    0.0          15.051583597990591201210008875932544469833374023437500000000000        0.23068E-01
     17      2    2.0    2.0          15.120184514475182524506635672878473997116088867187500000000000        0.23173E-01
     17      3    2.0    4.0           0.000469534098588132850146670271840321220224723219871520996094        0.71960E-06
     17     16    2.0    0.0           0.000000006991354683890547663588442805744985197868857085268246        0.10715E-10
     16      2    0.0    2.0           1.035816404899434717279405049339402467012405395507812500000000        0.15875E-02
      3      2    4.0    2.0         153.700960094897595809015911072492599487304687500000000000000000        0.23556E+00
      3     10    4.0    3.0           0.021132611535473275893304290207197482232004404067993164062500        0.32388E-04
     10      1    3.0    0.0           0.001378923742169530257048459809254836727632209658622741699219        0.21133E-05
     10      2    3.0    2.0          18.321827975997809545560812694020569324493408203125000000000000        0.28080E-01
      2      1    2.0    0.0         652.490048464857522958482149988412857055664062500000000000000000        0.10000E+01


                                                  CALCULATED YIELDS

     EXPERIMENT  4  DETECTOR  1
     ENERGY    650.100 MEV  THETA  53.000 DEG

     NI     NF     II     IF     YIELD     NORMALIZED YIELD

      9      8   16.0   14.0           0.000012517496674413801442367691341139845917496131733059883118        0.27200E-07
      8      7   14.0   12.0           0.000370350065554370284914842414991653640754520893096923828125        0.80475E-06
      8     15   14.0   11.0           0.000000143291767942121274959340671874274963926154669024981558        0.31137E-09
      7      6   12.0   10.0           0.001958300631948858318287509661104195402003824710845947265625        0.42553E-05
      7     15   12.0   11.0           0.002433710050113294977303102228916031890548765659332275390625        0.52883E-05
      7     14   12.0    9.0           0.000001318008054253886601257079146110040568373733549378812313        0.28640E-08
     15      5   11.0    8.0           0.000000916277198389160602212254614490349879929453891236335039        0.19910E-08
     15      6   11.0   10.0           0.001913499247752528274399419494500307337148115038871765136719        0.41579E-05
     15     14   11.0    9.0           0.034566167871132487399155053253707592375576496124267578125000        0.75110E-04
      6      5   10.0    8.0           0.010313123074486323788034880521990999113768339157104492187500        0.22410E-04
      6     14   10.0    9.0           0.026845477671869680952321246536484977696090936660766601562500        0.58334E-04
      6     13   10.0    7.0           0.000006970477915215895191054090718196789566718507558107376099        0.15146E-07
     14      4    9.0    6.0           0.000036626183030655584606412322745683241009828634560108184814        0.79587E-07
     14      5    9.0    8.0           0.006012296783110273983019578025732698733918368816375732421875        0.13064E-04
     14     13    9.0    7.0           0.581078783076597216172842763626249507069587707519531250000000        0.12627E-02
      5      4    8.0    6.0           0.221431449148090014888978771523397881537675857543945312500000        0.48116E-03
      5     13    8.0    7.0           0.245480254314416751482141876294917892664670944213867187500000        0.53342E-03
      5     12    8.0    5.0           0.000026325011990026142008006898587169075653946492820978164673        0.57203E-07
     13      3    7.0    4.0           0.000847020219116608624222719559071492767543531954288482666016        0.18405E-05
     13      4    7.0    6.0           1.430378724896928632759340871416497975587844848632812500000000        0.31081E-02
     13     12    7.0    5.0           2.925803690888557628824173661996610462665557861328125000000000        0.63576E-02
     22      1    2.0    0.0           0.098776938623851548437748704145633382722735404968261718750000        0.21464E-03
     22      2    2.0    2.0           0.964964509819638216470139013836160302162170410156250000000000        0.20968E-02
     22     10    2.0    3.0           0.113076298728728513731667248976009432226419448852539062500000        0.24571E-03
     22     18    2.0    2.0           0.088960858074317389343477202601206954568624496459960937500000        0.19331E-03
     21      2    0.0    2.0           0.421071688869280758016344634597771801054477691650390625000000        0.91497E-03
     21     17    0.0    2.0           0.000008577244092916499047752829087976067512499867007136344910        0.18638E-07
      4      3    6.0    4.0           9.435783414435549687482307490427047014236450195312500000000000        0.20503E-01
      4     12    6.0    5.0           2.778420287979103786568657596944831311702728271484375000000000        0.60374E-02
      4     19    6.0    4.0           0.000024376455364901590089051278131826450135122286155819892883        0.52969E-07
      4     20    6.0    4.0           0.000000000026743933964159917420220073934104083532292683855758        0.58113E-13
      4     10    6.0    3.0           0.000106154083028038166941313391600232307609985582530498504639        0.23067E-06
     23      2    3.0    2.0           0.047675390964044064845417381093284348025918006896972656250000        0.10360E-03
     23      3    3.0    4.0           0.007232840016970189071787711299066359060816466808319091796875        0.15717E-04
     23     10    3.0    3.0           0.002504502543897027706798485979788893018849194049835205078125        0.54421E-05
     23     17    3.0    2.0           0.003439001910938141882284613259912475768942385911941528320312        0.74728E-05
     20      2    4.0    2.0           2.247346428131098861058490001596510410308837890625000000000000        0.48834E-02
     20      3    4.0    4.0           2.020684455169710957989082089625298976898193359375000000000000        0.43908E-02
     20     12    4.0    5.0           0.065863218804825138241731963262282079085707664489746093750000        0.14312E-03
     19      2    4.0    2.0           2.717665669739125711146243702387437224388122558593750000000000        0.59053E-02
     19      3    4.0    4.0          21.241612179270745741632708813995122909545898437500000000000000        0.46157E-01
     19     10    4.0    3.0          16.125899717238247887962643289938569068908691406250000000000000        0.35041E-01
     19     17    4.0    2.0           0.138128866254480731079468114330666139721870422363281250000000        0.30015E-03
     18      1    2.0    0.0           2.494381911175568511396249959943816065788269042968750000000000        0.54202E-02
     18      2    2.0    2.0           4.843998787642949999110442149685695767402648925781250000000000        0.10526E-01
     12      2    5.0    2.0           0.002202625821345928925493184991069028910715132951736450195312        0.47862E-05
     12      3    5.0    4.0          13.429114524762438165339517581742256879806518554687500000000000        0.29181E-01
     12     10    5.0    3.0           1.434516424429872705204047633742447942495346069335937500000000        0.31171E-02
     11      1    1.0    0.0           0.543761752401802134215813566697761416435241699218750000000000        0.11816E-02
     11      2    1.0    2.0           0.264787648555543930761757565051084384322166442871093750000000        0.57537E-03
     11      3    1.0    4.0           0.000000000815908424824062656746493331491251743692316722444957        0.17729E-11
     11     10    1.0    3.0           0.000601519370882717236380388126093521350412629544734954833984        0.13071E-05
     17      1    2.0    0.0          12.559799220926253227048619010020047426223754882812500000000000        0.27292E-01
     17      2    2.0    2.0          12.617043279786150478116724116262048482894897460937500000000000        0.27416E-01
     17      3    2.0    4.0           0.000391802893513001177731164270667818527726922184228897094727        0.85137E-06
     17     16    2.0    0.0           0.000000005833938372017573125485664768154203674299651538603939        0.12677E-10
     16      2    0.0    2.0           1.382333842728578288117091688036452978849411010742187500000000        0.30037E-02
      3      2    4.0    2.0         154.546264574698113847261993214488029479980468750000000000000000        0.33582E+00
      3     10    4.0    3.0           0.021248833914239092374165451815315464045852422714233398437500        0.46173E-04
     10      1    3.0    0.0           0.001596362310359543661836267958165080926846712827682495117188        0.34688E-05
     10      2    3.0    2.0          21.210944987977498499276407528668642044067382812500000000000000        0.46090E-01
      2      1    2.0    0.0         460.204772659534853573859436437487602233886718750000000000000000        0.10000E+01


                                                  CALCULATED YIELDS

     EXPERIMENT  5  DETECTOR  1
     ENERGY    650.100 MEV  THETA  61.000 DEG

     NI     NF     II     IF     YIELD     NORMALIZED YIELD

      9      8   16.0   14.0           0.000041965768024032523340026423763760021756752394139766693115        0.13375E-06
      8      7   14.0   12.0           0.000965417395505345260660334805180582407047040760517120361328        0.30768E-05
      8     15   14.0   11.0           0.000000373528664554077875291062055609914160925200121710076928        0.11904E-08
      7      6   12.0   10.0           0.003873438425884893638456718534257561259437352418899536132812        0.12345E-04
      7     15   12.0   11.0           0.004813778779303009604240148888720796094276010990142822265625        0.15342E-04
      7     14   12.0    9.0           0.000002606965937549730506100388593981875828831107355654239655        0.83085E-08
     15      5   11.0    8.0           0.000001652040223655279646859249560730820149956343811936676502        0.52651E-08
     15      6   11.0   10.0           0.003450023345313764540354117826836954918690025806427001953125        0.10995E-04
     15     14   11.0    9.0           0.062322515283718946110802505700121400877833366394042968750000        0.19862E-03
      6      5   10.0    8.0           0.014450041446291255961553723352608358254656195640563964843750        0.46053E-04
      6     14   10.0    9.0           0.037614043990580880993945811496814712882041931152343750000000        0.11988E-03
      6     13   10.0    7.0           0.000009766556071119551296708799492662933516839984804391860962        0.31126E-07
     14      4    9.0    6.0           0.000052589185449221592747598430506172917375806719064712524414        0.16760E-06
     14      5    9.0    8.0           0.008632671065890351949634329287164291599765419960021972656250        0.27512E-04
     14     13    9.0    7.0           0.834333729459228345959331818448845297098159790039062500000000        0.26590E-02
      5      4    8.0    6.0           0.240021161295993962214723183024034369736909866333007812500000        0.76495E-03
      5     13    8.0    7.0           0.266088922519660375787253769885865040123462677001953125000000        0.84803E-03
      5     12    8.0    5.0           0.000028535061181626829237027373475932279234257293865084648132        0.90942E-07
     13      3    7.0    4.0           0.000947776769633904025459669728803646648884750902652740478516        0.30206E-05
     13      4    7.0    6.0           1.600528177060243306684128583583515137434005737304687500000000        0.51009E-02
     13     12    7.0    5.0           3.273840114023951031185788451693952083587646484375000000000000        0.10434E-01
     22      1    2.0    0.0           0.098410833301686817531361839428427629172801971435546875000000        0.31364E-03
     22      2    2.0    2.0           0.961387980240296147194101195054827257990837097167968750000000        0.30640E-02
     22     10    2.0    3.0           0.112657194478768679646307759867340791970491409301757812500000        0.35904E-03
     22     18    2.0    2.0           0.088631134921736423604166077439003856852650642395019531250000        0.28247E-03
     21      2    0.0    2.0           0.469527789381912530330964727909304201602935791015625000000000        0.14964E-02
     21     17    0.0    2.0           0.000009564296447359558269070423097701905135181732475757598877        0.30482E-07
      4      3    6.0    4.0           8.853182447199715809915687714237719774246215820312500000000000        0.28215E-01
      4     12    6.0    5.0           2.606870107557638593931415016413666307926177978515625000000000        0.83081E-02
      4     19    6.0    4.0           0.000022871360785086845905352340158067647735151695087552070618        0.72891E-07
      4     20    6.0    4.0           0.000000000025092662298537137092544254883808550488782929122067        0.79971E-13
      4     10    6.0    3.0           0.000099599728319816274051991256133220531410188414156436920166        0.31743E-06
     23      2    3.0    2.0           0.033265870416358020444924648018059087917208671569824218750000        0.10602E-03
     23      3    3.0    4.0           0.005046769704064733158555000613887386862188577651977539062500        0.16084E-04
     23     10    3.0    3.0           0.001747535896361118940359191675781858066329732537269592285156        0.55694E-05
     23     17    3.0    2.0           0.002399590011063680843744760906588453508447855710983276367188        0.76475E-05
     20      2    4.0    2.0           1.850579777883083032463673589518293738365173339843750000000000        0.58978E-02
     20      3    4.0    4.0           1.663934738058827633722103200852870941162109375000000000000000        0.53030E-02
     20     12    4.0    5.0           0.054235136737622730018770766946545336395502090454101562500000        0.17285E-03
     19      2    4.0    2.0           3.082170426536455121180324567831121385097503662109375000000000        0.98229E-02
     19      3    4.0    4.0          24.090626599109782546292990446090698242187500000000000000000000        0.76777E-01
     19     10    4.0    3.0          18.288773252427102278261372703127562999725341796875000000000000        0.58287E-01
     19     17    4.0    2.0           0.156655291105560146025510448453132994472980499267578125000000        0.49926E-03
     18      1    2.0    0.0           2.115658650579228972077316939248703420162200927734375000000000        0.67426E-02
     18      2    2.0    2.0           4.108532014507049190399357030401006340980529785156250000000000        0.13094E-01
     12      2    5.0    2.0           0.001983941237498025936258905232989491196349263191223144531250        0.63229E-05
     12      3    5.0    4.0          12.095823916419806920430346508510410785675048828125000000000000        0.38550E-01
     12     10    5.0    3.0           1.292092493747113435276219206571113318204879760742187500000000        0.41179E-02
     11      1    1.0    0.0           0.404742320526538079672462799862842075526714324951171875000000        0.12899E-02
     11      2    1.0    2.0           0.197091404185310486996129952785850036889314651489257812500000        0.62813E-03
     11      3    1.0    4.0           0.000000000607311322912657962521749303115483481496639228680579        0.19355E-11
     11     10    1.0    3.0           0.000447733487942774527595241051969310319691430777311325073242        0.14269E-05
     17      1    2.0    0.0           9.884360500909904700961305934470146894454956054687500000000000        0.31502E-01
     17      2    2.0    2.0           9.929410656915884203499444993212819099426269531250000000000000        0.31645E-01
     17      3    2.0    4.0           0.000308342591840931863709368565551471874641720205545425415039        0.98269E-06
     17     16    2.0    0.0           0.000000004591215909967428493111581540254625966035462170111714        0.14632E-10
     16      2    0.0    2.0           1.446398100618731197286592760065104812383651733398437500000000        0.46097E-02
      3      2    4.0    2.0         134.887063726576258204659097827970981597900390625000000000000000        0.42989E+00
      3     10    4.0    3.0           0.018545856298714115395487311843680799938738346099853515625000        0.59106E-04
     10      1    3.0    0.0           0.001630196086622063026891349402092146192444488406181335449219        0.51955E-05
     10      2    3.0    2.0          21.660496046896078325971757294610142707824707031250000000000000        0.69032E-01
      2      1    2.0    0.0         313.772723571879964765685144811868667602539062500000000000000000        0.10000E+01


                                                  CALCULATED YIELDS

     EXPERIMENT  6  DETECTOR  1
     ENERGY    650.100 MEV  THETA  71.000 DEG

     NI     NF     II     IF     YIELD     NORMALIZED YIELD

      9      8   16.0   14.0           0.000088622734764971162796549919438149345296551473438739776611        0.46173E-06
      8      7   14.0   12.0           0.001670602269210426284867798685240813938435167074203491210938        0.87039E-05
      8     15   14.0   11.0           0.000000646371028245810556516284545863770816254145756829530001        0.33676E-08
      7      6   12.0   10.0           0.005337302146962156351728268077749817166477441787719726562500        0.27808E-04
      7     15   12.0   11.0           0.006633019294196035135768863000294004450552165508270263671875        0.34558E-04
      7     14   12.0    9.0           0.000003592199840471886231318141349810879603410285199061036110        0.18715E-07
     15      5   11.0    8.0           0.000002048946631367881491945668812060254992957197828218340874        0.10675E-07
     15      6   11.0   10.0           0.004278899272731151968984786293503930210135877132415771484375        0.22293E-04
     15     14   11.0    9.0           0.077295640820664798797956507314665941521525382995605468750000        0.40271E-03
      6      5   10.0    8.0           0.014156409626189326092515763377832627156749367713928222656250        0.73755E-04
      6     14   10.0    9.0           0.036849708452900954702702307486106292344629764556884765625000        0.19199E-03
      6     13   10.0    7.0           0.000009568094935492400446687757953334596550121204927563667297        0.49850E-07
     14      4    9.0    6.0           0.000055152056845914080782360827681642945208295714110136032104        0.28734E-06
     14      5    9.0    8.0           0.009053374021504445243180292379747697850689291954040527343750        0.47168E-04
     14     13    9.0    7.0           0.874993991303205431719902662734966725111007690429687500000000        0.45588E-02
      5      4    8.0    6.0           0.179755968764175183549625103296421002596616744995117187500000        0.93654E-03
      5     13    8.0    7.0           0.199278562717859070163584078727581072598695755004882812500000        0.10382E-02
      5     12    8.0    5.0           0.000021370397254777183197998330355105167654983233660459518433        0.11134E-06
     13      3    7.0    4.0           0.000808584845403972191611730035987193332402966916561126708984        0.42128E-05
     13      4    7.0    6.0           1.365472197754806771285984723363071680068969726562500000000000        0.71142E-02
     13     12    7.0    5.0           2.793039022783709413033648161217570304870605468750000000000000        0.14552E-01
     22      1    2.0    0.0           0.082283212395381069570454712902574101462960243225097656250000        0.42870E-03
     22      2    2.0    2.0           0.803835194952289722181149045354686677455902099609375000000000        0.41880E-02
     22     10    2.0    3.0           0.094194872151391328962688476167386397719383239746093750000000        0.49076E-03
     22     18    2.0    2.0           0.074106216307020258970972292900114553049206733703613281250000        0.38610E-03
     21      2    0.0    2.0           0.428198085578165021924945676801144145429134368896484375000000        0.22309E-02
     21     17    0.0    2.0           0.000008722409027275295390242704218763947210391052067279815674        0.45444E-07
      4      3    6.0    4.0           6.220488681052195545362337725237011909484863281250000000000000        0.32409E-01
      4     12    6.0    5.0           1.831658400100494077378243673592805862426757812500000000000000        0.95430E-02
      4     19    6.0    4.0           0.000016070045063726716969877694740631568492972292006015777588        0.83726E-07
      4     20    6.0    4.0           0.000000000017630792399956317769774530987372687749342725638257        0.91857E-13
      4     10    6.0    3.0           0.000069981499460147116118552412800113415869418531656265258789        0.36461E-06
     23      2    3.0    2.0           0.014401505676590636156886304775071039330214262008666992187500        0.75032E-04
     23      3    3.0    4.0           0.002184854375726600402701782499548244231846183538436889648438        0.11383E-04
     23     10    3.0    3.0           0.000756545607149211292788426597155648778425529599189758300781        0.39416E-05
     23     17    3.0    2.0           0.001038833757641000575533407612738301395438611507415771484375        0.54124E-05
     20      2    4.0    2.0           1.104955700784010730330919614061713218688964843750000000000000        0.57569E-02
     20      3    4.0    4.0           0.993512517819596485679767283727414906024932861328125000000000        0.51762E-02
     20     12    4.0    5.0           0.032383053266468092568075576309638563543558120727539062500000        0.16872E-03
     19      2    4.0    2.0           2.752025567326886523744633450405672192573547363281250000000000        0.14338E-01
     19      3    4.0    4.0          21.510173403414533765953819965943694114685058593750000000000000        0.11207E+00
     19     10    4.0    3.0          16.329782140659375500035821460187435150146484375000000000000000        0.85079E-01
     19     17    4.0    2.0           0.139875252409063566272351408770191483199596405029296875000000        0.72876E-03
     18      1    2.0    0.0           1.545973411035479694319860755058471113443374633789062500000000        0.80546E-02
     18      2    2.0    2.0           3.002224036035756604690050153294578194618225097656250000000000        0.15642E-01
     12      2    5.0    2.0           0.001428226209283246219902685503200245875632390379905700683594        0.74411E-05
     12      3    5.0    4.0           8.707703844138215742987085832282900810241699218750000000000000        0.45367E-01
     12     10    5.0    3.0           0.930168862619658032286906745866872370243072509765625000000000        0.48462E-02
     11      1    1.0    0.0           0.218251847826718997636064045764214824885129928588867187500000        0.11371E-02
     11      2    1.0    2.0           0.106278886522780363632634248460817616432905197143554687500000        0.55372E-03
     11      3    1.0    4.0           0.000000000327484455441535655896904516122883355144779216061579        0.17062E-11
     11     10    1.0    3.0           0.000241434256121989481531572852013312058261362835764884948730        0.12579E-05
     17      1    2.0    0.0           7.522688016819457423878247936954721808433532714843750000000000        0.39193E-01
     17      2    2.0    2.0           7.556974328888998115871800109744071960449218750000000000000000        0.39372E-01
     17      3    2.0    4.0           0.000234670226819762761574089671157139491697307676076889038086        0.12226E-05
     17     16    2.0    0.0           0.000000003494235656961660789819529629712108187433727835013997        0.18205E-10
     16      2    0.0    2.0           1.188882032492102558407509604876395314931869506835937500000000        0.61941E-02
      3      2    4.0    2.0          99.981523176334746949578402563929557800292968750000000000000000        0.52091E+00
      3     10    4.0    3.0           0.013746632998947289419633399631948122987523674964904785156250        0.71620E-04
     10      1    3.0    0.0           0.001381666149771222044245755355973415134940296411514282226562        0.71985E-05
     10      2    3.0    2.0          18.358266481465275177242801873944699764251708984375000000000000        0.95647E-01
      2      1    2.0    0.0         191.937164693239537882618606090545654296875000000000000000000000        0.10000E+01


                                                  CALCULATED YIELDS

     EXPERIMENT  7  DETECTOR  1
     ENERGY    650.100 MEV  THETA 109.500 DEG

     NI     NF     II     IF     YIELD     NORMALIZED YIELD

      9      8   16.0   14.0           0.000030964195479992487293127712000284645910141989588737487793        0.10542E-05
      8      7   14.0   12.0           0.000532582452458123028690706313170721841743215918540954589844        0.18133E-04
      8     15   14.0   11.0           0.000000206060936086081616653957471196889628117787651717662811        0.70157E-08
      7      6   12.0   10.0           0.001467818315678097668489088256649210961768403649330139160156        0.49975E-04
      7     15   12.0   11.0           0.001824155151832400865996586247774757794104516506195068359375        0.62107E-04
      7     14   12.0    9.0           0.000000987895489938048060104690446803221703930830699391663074        0.33635E-07
     15      5   11.0    8.0           0.000000408407038305986778748579062517376492280618549557402730        0.13905E-07
     15      6   11.0   10.0           0.000852893165899159828163833552139294624794274568557739257812        0.29038E-04
     15     14   11.0    9.0           0.015406981938058641329325482161038962658494710922241210937500        0.52456E-03
      6      5   10.0    8.0           0.002482029553170371233977720137886535667348653078079223632812        0.84505E-04
      6     14   10.0    9.0           0.006460823600117333517789397490105329779908061027526855468750        0.21997E-03
      6     13   10.0    7.0           0.000001677564793935998846581818949585951372682757209986448288        0.57116E-07
     14      4    9.0    6.0           0.000010915135412760919374035306628201169587555341422557830811        0.37163E-06
     14      5    9.0    8.0           0.001791751913499376250293870782570593291893601417541503906250        0.61004E-04
     14     13    9.0    7.0           0.173169931397294696306943251329357735812664031982421875000000        0.58959E-02
      5      4    8.0    6.0           0.011574737867885393632905177696557075250893831253051757812500        0.39408E-03
      5     13    8.0    7.0           0.012831824956946161556126106972897105151787400245666503906250        0.43688E-03
      5     12    8.0    5.0           0.000001376069724177753799044697166631401330505468649789690971        0.46851E-07
     13      3    7.0    4.0           0.000133615256621074203957286186117414672480663284659385681152        0.45492E-05
     13      4    7.0    6.0           0.225638557473580886325592587127175647765398025512695312500000        0.76823E-02
     13     12    7.0    5.0           0.461537991842366268624431313583045266568660736083984375000000        0.15714E-01
     22      1    2.0    0.0           0.017856962534257114771918395490502007305622100830078125000000        0.60797E-03
     22      2    2.0    2.0           0.174446944183550917140124170146009419113397598266601562500000        0.59394E-02
     22     10    2.0    3.0           0.020442010635707198729082989530070335604250431060791015625000        0.69599E-03
     22     18    2.0    2.0           0.016082404777676112539452901728509459644556045532226562500000        0.54756E-03
     21      2    0.0    2.0           0.114388125846295249377071456819976447150111198425292968750000        0.38946E-02
     21     17    0.0    2.0           0.000002330089869849958946325472336491557712179201189428567886        0.79332E-07
      4      3    6.0    4.0           0.562934124292449600268639642308698967099189758300781250000000        0.19166E-01
      4     12    6.0    5.0           0.165759166253971884641416068006947170943021774291992187500000        0.56436E-02
      4     19    6.0    4.0           0.000001454287148346519655418146443892624120053369551897048950        0.49514E-07
      4     20    6.0    4.0           0.000000000001595529738762031861659790364280692203042058552320        0.54323E-13
      4     10    6.0    3.0           0.000006333099557799822254815658856275106813882302958518266678        0.21562E-06
     23      2    3.0    2.0           0.000060948766391118054913233342828604577334772329777479171753        0.20751E-05
     23      3    3.0    4.0           0.000009246545599827689501182606535145680481946328654885292053        0.31482E-06
     23     10    3.0    3.0           0.000003201784765416271477650846447038368580706446664407849312        0.10901E-06
     23     17    3.0    2.0           0.000004396459469969657485116047018758322906251123640686273575        0.14969E-06
     20      2    4.0    2.0           0.042712669599367508732612463973055128008127212524414062500000        0.14542E-02
     20      3    4.0    4.0           0.038404772142769508236348485752387205138802528381347656250000        0.13076E-02
     20     12    4.0    5.0           0.001251784713005197995083772610769301536493003368377685546875        0.42619E-04
     19      2    4.0    2.0           0.520869789525276960517885527224279940128326416015625000000000        0.17734E-01
     19      3    4.0    4.0           4.071182922973885176531894103391095995903015136718750000000000        0.13861E+00
     19     10    4.0    3.0           3.090701731692366394099735771305859088897705078125000000000000        0.10523E+00
     19     17    4.0    2.0           0.026473879511545245907244705563243769574910402297973632812500        0.90135E-03
     18      1    2.0    0.0           0.279701220156856722454108421516139060258865356445312500000000        0.95230E-02
     18      2    2.0    2.0           0.543169578512351480803488357196329161524772644042968750000000        0.18493E-01
     12      2    5.0    2.0           0.000202717596678172302070153332209656582563184201717376708984        0.69019E-05
     12      3    5.0    4.0           1.235942026827001827271601541724521666765213012695312500000000        0.42080E-01
     12     10    5.0    3.0           0.132025021743408271790443109239276964217424392700195312500000        0.44950E-02
     11      1    1.0    0.0           0.023833435687780592932005774287063104566186666488647460937500        0.81145E-03
     11      2    1.0    2.0           0.011605817005135670577642414968977391254156827926635742187500        0.39514E-03
     11      3    1.0    4.0           0.000000000035761803555086201287783876188663902302711239400423        0.12176E-11
     11     10    1.0    3.0           0.000026364990140560626763130414040858795488020405173301696777        0.89765E-06
     17      1    2.0    0.0           2.267234862914679460743627714691683650016784667968750000000000        0.77192E-01
     17      2    2.0    2.0           2.277568286535469610498694237321615219116210937500000000000000        0.77544E-01
     17      3    2.0    4.0           0.000070726383753291663077436557394150895561324432492256164551        0.24080E-05
     17     16    2.0    0.0           0.000000001053114642397802504433110284639586728960836126134382        0.35855E-10
     16      2    0.0    2.0           0.177209348973273811411743849930644501000642776489257812500000        0.60334E-02
      3      2    4.0    2.0          17.205075044308379972335387719795107841491699218750000000000000        0.58578E+00
      3     10    4.0    3.0           0.002365555603072023397454026749642252980265766382217407226562        0.80540E-04
     10      1    3.0    0.0           0.000253954214341564220216301839272432516736444085836410522461        0.86463E-05
     10      2    3.0    2.0           3.374302208782890666327602957608178257942199707031250000000000        0.11488E+00
      2      1    2.0    0.0          29.371266136713089167642465326935052871704101562500000000000000        0.10000E+01


                                                  CALCULATED YIELDS

     EXPERIMENT  8  DETECTOR  1
     ENERGY    650.100 MEV  THETA 122.500 DEG

     NI     NF     II     IF     YIELD     NORMALIZED YIELD

      9      8   16.0   14.0           0.000014292049607480679951376258129958074505339027382433414459        0.90067E-06
      8      7   14.0   12.0           0.000259665520329629658565634420241963198350276798009872436523        0.16364E-04
      8     15   14.0   11.0           0.000000100466922898872982125793016684733860444111996912397444        0.63314E-08
      7      6   12.0   10.0           0.000749586816038027518166453333492427191231399774551391601562        0.47238E-04
      7     15   12.0   11.0           0.000931561241344589733431869049695706053171306848526000976562        0.58706E-04
      7     14   12.0    9.0           0.000000504499383180737014663634013716952964045958651695400476        0.31793E-07
     15      5   11.0    8.0           0.000000197516021909105245491294834854489881337258339044637978        0.12447E-07
     15      6   11.0   10.0           0.000412480808216754814624072089657147444086149334907531738281        0.25994E-04
     15     14   11.0    9.0           0.007451207977838052338992458345501290750689804553985595703125        0.46957E-03
      6      5   10.0    8.0           0.001294777897983712556390090142599547107238322496414184570312        0.81596E-04
      6     14   10.0    9.0           0.003370359385736642569147969439313783368561416864395141601562        0.21240E-03
      6     13   10.0    7.0           0.000000875120046354596127738292681008669404718602891080081463        0.55149E-07
     14      4    9.0    6.0           0.000005598810716405270525568727696397175463971507269889116287        0.35283E-06
     14      5    9.0    8.0           0.000919061416564002247632514386310731424600817263126373291016        0.57919E-04
     14     13    9.0    7.0           0.088825802979305243378682632737763924524188041687011718750000        0.55977E-02
      5      4    8.0    6.0           0.004755334265287619079087821916118627996183931827545166015625        0.29968E-03
      5     13    8.0    7.0           0.005271792553785641446961740541610197396948933601379394531250        0.33222E-03
      5     12    8.0    5.0           0.000000565340795229847344008247776031561571130623633507639170        0.35627E-07
     13      3    7.0    4.0           0.000069525000119356248728767766476011047416250221431255340576        0.43814E-05
     13      4    7.0    6.0           0.117408154817013637982725526853755582123994827270507812500000        0.73990E-02
     13     12    7.0    5.0           0.240155426478946609769593578675994649529457092285156250000000        0.15134E-01
     22      1    2.0    0.0           0.009823765639777834804413636504705209517851471900939941406250        0.61909E-03
     22      2    2.0    2.0           0.095969619298185038225312837312230840325355529785156250000000        0.60479E-02
     22     10    2.0    3.0           0.011245894776661009145657388330619141925126314163208007812500        0.70871E-03
     22     18    2.0    2.0           0.008847516768702575265526100167789991246536374092102050781250        0.55756E-03
     21      2    0.0    2.0           0.065400714833340770071323788670270005241036415100097656250000        0.41215E-02
     21     17    0.0    2.0           0.000001332214703114211384456732310821447384796556434594094753        0.83955E-07
      4      3    6.0    4.0           0.256866119815322313524319497446413151919841766357421875000000        0.16188E-01
      4     12    6.0    5.0           0.075635695229875676837139053532155230641365051269531250000000        0.47665E-02
      4     19    6.0    4.0           0.000000663589362898515970513727609686460695570531242992728949        0.41819E-07
      4     20    6.0    4.0           0.000000000000728038175978195956227800351457286897900039734921        0.45880E-13
      4     10    6.0    3.0           0.000002889785215740550421457477972553284928380890050902962685        0.18211E-06
     23      2    3.0    2.0           0.000010174714710945170572406297260226182288533891551196575165        0.64120E-06
     23      3    3.0    4.0           0.000001543607346148065274108124658725138544923538574948906898        0.97277E-07
     23     10    3.0    3.0           0.000000534502147999315158886934635368293200485823035705834627        0.33684E-07
     23     17    3.0    2.0           0.000000733939725016211338380893881155886404599186789710074663        0.46252E-07
     20      2    4.0    2.0           0.015549726765167146483315185889750864589586853981018066406250        0.97993E-03
     20      3    4.0    4.0           0.013981418602489126962185039815267373342067003250122070312500        0.88110E-03
     20     12    4.0    5.0           0.000455717482391506528704994138934125658124685287475585937500        0.28719E-04
     19      2    4.0    2.0           0.274444853339063599140246196839143522083759307861328125000000        0.17295E-01
     19      3    4.0    4.0           2.145095036574100610948789835674688220024108886718750000000000        0.13518E+00
     19     10    4.0    3.0           1.628482205201762900159678792988415807485580444335937500000000        0.10263E+00
     19     17    4.0    2.0           0.013949013987706966252733131739205418853089213371276855468750        0.87906E-03
     18      1    2.0    0.0           0.151913657530498180658895535088959150016307830810546875000000        0.95735E-02
     18      2    2.0    2.0           0.295010787885859049328729497574386186897754669189453125000000        0.18591E-01
     12      2    5.0    2.0           0.000105415735185135757629240615962373794900486245751380920410        0.66432E-05
     12      3    5.0    4.0           0.642705613815142351441522805544082075357437133789062500000000        0.40503E-01
     12     10    5.0    3.0           0.068654694796968701586692418459278997033834457397460937500000        0.43266E-02
     11      1    1.0    0.0           0.014406558015289538596248597457361029228195548057556152343750        0.90789E-03
     11      2    1.0    2.0           0.007015349284494653246679884972536456189118325710296630859375        0.44210E-03
     11      3    1.0    4.0           0.000000000021616879093595489645366085359737197846979883664176        0.13623E-11
     11     10    1.0    3.0           0.000015936802608247601883203342643113842314050998538732528687        0.10043E-05
     17      1    2.0    0.0           1.321864957710186416761644068174064159393310546875000000000000        0.83303E-01
     17      2    2.0    2.0           1.327889649197126820112657696881797164678573608398437500000000        0.83683E-01
     17      3    2.0    4.0           0.000041235572810860370127246377069951677185599692165851593018        0.25986E-05
     17     16    2.0    0.0           0.000000000613996972703368201779830073201889295564370740976301        0.38694E-10
     16      2    0.0    2.0           0.089456142804109378685595288516196887940168380737304687500000        0.56375E-02
      3      2    4.0    2.0           9.146830676094864998049160931259393692016601562500000000000000        0.57643E+00
      3     10    4.0    3.0           0.001257613611127208390685905392558652238221839070320129394531        0.79254E-04
     10      1    3.0    0.0           0.000133836579364247411100957707574821142770815640687942504883        0.84343E-05
     10      2    3.0    2.0           1.778293250756316501437481747416313737630844116210937500000000        0.11207E+00
      2      1    2.0    0.0          15.868155059965346254102769307792186737060546875000000000000000        0.10000E+01


                                                  CALCULATED YIELDS

     EXPERIMENT  9  DETECTOR  1
     ENERGY    650.100 MEV  THETA 135.500 DEG

     NI     NF     II     IF     YIELD     NORMALIZED YIELD

      9      8   16.0   14.0           0.000006808092795824305676094957001653895645176817197352647781        0.77775E-06
      8      7   14.0   12.0           0.000130330791963027906857006121832398548576747998595237731934        0.14889E-04
      8     15   14.0   11.0           0.000000050426154426959047617918380484319795797887309163343161        0.57607E-08
      7      6   12.0   10.0           0.000393052795079384834162766759746432398969773203134536743164        0.44902E-04
      7     15   12.0   11.0           0.000488472771751013675779751199712563902721740305423736572266        0.55803E-04
      7     14   12.0    9.0           0.000000264538927889781042945404471167236692963342647999525070        0.30221E-07
     15      5   11.0    8.0           0.000000100043632689424965127236580916120223250231902056839317        0.11429E-07
     15      6   11.0   10.0           0.000208925220697611874545729371277502650627866387367248535156        0.23868E-04
     15     14   11.0    9.0           0.003774103522449379771730448851485562045127153396606445312500        0.43115E-03
      6      5   10.0    8.0           0.000698339118060430866924415127527936419937759637832641601562        0.79778E-04
      6     14   10.0    9.0           0.001817805049535707595520506174580077640712261199951171875000        0.20767E-03
      6     13   10.0    7.0           0.000000471996442262377510053016462301944677903975389199331403        0.53921E-07
     14      4    9.0    6.0           0.000002972545221223814004672539659801522304860554868355393410        0.33958E-06
     14      5    9.0    8.0           0.000487952131300586227670434968928248053998686373233795166016        0.55743E-04
     14     13    9.0    7.0           0.047159786165628471421573664201787323690950870513916015625000        0.53875E-02
      5      4    8.0    6.0           0.002190500773200790458894449130866632913239300251007080078125        0.25024E-03
      5     13    8.0    7.0           0.002428402509896569923253384359895790112204849720001220703125        0.27742E-03
      5     12    8.0    5.0           0.000000260419011574579357906920667672934222025560302427038550        0.29750E-07
     13      3    7.0    4.0           0.000037427816121388059363017664082917690393514931201934814453        0.42757E-05
     13      4    7.0    6.0           0.063205045984879248965881970434566028416156768798828125000000        0.72205E-02
     13     12    7.0    5.0           0.129284331210020114744096986214572098106145858764648437500000        0.14769E-01
     22      1    2.0    0.0           0.005466009867973699830334677329801706946454942226409912109375        0.62443E-03
     22      2    2.0    2.0           0.053398147446178476083211705827125115320086479187011718750000        0.61002E-02
     22     10    2.0    3.0           0.006257292170582879654860963825058206566609442234039306640625        0.71483E-03
     22     18    2.0    2.0           0.004922818371091020571428398255875436007045209407806396484375        0.56238E-03
     21      2    0.0    2.0           0.037271107571429325233669516137524624355137348175048828125000        0.42578E-02
     21     17    0.0    2.0           0.000000759213681907598918824559616064240330501888820435851812        0.86732E-07
      4      3    6.0    4.0           0.126483636757581230369851255090907216072082519531250000000000        0.14449E-01
      4     12    6.0    5.0           0.037243828840645927524821701126711559481918811798095703125000        0.42547E-02
      4     19    6.0    4.0           0.000000326758530838538064065043175360214533498037781100720167        0.37329E-07
      4     20    6.0    4.0           0.000000000000358493818734381718677042754027125377128820682415        0.40954E-13
      4     10    6.0    3.0           0.000001422961283480847713366047001259939719375324784778058529        0.16256E-06
     23      2    3.0    2.0           0.000002215522937889458593110252396241044436919764848425984383        0.25310E-06
     23      3    3.0    4.0           0.000000336117284822428508845595322013233285929345584008842707        0.38398E-07
     23     10    3.0    3.0           0.000000116386729543364612741396745508593024709398378035984933        0.13296E-07
     23     17    3.0    2.0           0.000000159813846579158435006037721620719693760293012019246817        0.18257E-07
     20      2    4.0    2.0           0.006582343134191391553766692368299118243157863616943359375000        0.75196E-03
     20      3    4.0    4.0           0.005918463786161638935656714721744720009155571460723876953125        0.67612E-03
     20     12    4.0    5.0           0.000192909424496789559059367613613744651956949383020401000977        0.22038E-04
     19      2    4.0    2.0           0.148588654595731700647220918654056731611490249633789062500000        0.16975E-01
     19      3    4.0    4.0           1.161387366483944472150824367417953908443450927734375000000000        0.13268E+00
     19     10    4.0    3.0           0.881685252829547128072817940847016870975494384765625000000000        0.10072E+00
     19     17    4.0    2.0           0.007552210202352533340020013241655760793946683406829833984375        0.86276E-03
     18      1    2.0    0.0           0.083988013247907000735636984245502389967441558837890625000000        0.95947E-02
     18      2    2.0    2.0           0.163101661588647528500217731561861000955104827880859375000000        0.18633E-01
     12      2    5.0    2.0           0.000056786258757638954008592491184970185713609680533409118652        0.64872E-05
     12      3    5.0    4.0           0.346218211417835042276180956832831725478172302246093750000000        0.39552E-01
     12     10    5.0    3.0           0.036983503997960305575976036607244168408215045928955078125000        0.42250E-02
     11      1    1.0    0.0           0.008605145702740584282008917682560422690585255622863769531250        0.98305E-03
     11      2    1.0    2.0           0.004190321011071854694074456659791394486092031002044677734375        0.47870E-03
     11      3    1.0    4.0           0.000000000012911924836001672727886470092547915779895850718617        0.14751E-11
     11     10    1.0    3.0           0.000009519172333477788169224867442785864568577380850911140442        0.10875E-05
     17      1    2.0    0.0           0.760103704313341510534485223615774884819984436035156250000000        0.86834E-01
     17      2    2.0    2.0           0.763568044819425528757506071997340768575668334960937500000000        0.87230E-01
     17      3    2.0    4.0           0.000023711432442624265235159644604756579155946383252739906311        0.27088E-05
     17     16    2.0    0.0           0.000000000353062822844971775373557619140786958955580132624164        0.40334E-10
     16      2    0.0    2.0           0.047168441066647297243985548220734926871955394744873046875000        0.53885E-02
      3      2    4.0    2.0           4.983845247971251168905837403144687414169311523437500000000000        0.56935E+00
      3     10    4.0    3.0           0.000685237525603376034129265992334012480569072067737579345703        0.78281E-04
     10      1    3.0    0.0           0.000072487885106228434743159960707004074720316566526889801025        0.82810E-05
     10      2    3.0    2.0           0.963150115299797215939747729862574487924575805664062500000000        0.11003E+00
      2      1    2.0    0.0           8.753540394839777860624963068403303623199462890625000000000000        0.10000E+01


                                                  CALCULATED YIELDS

     EXPERIMENT 10  DETECTOR  1
     ENERGY    650.100 MEV  THETA 148.500 DEG

     NI     NF     II     IF     YIELD     NORMALIZED YIELD

      9      8   16.0   14.0           0.000003349329612428480626646395273970924222339817788451910019        0.69677E-06
      8      7   14.0   12.0           0.000066814340814552348481701604665516924796975217759609222412        0.13900E-04
      8     15   14.0   11.0           0.000000025851068785079259629373625594718488773793296786607243        0.53779E-08
      7      6   12.0   10.0           0.000208342342903550448900487634951161908247740939259529113770        0.43342E-04
      7     15   12.0   11.0           0.000258920844693759323248971604414236935554072260856628417969        0.53864E-04
      7     14   12.0    9.0           0.000000140222027971124983205012618642237853805454506073147058        0.29171E-07
     15      5   11.0    8.0           0.000000051911627690877187820820196344911989783099670603405684        0.10799E-07
     15      6   11.0   10.0           0.000108409180879686389982995142755584083715802989900112152100        0.22553E-04
     15     14   11.0    9.0           0.001958344091047085119144943732294450455810874700546264648438        0.40740E-03
      6      5   10.0    8.0           0.000379230045126795515478962395050643863214645534753799438477        0.78892E-04
      6     14   10.0    9.0           0.000987151189355955308718515439636576047632843255996704101562        0.20536E-03
      6     13   10.0    7.0           0.000000256315631574513902329903215771000901668230653740465641        0.53322E-07
     14      4    9.0    6.0           0.000001592919853721314777324799365210150625671303714625537395        0.33138E-06
     14      5    9.0    8.0           0.000261482527520414938324716525031021774339023977518081665039        0.54397E-04
     14     13    9.0    7.0           0.025271864375389845730479621010999835561960935592651367187500        0.52574E-02
      5      4    8.0    6.0           0.001080738806367282332787649323790901689790189266204833984375        0.22483E-03
      5     13    8.0    7.0           0.001198113628643016114264097105035489221336320042610168457031        0.24925E-03
      5     12    8.0    5.0           0.000000128484287779185326704953521922969450486107234610244632        0.26729E-07
     13      3    7.0    4.0           0.000020259365335221249756385633600253015629277797415852546692        0.42146E-05
     13      4    7.0    6.0           0.034212365302964918567507623947676620446145534515380859375000        0.71173E-02
     13     12    7.0    5.0           0.069980532382887192244247387407085625454783439636230468750000        0.14558E-01
     22      1    2.0    0.0           0.003014710287931304105724095165896869730204343795776367187500        0.62716E-03
     22      2    2.0    2.0           0.029451089249888900978291417231957893818616867065429687500000        0.61268E-02
     22     10    2.0    3.0           0.003451132276905536245409367168690550897736102342605590820312        0.71795E-03
     22     18    2.0    2.0           0.002715119721224902929468392187573044793680310249328613281250        0.56483E-03
     21      2    0.0    2.0           0.020849245902083327064424622676597209647297859191894531250000        0.43373E-02
     21     17    0.0    2.0           0.000000424699821865545034727163929352822258067590155405923724        0.88351E-07
      4      3    6.0    4.0           0.064670153449187986471891065320960478857159614562988281250000        0.13453E-01
      4     12    6.0    5.0           0.019042495835063025233502287392184371128678321838378906250000        0.39615E-02
      4     19    6.0    4.0           0.000000167069234186080539382885387991728443068950582528486848        0.34756E-07
      4     20    6.0    4.0           0.000000000000183295253539966203611142568643186908424608239088        0.38131E-13
      4     10    6.0    3.0           0.000000727549641313141299037744839928176787680058623664081097        0.15135E-06
     23      2    3.0    2.0           0.000000502740474969354814299151400225351693507036543451249599        0.10459E-06
     23      3    3.0    4.0           0.000000076270825513551373213286602159577398651890689507126808        0.15867E-07
     23     10    3.0    3.0           0.000000026410161993854456614811383806211420033349668301525526        0.54942E-08
     23     17    3.0    2.0           0.000000036264525977972254993296849110914759073409641132457182        0.75442E-08
     20      2    4.0    2.0           0.003070445966242541478707916979828951298259198665618896484375        0.63875E-03
     20      3    4.0    4.0           0.002760768147162985172715643500396254239603877067565917968750        0.57433E-03
     20     12    4.0    5.0           0.000089985883783480548358570116906918201493681408464908599854        0.18720E-04
     19      2    4.0    2.0           0.080612751040167879290621044674480799585580825805664062500000        0.16770E-01
     19      3    4.0    4.0           0.630079267426490452486120830144500359892845153808593750000000        0.13108E+00
     19     10    4.0    3.0           0.478334459488251151348947587393922731280326843261718750000000        0.99509E-01
     19     17    4.0    2.0           0.004097247145158207544402007016515199211426079273223876953125        0.85236E-03
     18      1    2.0    0.0           0.046168554522583261923163178153117769397795200347900390625000        0.96046E-02
     18      2    2.0    2.0           0.089657650712044359431196483001258457079529762268066406250000        0.18652E-01
     12      2    5.0    2.0           0.000030766072784006682702684365438017266569659113883972167969        0.64003E-05
     12      3    5.0    4.0           0.187576623723196778126265371611225418746471405029296875000000        0.39022E-01
     12     10    5.0    3.0           0.020037192107778815930441140835682745091617107391357421875000        0.41684E-02
     11      1    1.0    0.0           0.004974119853857741392622049403371420339681208133697509765625        0.10348E-02
     11      2    1.0    2.0           0.002422173854484717045454367223555891541764140129089355468750        0.50389E-03
     11      3    1.0    4.0           0.000000000007463611180670669453579267611454870195303312740975        0.15527E-11
     11     10    1.0    3.0           0.000005502463959577722700348967332928395990165881812572479248        0.11447E-05
     17      1    2.0    0.0           0.427062863716477225661805050549446605145931243896484375000000        0.88843E-01
     17      2    2.0    2.0           0.429009297037380166184306062859832309186458587646484375000000        0.89248E-01
     17      3    2.0    4.0           0.000013322224565284450782491620923764230610686354339122772217        0.27715E-05
     17     16    2.0    0.0           0.000000000198367695539923510395248513603783796499513414346438        0.41267E-10
     16      2    0.0    2.0           0.025192738905365455459595125375926727429032325744628906250000        0.52409E-02
      3      2    4.0    2.0           2.714933469479833050286288198549300432205200195312500000000000        0.56479E+00
      3     10    4.0    3.0           0.000373280910670619890841248622592729589086957275867462158203        0.77654E-04
     10      1    3.0    0.0           0.000039339878489096853403546305560922746735741384327411651611        0.81840E-05
     10      2    3.0    2.0           0.522710911583734061380823732179123908281326293945312500000000        0.10874E+00
      2      1    2.0    0.0           4.806945390531982553738998831249773502349853515625000000000000        0.10000E+01


                    CALCULATED INTERNAL CONVERSION COEFFICIENTS FOR E1,E2 AND M1

     NI     NF       II        IF         ENERGY(MEV)      ICC(E1)        ICC(E2)        ICC(M1)
      9      8       16.0      14.0         0.6912        .0000E+00      .5600E-02      .0000E+00
      8      7       14.0      12.0         0.7008        .0000E+00      .5423E-02      .0000E+00
      8     15       14.0      11.0         1.1904        .0000E+00      .0000E+00      .0000E+00
      7      6       12.0      10.0         0.7063        .0000E+00      .5326E-02      .0000E+00
      7     15       12.0      11.0         0.4896        .4462E-02      .1334E-01      .0000E+00
      7     14       12.0       9.0         1.2970        .0000E+00      .0000E+00      .0000E+00
     15      5       11.0       8.0         0.8998        .0000E+00      .0000E+00      .0000E+00
     15      6       11.0      10.0         0.2166        .3378E-01      .1575E+00      .0000E+00
     15     14       11.0       9.0         0.8074        .0000E+00      .3961E-02      .0000E+00
      6      5       10.0       8.0         0.6831        .0000E+00      .5758E-02      .0000E+00
      6     14       10.0       9.0         0.5908        .2971E-02      .8302E-02      .0000E+00
      6     13       10.0       7.0         1.2695        .0000E+00      .0000E+00      .0000E+00
     14      4        9.0       6.0         0.9014        .0000E+00      .0000E+00      .0000E+00
     14      5        9.0       8.0         0.0924        .3389E+00      .3068E+01      .0000E+00
     14     13        9.0       7.0         0.6787        .0000E+00      .5849E-02      .0000E+00
      5      4        8.0       6.0         0.8091        .0000E+00      .3941E-02      .0000E+00
      5     13        8.0       7.0         0.5863        .3017E-02      .8449E-02      .0000E+00
      5     12        8.0       5.0         1.1207        .0000E+00      .0000E+00      .0000E+00
     13      3        7.0       4.0         0.9484        .0000E+00      .0000E+00      .0000E+00
     13      4        7.0       6.0         0.2227        .3130E-01      .1431E+00      .0000E+00
     13     12        7.0       5.0         0.5344        .0000E+00      .1058E-01      .0000E+00
     22      1        2.0       0.0         1.9725        .0000E+00      .9345E-03      .0000E+00
     22      2        2.0       2.0         1.4222        .0000E+00      .1266E-02      .0000E+00
     22     10        2.0       3.0         0.8110        .1542E-02      .3919E-02      .0000E+00
     22     18        2.0       2.0         0.3082        .0000E+00      .5124E-01      .0000E+00
     21      2        0.0       2.0         1.3707        .0000E+00      .1341E-02      .0000E+00
     21     17        0.0       2.0         0.4669        .0000E+00      .1529E-01      .0000E+00
      4      3        6.0       4.0         0.7256        .0000E+00      .5007E-02      .0000E+00
      4     12        6.0       5.0         0.3116        .1324E-01      .4935E-01      .0000E+00
      4     19        6.0       4.0         0.1724        .0000E+00      .3374E+00      .0000E+00
      4     20        6.0       4.0         0.0111        .0000E+00      .1098E+03      .0000E+00
      4     10        6.0       3.0         0.7444        .0000E+00      .0000E+00      .0000E+00
     23      2        3.0       2.0         1.3535        .0000E+00      .1370E-02      .0000E+00
     23      3        3.0       4.0         0.7235        .0000E+00      .5040E-02      .0000E+00
     23     10        3.0       3.0         0.7422        .1832E-02      .4760E-02      .0000E+00
     23     17        3.0       2.0         0.4497        .0000E+00      .1710E-01      .0000E+00
     20      2        4.0       2.0         1.3446        .0000E+00      .1385E-02      .0000E+00
     20      3        4.0       4.0         0.7146        .0000E+00      .5185E-02      .0000E+00
     20     12        4.0       5.0         0.3006        .1463E-01      .5584E-01      .0000E+00
     19      2        4.0       2.0         1.1832        .0000E+00      .1752E-02      .0000E+00
     19      3        4.0       4.0         0.5532        .0000E+00      .9704E-02      .0000E+00
     19     10        4.0       3.0         0.5719        .3173E-02      .8958E-02      .0000E+00
     19     17        4.0       2.0         0.2793        .0000E+00      .6924E-01      .0000E+00
     18      1        2.0       0.0         1.6643        .0000E+00      .1038E-02      .0000E+00
     18      2        2.0       2.0         1.1140        .0000E+00      .1974E-02      .0000E+00
     12      2        5.0       2.0         1.0440        .0000E+00      .0000E+00      .0000E+00
     12      3        5.0       4.0         0.4140        .6576E-02      .2114E-01      .0000E+00
     12     10        5.0       3.0         0.4327        .0000E+00      .1885E-01      .0000E+00
     11      1        1.0       0.0         1.4651        .7023E-03      .1214E-02      .0000E+00
     11      2        1.0       2.0         0.9149        .1209E-02      .2987E-02      .0000E+00
     11      3        1.0       4.0         0.2849        .0000E+00      .0000E+00      .0000E+00
     11     10        1.0       3.0         0.3036        .0000E+00      .5393E-01      .0000E+00
     17      1        2.0       0.0         1.4541        .0000E+00      .1226E-02      .0000E+00
     17      2        2.0       2.0         0.9039        .0000E+00      .3065E-02      .0000E+00
     17      3        2.0       4.0         0.2739        .0000E+00      .7349E-01      .0000E+00
     17     16        2.0       0.0         0.0297        .0000E+00      .9767E+02      .0000E+00
     16      2        0.0       2.0         0.8742        .0000E+00      .3297E-02      .0000E+00
      3      2        4.0       2.0         0.6300        .0000E+00      .7040E-02      .0000E+00
      3     10        4.0       3.0         0.0187        .4435E+01      .1196E+03      .0000E+00
     10      1        3.0       0.0         1.1615        .0000E+00      .0000E+00      .0000E+00
     10      2        3.0       2.0         0.6113        .2759E-02      .7620E-02      .0000E+00
      2      1        2.0       0.0         0.5503        .0000E+00      .9832E-02      .0000E+00
               ********* END OF EXECUTION **********
