1
 *****************************************************************************************************************************
 *****************************************************************************************************************************
 **************************************************                         **************************************************
 **************************************************          GOSIA          **************************************************
 **************************************************                         **************************************************
 *****************************************************************************************************************************
 *****************************************************************************************************************************





                    ROCHESTER COULOMB EXCITATION DATA ANALYSIS CODE BY T.CZOSNYKA,D.CLINE AND C.Y.WU
                                                  VERSION: 20081208.18






               Coulomb excitation of a 196Pt target by a 78Kr beam                        
          ----------------------------------------------------------------------------------------------------

                                        LEVELS

     INDEX     PARITY         SPIN           ENERGY(MEV)
       1           +           0.0            0.0000
       2           +           2.0            0.3557
       3           +           2.0            0.6887
       4           +           4.0            0.8769
       5           +           4.0            1.2933
       6           +           6.0            1.5258
       7           +           6.0            2.0074
       8           +           8.0            2.2527
       9           +           0.0            1.1353
      10           +           3.0            1.0150

                                        MATRIX ELEMENTS


     MULTIPOLARITY=2
    INDEX   NF     NS          ME               LIMITS
       1      1      2        1.20620     FIXED
       2      1      3        0.00050     FIXED
       3      2      2        0.81800     FIXED
       4      2      3        1.30000     FIXED
       5      2      4        1.93000     FIXED
       6      2      5        0.18460     FIXED
       7      2      9        0.13760     FIXED
       8      3      3       -0.51460     FIXED
       9      3      5        1.32860     FIXED
      10      3      9        0.34890     FIXED
      11      3     10        2.00000     FIXED
      12      4      4        1.36590     FIXED
      13      4      5        1.01720     FIXED
      14      4      6        2.55010     FIXED
      15      4      7        0.20630     FIXED
      16      5      5        0.00000     FIXED
      17      5      7        2.07980     FIXED
      18      6      6       -0.25820     FIXED
      19      6      8        3.00290     FIXED
      20      7      7        0.00000     FIXED
      21      8      8        0.00000     FIXED
     MULTIPOLARITY=7
    INDEX   NF     NS          ME               LIMITS
      22      2      3       -0.06950     FIXED
      23      2     10        0.03900     FIXED
      24      4      5       -0.35000     FIXED
      25      4     10        0.22540     FIXED

                                               REPRINT OF EXPERIMENTAL DATA TO BE FITTED





     EXPERIMENT  1
  PROJECTILE ( 36., 78.) 317.800 MEV ---1 GE(LI) DETECTOR(S)  WEIGHT=0.10E+01
                    ** EXPERIMENTAL YIELDS **
    DECAY IS  IF         YIELD+/-ERROR

      13   4   2  0.213773E+03     0.425652E+02
      16   2   1  0.224320E+05     0.585941E+03



     EXPERIMENT  2
  PROJECTILE ( 36., 78.) 317.800 MEV ---1 GE(LI) DETECTOR(S)  WEIGHT=0.10E+01
                    ** EXPERIMENTAL YIELDS **
    DECAY IS  IF         YIELD+/-ERROR

      13   4   2  0.591045E+03     0.738733E+02
      16   2   1  0.243845E+05     0.614296E+03



     EXPERIMENT  3
  PROJECTILE ( 36., 78.) 317.800 MEV ---1 GE(LI) DETECTOR(S)  WEIGHT=0.10E+01
                    ** EXPERIMENTAL YIELDS **
    DECAY IS  IF         YIELD+/-ERROR

      13   4   2  0.887403E+03     0.133097E+03
      16   2   1  0.242827E+05     0.548630E+03



     EXPERIMENT  4
  PROJECTILE ( 36., 78.) 317.800 MEV ---1 GE(LI) DETECTOR(S)  WEIGHT=0.10E+01
                    ** EXPERIMENTAL YIELDS **
    DECAY IS  IF         YIELD+/-ERROR

      13   4   2  0.162050E+04     0.161389E+03
      16   2   1  0.220487E+05     0.505840E+03



     EXPERIMENT  5
  PROJECTILE ( 36., 78.) 317.800 MEV ---1 GE(LI) DETECTOR(S)  WEIGHT=0.10E+01
                    ** EXPERIMENTAL YIELDS **
    DECAY IS  IF         YIELD+/-ERROR

      13   4   2  0.461137E+04     0.205688E+03
      16   2   1  0.222270E+05     0.510480E+03


       10 EXPERIMENTAL YIELDS            0 MATRIX ELEMENTS TO BE VARIED



                                        BRANCHING RATIOS

     NS1     NF1     NS2     NF2     RATIO(1:2)         ERROR
      5       4       5       3        0.17000       -0.05200      0.05200
      5       2       5       3        0.17000       -0.02400      0.02400
      9       3       9       2        0.39000       -0.04330      0.04330
     10       4      10       3        0.01300       -0.00413      0.00413
     10       2      10       3        0.04400       -0.01000      0.01000
     BRANCHING RATIOS ARE TAKEN WITH WEIGHT    0.100000E+01



                              LIFETIMES(PSEC)


     LEVEL         LIFETIME     ERROR

        2           49.27        -0.22         0.22
        3           48.76        -1.00         1.00
        4            5.12        -0.07         0.07
        5            3.75        -0.79         0.79
        6            1.41        -0.12         0.12
        7            1.11        -0.27         0.27
        8            0.61        -0.06         0.06
        9            6.06        -1.44         1.44

          LIFETIMES ARE TAKEN WITH WEIGHT    0.100000E+01


                    EXPERIMENTAL E2/M1 MIXING RATIOS


          TRANSITION            DELTA          ERROR

           3---  2               -5.2000          -0.5000      0.5000

          E2/M1 MIXING RATIOS ARE TAKEN WITH WEIGHT    0.100000E+01


                              EXPERIMENTAL MATRIX ELEMENT(S)


          TRANSITION          MAT.EL.          ERROR

           2---  2                0.8180          -0.1060      0.1060
           3---  3               -0.5146          -0.2100      0.2100
           4---  4                1.3659          -0.1590      0.1590
           6---  6               -0.2582          -0.3700      0.3700

           MATRIX ELEMENT(S) ARE TAKEN WITH WEIGHT    0.100000E+01



     *****  RESTART-MATRIX ELEMENTS OVERWRITTEN  *****




                                        MATRIX ELEMENTS


     MULTIPOLARITY=2
    INDEX   NF     NS          ME               LIMITS
       1      1      2        1.17112     FIXED
       2      1      3        0.00035     FIXED
       3      2      2        0.83120     FIXED
       4      2      3        1.35473     FIXED
       5      2      4        1.91031     FIXED
       6      2      5        0.18442     FIXED
       7      2      9        0.18314     FIXED
       8      3      3       -0.51460     FIXED
       9      3      5        1.34040     FIXED
      10      3      9        0.46048     FIXED
      11      3     10        3.15000     FIXED
      12      4      4        1.36590     FIXED
      13      4      5        1.14755     FIXED
      14      4      6        2.53586     FIXED
      15      4      7        0.20630     FIXED
      16      5      5        0.00000     FIXED
      17      5      7        2.07980     FIXED
      18      6      6       -0.25820     FIXED
      19      6      8        3.34055     FIXED
      20      7      7        0.00000     FIXED
      21      8      8        0.00000     FIXED
     MULTIPOLARITY=7
    INDEX   NF     NS          ME               LIMITS
      22      2      3       -0.07193     FIXED
      23      2     10        0.06143     FIXED
      24      4      5       -0.26298     FIXED
      25      4     10        0.35501     FIXED


                                                  CALCULATED YIELDS

     EXPERIMENT  1  DETECTOR  1
     ENERGY    317.800 MEV  THETA  22.850 DEG

     NI     NF     II     IF     YIELD     NORMALIZED YIELD

      8      6    8.0    6.0           0.000870847790899254405386220589946333348052576184272766113281        0.13461E-06
      7      4    6.0    4.0           0.000363046039029851297721962488651570311048999428749084472656        0.56119E-07
      7      5    6.0    4.0           0.003709906056950607652206164388530851283576339483261108398438        0.57347E-06
      6      4    6.0    4.0           0.285934429858897165566133935499237850308418273925781250000000        0.44199E-04
      5      2    4.0    2.0           0.067917006194925452766675277871399885043501853942871093750000        0.10498E-04
      5      3    4.0    2.0           0.400018603744709322356243319518398493528366088867187500000000        0.61834E-04
      5      4    4.0    4.0           0.066591515499356573881684084881271701306104660034179687500000        0.10294E-04
      9      2    0.0    2.0           0.065502784987187104293049344505561748519539833068847656250000        0.10125E-04
      9      3    0.0    2.0           0.025546782293127186236336711999683757312595844268798828125000        0.39490E-05
     10      2    3.0    2.0           0.002615689835606495924208436676394740061368793249130249023438        0.40433E-06
     10      3    3.0    2.0           0.062833911194212929696156777481519384309649467468261718750000        0.97127E-05
     10      4    3.0    4.0           0.000809503833166434327156535388780866924207657575607299804688        0.12513E-06
      4      2    4.0    2.0          63.461905359667269976853276602923870086669921875000000000000000        0.98098E-02
      3      1    2.0    0.0           0.000044610398800848933393257966795175661900429986417293548584        0.68958E-08
      3      2    2.0    2.0          18.031535749558187831098621245473623275756835937500000000000000        0.27873E-02
      2      1    2.0    0.0        6469.248032441446412121877074241638183593750000000000000000000000        0.10000E+01


                                                  CALCULATED YIELDS

     EXPERIMENT  2  DETECTOR  1
     ENERGY    317.800 MEV  THETA  31.070 DEG

     NI     NF     II     IF     YIELD     NORMALIZED YIELD

      8      6    8.0    6.0           0.021411348842563748123835054570918146055191755294799804687500        0.31081E-05
      7      4    6.0    4.0           0.004451872216377258072161904323138514882884919643402099609375        0.64623E-06
      7      5    6.0    4.0           0.045492936670285130662527706135733751580119132995605468750000        0.66037E-05
      6      4    6.0    4.0           2.349558062758118293089637518278323113918304443359375000000000        0.34106E-03
      5      2    4.0    2.0           0.341411740434792387866025364928646013140678405761718750000000        0.49559E-04
      5      3    4.0    2.0           2.010851334691763359074911932111717760562896728515625000000000        0.29189E-03
      5      4    4.0    4.0           0.334382810231770855047273016680264845490455627441406250000000        0.48539E-04
      9      2    0.0    2.0           0.408645983616518104764026020347955636680126190185546875000000        0.59319E-04
      9      3    0.0    2.0           0.159376274294416808707808286271756514906883239746093750000000        0.23135E-04
     10      2    3.0    2.0           0.025183898149583792969163908992413780651986598968505859375000        0.36557E-05
     10      3    3.0    2.0           0.604468959804095762322617702011484652757644653320312500000000        0.87744E-04
     10      4    3.0    4.0           0.007795785413418770092019993711573988548479974269866943359375        0.11316E-05
      4      2    4.0    2.0         182.767162633044705444262945093214511871337890625000000000000000        0.26530E-01
      3      1    2.0    0.0           0.000140903964792895398461594624883730375586310401558876037598        0.20454E-07
      3      2    2.0    2.0          56.803231631169502691136585781350731849670410156250000000000000        0.82455E-02
      2      1    2.0    0.0        6888.989765148520746151916682720184326171875000000000000000000000        0.10000E+01


                                                  CALCULATED YIELDS

     EXPERIMENT  3  DETECTOR  1
     ENERGY    317.800 MEV  THETA  38.100 DEG

     NI     NF     II     IF     YIELD     NORMALIZED YIELD

      8      6    8.0    6.0           0.130958427445238861919207806749909650534391403198242187500000        0.19459E-04
      7      4    6.0    4.0           0.018256958622763618665940654750556859653443098068237304687500        0.27128E-05
      7      5    6.0    4.0           0.186564850318420960562093569024000316858291625976562500000000        0.27722E-04
      6      4    6.0    4.0           7.653045965932587790803154348395764827728271484375000000000000        0.11372E-02
      5      2    4.0    2.0           0.889012992687458258878052674845093861222267150878906250000000        0.13210E-03
      5      3    4.0    2.0           5.236120229858532759692479885416105389595031738281250000000000        0.77804E-03
      5      4    4.0    4.0           0.870027807881643466814125531527679413557052612304687500000000        0.12928E-03
      9      2    0.0    2.0           1.124437109776495358204329022555612027645111083984375000000000        0.16708E-03
      9      3    0.0    2.0           0.438542416476418672743875504238530993461608886718750000000000        0.65164E-04
     10      2    3.0    2.0           0.087978028836795493794475930826592957600951194763183593750000        0.13073E-04
     10      3    3.0    2.0           2.109927541350189894586719674407504498958587646484375000000000        0.31352E-03
     10      4    3.0    4.0           0.027227251542544364526499123257963219657540321350097656250000        0.40457E-05
      4      2    4.0    2.0         323.551658519088562115939566865563392639160156250000000000000000        0.48077E-01
      3      1    2.0    0.0           0.000264947931805535152709196733411545210401527583599090576172        0.39369E-07
      3      2    2.0    2.0         106.658415354631671334573184140026569366455078125000000000000000        0.15849E-01
      2      1    2.0    0.0        6729.850500277682840533088892698287963867187500000000000000000000        0.10000E+01


                                                  CALCULATED YIELDS

     EXPERIMENT  4  DETECTOR  1
     ENERGY    317.800 MEV  THETA  44.000 DEG

     NI     NF     II     IF     YIELD     NORMALIZED YIELD

      8      6    8.0    6.0           0.402095319783817517489410420239437371492385864257812500000000        0.63246E-04
      7      4    6.0    4.0           0.043853675419622858977497514842980308458209037780761718750000        0.68978E-05
      7      5    6.0    4.0           0.448133610786757563548832195010618306696414947509765625000000        0.70488E-04
      6      4    6.0    4.0          15.721075998767679138268249516841024160385131835937500000000000        0.24728E-02
      5      2    4.0    2.0           1.638830729098738725468820121022872626781463623046875000000000        0.25778E-03
      5      3    4.0    2.0           9.652409222202290806080782203935086727142333984375000000000000        0.15182E-02
      5      4    4.0    4.0           1.602776296252239385253801629005465656518936157226562500000000        0.25210E-03
      9      2    0.0    2.0           2.096836418650762201565385112189687788486480712890625000000000        0.32982E-03
      9      3    0.0    2.0           0.817788485816257626481728948419913649559020996093750000000000        0.12863E-03
     10      2    3.0    2.0           0.184863369184232601005746232658566441386938095092773437500000        0.29078E-04
     10      3    3.0    2.0           4.430391612716028326701689366018399596214294433593750000000000        0.69687E-03
     10      4    3.0    4.0           0.057187155262446873194015495300845941528677940368652343750000        0.89951E-05
      4      2    4.0    2.0         450.162045387839725663070566952228546142578125000000000000000000        0.70807E-01
      3      1    2.0    0.0           0.000385999172116608876836885144712141482159495353698730468750        0.60715E-07
      3      2    2.0    2.0         155.278267165283267559061641804873943328857421875000000000000000        0.24424E-01
      2      1    2.0    0.0        6357.598037158320948947221040725708007812500000000000000000000000        0.10000E+01


                                                  CALCULATED YIELDS

     EXPERIMENT  5  DETECTOR  1
     ENERGY    317.800 MEV  THETA  40.780 DEG

     NI     NF     II     IF     YIELD     NORMALIZED YIELD

      8      6    8.0    6.0          11.134844264320634010800858959555625915527343750000000000000000        0.19019E-02
      7      4    6.0    4.0           0.685041502182731631975798336497973650693893432617187500000000        0.11701E-03
      7      5    6.0    4.0           7.000338092267353040654143114807084202766418457031250000000000        0.11957E-02
      6      4    6.0    4.0         138.685324901408165487737278454005718231201171875000000000000000        0.23688E-01
      5      2    4.0    2.0          13.741794296357412008546816650778055191040039062500000000000000        0.23472E-02
      5      3    4.0    2.0          80.936944537729985427176870871335268020629882812500000000000000        0.13824E-01
      5      4    4.0    4.0          13.442944839718270699790991784539073705673217773437500000000000        0.22961E-02
      9      2    0.0    2.0          18.050265878590938228853701730258762836456298828125000000000000        0.30831E-02
      9      3    0.0    2.0           7.039797709707031003745214547961950302124023437500000000000000        0.12024E-02
     10      2    3.0    2.0           1.311841896246886296495404167217202484607696533203125000000000        0.22407E-03
     10      3    3.0    2.0          31.303334091606124900408758549019694328308105468750000000000000        0.53468E-02
     10      4    3.0    4.0           0.404354262148270360288648817004286684095859527587890625000000        0.69066E-04
      4      2    4.0    2.0        1330.190790523917030441225506365299224853515625000000000000000000        0.22720E+00
      3      1    2.0    0.0           0.001424357890691483252351701160876018548151478171348571777344        0.24329E-06
      3      2    2.0    2.0         572.693176661930692716850899159908294677734375000000000000000000        0.97819E-01
      2      1    2.0    0.0        5854.625476691146104712970554828643798828125000000000000000000000        0.10000E+01


                    CALCULATED INTERNAL CONVERSION COEFFICIENTS FOR E1,E2 AND M1

     NI     NF       II        IF         ENERGY(MEV)      ICC(E1)        ICC(E2)        ICC(M1)
      8      6        8.0       6.0         0.7269        .0000E+00      .1051E-01      .0000E+00
      7      4        6.0       4.0         1.1305        .0000E+00      .1020E-02      .0000E+00
      7      5        6.0       4.0         0.7141        .0000E+00      .1093E-01      .0000E+00
      6      4        6.0       4.0         0.6489        .0000E+00      .1347E-01      .0000E+00
      5      2        4.0       2.0         0.9376        .0000E+00      .6235E-02      .0000E+00
      5      3        4.0       2.0         0.6046        .0000E+00      .1581E-01      .0000E+00
      5      4        4.0       4.0         0.4164        .0000E+00      .3931E-01      .1262E+00
      9      2        0.0       2.0         0.7796        .0000E+00      .9066E-02      .0000E+00
      9      3        0.0       2.0         0.4466        .0000E+00      .3281E-01      .0000E+00
     10      2        3.0       2.0         0.6594        .0000E+00      .1300E-01      .3784E-01
     10      3        3.0       2.0         0.3264        .0000E+00      .7696E-01      .2432E+00
     10      4        3.0       4.0         0.1382        .0000E+00      .2732E+00      .8054E+00
      4      2        4.0       2.0         0.5212        .0000E+00      .2239E-01      .0000E+00
      3      1        2.0       0.0         0.6887        .0000E+00      .1183E-01      .0000E+00
      3      2        2.0       2.0         0.3330        .0000E+00      .7258E-01      .2301E+00
      2      1        2.0       0.0         0.3557        .0000E+00      .6028E-01      .0000E+00


          E2/M1 MIXING RATIOS
          TRANSITION          EXP.DELTA          CALC.DELTA          SIGMA

           3---  2               -5.20              -5.23             -0.07


                    CALCULATED LIFETIMES

     LEVEL     LIFETIME(PSEC)     EXP        ERROR

        2       0.4930E+02     0.4927E+02    -.2164E+00    0.2164E+00
        3       0.4859E+02     0.4876E+02    -.1001E+01    0.1001E+01
        4       0.5120E+01     0.5122E+01    -.7210E-01    0.7210E-01
        5       0.3720E+01     0.3751E+01    -.7935E+00    0.7935E+00
        6       0.1415E+01     0.1414E+01    -.1154E+00    0.1154E+00
        7       0.1191E+01     0.1111E+01    -.2741E+00    0.2741E+00
        8       0.6063E+00     0.6059E+00    -.6490E-01    0.6490E-01
        9       0.5984E+01     0.6059E+01    -.1443E+01    0.1443E+01
       10       0.1359E+02


CALCULATED AND EXPERIMENTAL MATRIX ELEMENTS


     NI NF  EXP. ME   CURRENT ME   SIGMA
      2   2    0.8180    0.8312    0.1245
      3   3   -0.5146   -0.5146    0.0000
      4   4    1.3659    1.3659   -0.0000
      6   6   -0.2582   -0.2582    0.0000
               ********* END OF EXECUTION **********
