1
 *****************************************************************************************************************************
 *****************************************************************************************************************************
 **************************************************                         **************************************************
 **************************************************          GOSIA          **************************************************
 **************************************************                         **************************************************
 *****************************************************************************************************************************
 *****************************************************************************************************************************





                    ROCHESTER COULOMB EXCITATION DATA ANALYSIS CODE BY T.CZOSNYKA,D.CLINE AND C.Y.WU
                                                  VERSION: 20081208.18






               Coulomb excitation of a 196Pt target by a 78Kr beam                        
          ----------------------------------------------------------------------------------------------------

                                        LEVELS

     INDEX     PARITY         SPIN           ENERGY(MEV)
       1           +           0.0            0.0000
       2           +           2.0            0.3557
       3           +           2.0            0.6887
       4           +           4.0            0.8769
       5           +           4.0            1.2933
       6           +           6.0            1.5258
       7           +           6.0            2.0074
       8           +           8.0            2.2527
       9           +           0.0            1.1353
      10           +           3.0            1.0150

                                        MATRIX ELEMENTS


     MULTIPOLARITY=2
    INDEX   NF     NS          ME               LIMITS
       1      1      2        1.20620     FIXED
       2      1      3        0.00050     FIXED
       3      2      2        0.81800     FIXED
       4      2      3        1.30000     FIXED
       5      2      4        1.93000     FIXED
       6      2      5        0.18460     FIXED
       7      2      9        0.13760     FIXED
       8      3      3       -0.51460     FIXED
       9      3      5        1.32860     FIXED
      10      3      9        0.34890     FIXED
      11      3     10        2.00000     FIXED
      12      4      4        1.36590     FIXED
      13      4      5        1.01720     FIXED
      14      4      6        2.55010     FIXED
      15      4      7        0.20630     FIXED
      16      5      5        0.00000     FIXED
      17      5      7        2.07980     FIXED
      18      6      6       -0.25820     FIXED
      19      6      8        3.00290     FIXED
      20      7      7        0.00000     FIXED
      21      8      8        0.00000     FIXED
     MULTIPOLARITY=7
    INDEX   NF     NS          ME               LIMITS
      22      2      3       -0.06950     FIXED
      23      2     10        0.03900     FIXED
      24      4      5       -0.35000     FIXED
      25      4     10        0.22540     FIXED

                                               REPRINT OF EXPERIMENTAL DATA TO BE FITTED





     EXPERIMENT  1
  PROJECTILE ( 36., 78.) 317.800 MEV ---1 GE(LI) DETECTOR(S)  WEIGHT=0.10E+01
                    ** EXPERIMENTAL YIELDS **
    DECAY IS  IF         YIELD+/-ERROR

      16   2   1  0.224320E+05     0.586000E+03
      13   4   2  0.231000E+03     0.460000E+02



     EXPERIMENT  2
  PROJECTILE ( 36., 78.) 317.800 MEV ---1 GE(LI) DETECTOR(S)  WEIGHT=0.10E+01
                    ** EXPERIMENTAL YIELDS **
    DECAY IS  IF         YIELD+/-ERROR

      16   2   1  0.211950E+05     0.534000E+03
      13   4   2  0.528000E+03     0.660000E+02



     EXPERIMENT  3
  PROJECTILE ( 36., 78.) 317.800 MEV ---1 GE(LI) DETECTOR(S)  WEIGHT=0.10E+01
                    ** EXPERIMENTAL YIELDS **
    DECAY IS  IF         YIELD+/-ERROR

      16   2   1  0.177910E+05     0.402000E+03
      13   4   2  0.660000E+03     0.990000E+02



     EXPERIMENT  4
  PROJECTILE ( 36., 78.) 317.800 MEV ---1 GE(LI) DETECTOR(S)  WEIGHT=0.10E+01
                    ** EXPERIMENTAL YIELDS **
    DECAY IS  IF         YIELD+/-ERROR

      16   2   1  0.135110E+05     0.310000E+03
      13   4   2  0.100400E+04     0.100000E+03



     EXPERIMENT  5
  PROJECTILE ( 36., 78.) 317.800 MEV ---1 GE(LI) DETECTOR(S)  WEIGHT=0.10E+01
                    ** EXPERIMENTAL YIELDS **
    DECAY IS  IF         YIELD+/-ERROR

      16   2   1  0.299100E+05     0.687000E+03
      13   4   2  0.607500E+04     0.271000E+03


       10 EXPERIMENTAL YIELDS            0 MATRIX ELEMENTS TO BE VARIED



                                        BRANCHING RATIOS

     NS1     NF1     NS2     NF2     RATIO(1:2)         ERROR
      5       4       5       3        0.17000       -0.05200      0.05200
      5       2       5       3        0.17000       -0.02400      0.02400
      9       3       9       2        0.39000       -0.04330      0.04330
     10       4      10       3        0.01300       -0.00413      0.00413
     10       2      10       3        0.04400       -0.01000      0.01000
     BRANCHING RATIOS ARE TAKEN WITH WEIGHT    0.100000E+01



                              LIFETIMES(PSEC)


     LEVEL         LIFETIME     ERROR

        2           49.27        -0.22         0.22
        3           48.76        -1.00         1.00
        4            5.12        -0.07         0.07
        5            3.75        -0.79         0.79
        6            1.41        -0.12         0.12
        7            1.11        -0.27         0.27
        8            0.61        -0.06         0.06
        9            6.06        -1.44         1.44

          LIFETIMES ARE TAKEN WITH WEIGHT    0.100000E+01


                    EXPERIMENTAL E2/M1 MIXING RATIOS


          TRANSITION            DELTA          ERROR

           3---  2               -5.2000          -0.5000      0.5000

          E2/M1 MIXING RATIOS ARE TAKEN WITH WEIGHT    0.100000E+01


                              EXPERIMENTAL MATRIX ELEMENT(S)


          TRANSITION          MAT.EL.          ERROR

           2---  2                0.8180          -0.1060      0.1060
           3---  3               -0.5146          -0.2100      0.2100
           4---  4                1.3659          -0.1590      0.1590
           6---  6               -0.2582          -0.3700      0.3700

           MATRIX ELEMENT(S) ARE TAKEN WITH WEIGHT    0.100000E+01



     *****  RESTART-MATRIX ELEMENTS OVERWRITTEN  *****




                                        MATRIX ELEMENTS


     MULTIPOLARITY=2
    INDEX   NF     NS          ME               LIMITS
       1      1      2        1.17112     FIXED
       2      1      3        0.00035     FIXED
       3      2      2        0.83120     FIXED
       4      2      3        1.35473     FIXED
       5      2      4        1.91031     FIXED
       6      2      5        0.18442     FIXED
       7      2      9        0.18314     FIXED
       8      3      3       -0.51460     FIXED
       9      3      5        1.34040     FIXED
      10      3      9        0.46048     FIXED
      11      3     10        3.15000     FIXED
      12      4      4        1.36590     FIXED
      13      4      5        1.14755     FIXED
      14      4      6        2.53586     FIXED
      15      4      7        0.20630     FIXED
      16      5      5        0.00000     FIXED
      17      5      7        2.07980     FIXED
      18      6      6       -0.25820     FIXED
      19      6      8        3.34055     FIXED
      20      7      7        0.00000     FIXED
      21      8      8        0.00000     FIXED
     MULTIPOLARITY=7
    INDEX   NF     NS          ME               LIMITS
      22      2      3       -0.07193     FIXED
      23      2     10        0.06143     FIXED
      24      4      5       -0.26298     FIXED
      25      4     10        0.35501     FIXED





     INTEGRATED RUTHERFORD CROSS SECTION=.4284E+05  FOR EXP. 1





                                                  INTEGRATED YIELDS

     EXPERIMENT  1  DETECTOR  1
     ENERGY RANGE  304.200--- 331.500 MEV   SCATTERING ANGLE RANGE  17.415--- 28.305 DEG

     NI     NF     II     IF     YIELD     NORMALIZED YIELD

      8      6    8.0    6.0           0.000429899834190147105746765410216880809457506984472274780273        0.27015E-06
      7      4    6.0    4.0           0.000140243878295789198024784427687450261146295815706253051758        0.88129E-07
      7      5    6.0    4.0           0.001433131654789823955856165049738137895474210381507873535156        0.90058E-06
      6      4    6.0    4.0           0.096388146399245769324615196183003718033432960510253906250000        0.60570E-04
      5      2    4.0    2.0           0.020107499497719654585337067942418798338621854782104492187500        0.12636E-04
      5      3    4.0    2.0           0.118429437676472112950243342766043497249484062194824218750000        0.74421E-04
      5      4    4.0    4.0           0.019707005744544391079298151225884794257581233978271484375000        0.12384E-04
      9      2    0.0    2.0           0.020701375231979204233345726038351131137460470199584960937500        0.13009E-04
      9      3    0.0    2.0           0.008073756334208580590083847994264942826703190803527832031250        0.50736E-05
     10      2    3.0    2.0           0.000930026372518026004515556692808786465320736169815063476562        0.58443E-06
     10      3    3.0    2.0           0.022339897327926117737151301412268367130309343338012695312500        0.14038E-04
     10      4    3.0    4.0           0.000287885673639385090364500863202579239441547542810440063477        0.18091E-06
      4      2    4.0    2.0          16.862363201489870334626175463199615478515625000000000000000000        0.10596E-01
      3      1    2.0    0.0           0.000012034345930961717481793953055113632899519870989024639130        0.75624E-08
      3      2    2.0    2.0           4.864559612344707240083607757696881890296936035156250000000000        0.30569E-02
      2      1    2.0    0.0        1591.338685459637190433568321168422698974609375000000000000000000        0.10000E+01





     INTEGRATED RUTHERFORD CROSS SECTION=.1401E+05  FOR EXP. 2





                                                  INTEGRATED YIELDS

     EXPERIMENT  2  DETECTOR  1
     ENERGY RANGE  304.200--- 331.500 MEV   SCATTERING ANGLE RANGE  26.415--- 35.775 DEG

     NI     NF     II     IF     YIELD     NORMALIZED YIELD

      8      6    8.0    6.0           0.005947531917803577754255694998164472053758800029754638671875        0.40382E-05
      7      4    6.0    4.0           0.001126155293453069564449386952276199735933914780616760253906        0.76464E-06
      7      5    6.0    4.0           0.011507987353550861234219304662929062033072113990783691406250        0.78137E-05
      6      4    6.0    4.0           0.562727946093718789377646771754371002316474914550781250000000        0.38208E-03
      5      2    4.0    2.0           0.078849578046844545631266498730838065966963768005371093750000        0.53537E-04
      5      3    4.0    2.0           0.464408479923579420312051979635725729167461395263671875000000        0.31532E-03
      5      4    4.0    4.0           0.077100961723721689322630368224054109305143356323242187500000        0.52350E-04
      9      2    0.0    2.0           0.095547729902365305387768046330165816470980644226074218750000        0.64875E-04
      9      3    0.0    2.0           0.037264629491208484113329291176341939717531204223632812500000        0.25302E-04
     10      2    3.0    2.0           0.006140985660655208337732613443904483574442565441131591796875        0.41696E-05
     10      3    3.0    2.0           0.147432611040256039691698219940008129924535751342773437500000        0.10010E-03
     10      4    3.0    4.0           0.001901211440866334414709348799021881859516724944114685058594        0.12909E-05
      4      2    4.0    2.0          40.147511373688359981315443292260169982910156250000000000000000        0.27259E-01
      3      1    2.0    0.0           0.000031133537265318092339405620094794358010403811931610107422        0.21139E-07
      3      2    2.0    2.0          12.546824181545545684457465540617704391479492187500000000000000        0.85190E-02
      2      1    2.0    0.0        1472.799456822179081427748315036296844482421875000000000000000000        0.10000E+01





     INTEGRATED RUTHERFORD CROSS SECTION=.6275E+04  FOR EXP. 3





                                                  INTEGRATED YIELDS

     EXPERIMENT  3  DETECTOR  1
     ENERGY RANGE  304.200--- 331.500 MEV   SCATTERING ANGLE RANGE  34.245--- 42.075 DEG

     NI     NF     II     IF     YIELD     NORMALIZED YIELD

      8      6    8.0    6.0           0.026928609786794770880602456486485607456415891647338867187500        0.22207E-04
      7      4    6.0    4.0           0.003599427490438722714721775375323886692058295011520385742188        0.29683E-05
      7      5    6.0    4.0           0.036781870115396915477123940263481927104294300079345703125000        0.30333E-04
      6      4    6.0    4.0           1.461092573411434614172321744263172149658203125000000000000000        0.12049E-02
      5      2    4.0    2.0           0.167542052544615266418404075920989271253347396850585937500000        0.13817E-03
      5      3    4.0    2.0           0.986788091383988930083148716221330687403678894042968750000000        0.81377E-03
      5      4    4.0    4.0           0.163499721622244492680309235765889752656221389770507812500000        0.13483E-03
      9      2    0.0    2.0           0.212490166471250963020622748445020988583564758300781250000000        0.17523E-03
      9      3    0.0    2.0           0.082873421289925863764125324451015330851078033447265625000000        0.68343E-04
     10      2    3.0    2.0           0.016897203414130146370553120505064725875854492187500000000000        0.13934E-04
     10      3    3.0    2.0           0.405429196510327660707417862795409746468067169189453125000000        0.33434E-03
     10      4    3.0    4.0           0.005230128104155164214805751043968484736979007720947265625000        0.43131E-05
      4      2    4.0    2.0          59.171618195160732511794776655733585357666015625000000000000000        0.48797E-01
      3      1    2.0    0.0           0.000048615795043547416600174249090571265696780756115913391113        0.40092E-07
      3      2    2.0    2.0          19.555379929289532725533717893995344638824462890625000000000000        0.16127E-01
      2      1    2.0    0.0        1212.617571180040613398887217044830322265625000000000000000000000        0.10000E+01





     INTEGRATED RUTHERFORD CROSS SECTION=.3372E+04  FOR EXP. 4





                                                  INTEGRATED YIELDS

     EXPERIMENT  4  DETECTOR  1
     ENERGY RANGE  304.200--- 331.500 MEV   SCATTERING ANGLE RANGE  40.815--- 47.385 DEG

     NI     NF     II     IF     YIELD     NORMALIZED YIELD

      8      6    8.0    6.0           0.066060055052862956537218508401565486565232276916503906250000        0.68956E-04
      7      4    6.0    4.0           0.007038569399333669159013471272601236705668270587921142578125        0.73471E-05
      7      5    6.0    4.0           0.071925835424655623628886758069711504504084587097167968750000        0.75079E-04
      6      4    6.0    4.0           2.462855960356704621005974331637844443321228027343750000000000        0.25708E-02
      5      2    4.0    2.0           0.255187722414296269679567785715335048735141754150390625000000        0.26637E-03
      5      3    4.0    2.0           1.503003863559106534353304596152156591415405273437500000000000        0.15689E-02
      5      4    4.0    4.0           0.248939242784175146505631914806144777685403823852539062500000        0.25985E-03
      9      2    0.0    2.0           0.326791502597045313560641943695372901856899261474609375000000        0.34112E-03
      9      3    0.0    2.0           0.127452157529218929044034780417860019952058792114257812500000        0.13304E-03
     10      2    3.0    2.0           0.029034926016987410574143879671282775234431028366088867187500        0.30308E-04
     10      3    3.0    2.0           0.696159294599472233677772692317375913262367248535156250000000        0.72668E-03
     10      4    3.0    4.0           0.008983218312432204519235590112202771706506609916687011718750        0.93770E-05
      4      2    4.0    2.0          68.580183596074760998817509971559047698974609375000000000000000        0.71586E-01
      3      1    2.0    0.0           0.000058952949119774338167243588060273395967669785022735595703        0.61537E-07
      3      2    2.0    2.0          23.699543164440697751160769257694482803344726562500000000000000        0.24738E-01
      2      1    2.0    0.0         958.005928300122945984185207635164260864257812500000000000000000        0.10000E+01





     INTEGRATED RUTHERFORD CROSS SECTION=.2568E+04  FOR EXP. 5





                                                  INTEGRATED YIELDS

     EXPERIMENT  5  DETECTOR  1
     ENERGY RANGE  304.200--- 331.500 MEV   SCATTERING ANGLE RANGE  34.245--- 47.385 DEG

     NI     NF     II     IF     YIELD     NORMALIZED YIELD

      8      6    8.0    6.0           3.720798220997355354455748965847305953502655029296875000000000        0.19212E-02
      7      4    6.0    4.0           0.228234523087114365980099250919010955840349197387695312500000        0.11784E-03
      7      5    6.0    4.0           2.332288459713198758294083745568059384822845458984375000000000        0.12042E-02
      6      4    6.0    4.0          45.087181618807591121367295272648334503173828125000000000000000        0.23280E-01
      5      2    4.0    2.0           4.497110010850959405104276811471208930015563964843750000000000        0.23220E-02
      5      3    4.0    2.0          26.487181354869935745455222786404192447662353515625000000000000        0.13676E-01
      5      4    4.0    4.0           4.394527542500787475887591426726430654525756835937500000000000        0.22690E-02
      9      2    0.0    2.0           5.899223741099766549211835808819159865379333496093750000000000        0.30459E-02
      9      3    0.0    2.0           2.300760671660654566039738710969686508178710937500000000000000        0.11879E-02
     10      2    3.0    2.0           0.420407929036084926366356739890761673450469970703125000000000        0.21707E-03
     10      3    3.0    2.0          10.030231447765959984508299385197460651397705078125000000000000        0.51789E-02
     10      4    3.0    4.0           0.129580300348772353702386794793710578233003616333007812500000        0.66906E-04
      4      2    4.0    2.0         430.894035071191012775670969858765602111816406250000000000000000        0.22248E+00
      3      1    2.0    0.0           0.000460835174514786832713347797252367854525800794363021850586        0.23794E-06
      3      2    2.0    2.0         185.302506073752141446675523184239864349365234375000000000000000        0.95677E-01
      2      1    2.0    0.0        1936.753262326622234468231908977031707763671875000000000000000000        0.10000E+01



          EXPERIMENT  1        DETECTOR  1

         NI     NF     YEXP        YCOR        COR.F

        4        2   .231E+03    .214E+03    .925E+00
        2        1   .224E+05    .224E+05    .100E+01



          EXPERIMENT  2        DETECTOR  1

         NI     NF     YEXP        YCOR        COR.F

        4        2   .528E+03    .591E+03    .112E+01
        2        1   .212E+05    .244E+05    .115E+01



          EXPERIMENT  3        DETECTOR  1

         NI     NF     YEXP        YCOR        COR.F

        4        2   .660E+03    .887E+03    .134E+01
        2        1   .178E+05    .243E+05    .136E+01



          EXPERIMENT  4        DETECTOR  1

         NI     NF     YEXP        YCOR        COR.F

        4        2   .100E+04    .162E+04    .161E+01
        2        1   .135E+05    .220E+05    .163E+01



          EXPERIMENT  5        DETECTOR  1

         NI     NF     YEXP        YCOR        COR.F

        4        2   .608E+04    .461E+04    .759E+00
        2        1   .299E+05    .222E+05    .743E+00
               ********* END OF EXECUTION **********
