1
 *****************************************************************************************************************************
 *****************************************************************************************************************************
 **************************************************                         **************************************************
 **************************************************          GOSIA          **************************************************
 **************************************************                         **************************************************
 *****************************************************************************************************************************
 *****************************************************************************************************************************





                    ROCHESTER COULOMB EXCITATION DATA ANALYSIS CODE BY T.CZOSNYKA,D.CLINE AND C.Y.WU
                                                  VERSION: 20081208.18






               Coulomb excitation of a 196Pt target by a 78Kr beam                        
          ----------------------------------------------------------------------------------------------------

                                        LEVELS

     INDEX     PARITY         SPIN           ENERGY(MEV)
       1           +           0.0            0.0000
       2           +           2.0            0.3285
       3           +           2.0            0.6220
       4           +           4.0            0.8113
       5           +           4.0            1.2295
       6           +           0.0            1.2672
       7           +           6.0            1.4118

                                        MATRIX ELEMENTS


     MULTIPOLARITY=2
    INDEX   NF     NS          ME               LIMITS
       1      1      2        1.20800     FIXED
       2      1      3        0.08880     FIXED
       3      2      2        0.54000     FIXED
       4      2      3        1.51700     FIXED
       5      2      4        1.93500     FIXED
       6      2      5        0.22000     FIXED
       7      2      6        0.07000     FIXED
       8      3      6        0.23100     FIXED
       9      3      3       -0.40000     FIXED
      10      3      4        0.25000     FIXED
      11      3      5        1.78400     FIXED
      12      4      4        1.00000     FIXED
      13      4      5        1.51000     FIXED
      14      4      7        2.90000     FIXED
      15      5      5       -0.07000     FIXED
      16      5      7        0.16000     FIXED
      17      7      7        0.28000     FIXED
     MULTIPOLARITY=7
    INDEX   NF     NS          ME               LIMITS
      18      2      3        0.02800     FIXED
      19      4      5        0.19000     FIXED

                                               REPRINT OF EXPERIMENTAL DATA TO BE FITTED





     EXPERIMENT  1
  PROJECTILE ( 36., 78.) 322.600 MEV ---1 GE(LI) DETECTOR(S)  WEIGHT=0.10E+01
                    ** EXPERIMENTAL YIELDS **
    DECAY IS  IF         YIELD+/-ERROR

      12   2   1  0.269900E+04     0.150000E+03



     EXPERIMENT  2
  PROJECTILE ( 36., 78.)  32.600 MEV ---1 GE(LI) DETECTOR(S)  WEIGHT=0.10E+01
                    ** EXPERIMENTAL YIELDS **
    DECAY IS  IF         YIELD+/-ERROR

      12   2   1  0.235500E+04     0.125000E+03



     EXPERIMENT  3
  PROJECTILE ( 36., 78.)  32.600 MEV ---1 GE(LI) DETECTOR(S)  WEIGHT=0.10E+01
                    ** EXPERIMENTAL YIELDS **
    DECAY IS  IF         YIELD+/-ERROR

      12   2   1  0.196300E+04     0.148000E+03



     EXPERIMENT  4
  PROJECTILE ( 36., 78.)  32.600 MEV ---1 GE(LI) DETECTOR(S)  WEIGHT=0.10E+01
                    ** EXPERIMENTAL YIELDS **
    DECAY IS  IF         YIELD+/-ERROR

      12   2   1  0.147200E+04     0.990000E+02



     EXPERIMENT  5
  PROJECTILE ( 36., 78.)  32.600 MEV ---1 GE(LI) DETECTOR(S)  WEIGHT=0.10E+01
                    ** EXPERIMENTAL YIELDS **
    DECAY IS  IF         YIELD+/-ERROR

      12   2   1  0.490700E+04     0.202000E+03


        5 EXPERIMENTAL YIELDS            0 MATRIX ELEMENTS TO BE VARIED






     *****  RESTART-MATRIX ELEMENTS OVERWRITTEN  *****




                                        MATRIX ELEMENTS


     MULTIPOLARITY=2
    INDEX   NF     NS          ME               LIMITS
       1      1      2        1.30076     FIXED
       2      1      3        0.09766     FIXED
       3      2      2        0.66875     FIXED
       4      2      3        1.72206     FIXED
       5      2      4        2.25970     FIXED
       6      2      5        0.12531     FIXED
       7      2      6        0.06597     FIXED
       8      3      6        0.23849     FIXED
       9      3      3       -0.40000     FIXED
      10      3      4        0.25031     FIXED
      11      3      5        1.14598     FIXED
      12      4      4        1.00000     FIXED
      13      4      5        0.98130     FIXED
      14      4      7        2.40607     FIXED
      15      5      5       -0.07000     FIXED
      16      5      7        0.16000     FIXED
      17      7      7        0.28000     FIXED
     MULTIPOLARITY=7
    INDEX   NF     NS          ME               LIMITS
      18      2      3        0.02812     FIXED
      19      4      5        0.18573     FIXED





     INTEGRATED RUTHERFORD CROSS SECTION=.2733E+05  FOR EXP. 1





                                                  INTEGRATED YIELDS

     EXPERIMENT  1  DETECTOR  1
     ENERGY RANGE  313.600--- 331.500 MEV   SCATTERING ANGLE RANGE  17.505--- 28.215 DEG

     NI     NF     II     IF     YIELD     NORMALIZED YIELD

      7      4    6.0    4.0           0.124299838173312901523637208356376504525542259216308593750000        0.94747E-04
      7      5    6.0    4.0           0.000001417467903999961268088369527318182150565917254425585270        0.10805E-08
      6      2    0.0    2.0           0.001205595762431934487787787979584663844434544444084167480469        0.91896E-06
      6      3    0.0    2.0           0.002416471958376467058654535335904256498906761407852172851562        0.18419E-05
      5      2    4.0    2.0           0.010341818287299976361626185905606689630076289176940917968750        0.78830E-05
      5      3    4.0    2.0           0.120497962620196019667417886012117378413677215576171875000000        0.91849E-04
      5      4    4.0    4.0           0.017786899734264817463103014461012207902967929840087890625000        0.13558E-04
      4      2    4.0    2.0          21.294004955042918680874208803288638591766357421875000000000000        0.16231E-01
      4      3    4.0    2.0           0.002418769274637872640498770238082215655595064163208007812500        0.18437E-05
      3      1    2.0    0.0           1.404878841764148011961310658080037683248519897460937500000000        0.10709E-02
      3      2    2.0    2.0          10.327328590545329589645007217768579721450805664062500000000000        0.78719E-02
      2      1    2.0    0.0        1311.916897892045426488039083778858184814453125000000000000000000        0.10000E+01





     INTEGRATED RUTHERFORD CROSS SECTION=.8922E+04  FOR EXP. 2





                                                  INTEGRATED YIELDS

     EXPERIMENT  2  DETECTOR  1
     ENERGY RANGE  313.600--- 331.500 MEV   SCATTERING ANGLE RANGE  26.505--- 35.685 DEG

     NI     NF     II     IF     YIELD     NORMALIZED YIELD

      7      4    6.0    4.0           0.699734394890062172400746476341737434267997741699218750000000        0.58655E-03
      7      5    6.0    4.0           0.000007979437568369491978509562557508871805111994035542011261        0.66887E-08
      6      2    0.0    2.0           0.005951484191189622234563483260672001051716506481170654296875        0.49888E-05
      6      3    0.0    2.0           0.011929035456149006746984220228569029131904244422912597656250        0.99994E-05
      5      2    4.0    2.0           0.037481153186496717066855666189439943991601467132568359375000        0.31418E-04
      5      3    4.0    2.0           0.436712409430555947853491716159624047577381134033203125000000        0.36607E-03
      5      4    4.0    4.0           0.064448796773280608851663942004961427301168441772460937500000        0.54024E-04
      4      2    4.0    2.0          49.282413905827098687950638122856616973876953125000000000000000        0.41311E-01
      4      3    4.0    2.0           0.005597926652631576849294958719838177785277366638183593750000        0.46924E-05
      3      1    2.0    0.0           2.553680183503498124508723776671104133129119873046875000000000        0.21406E-02
      3      2    2.0    2.0          18.777069318202155301378297735936939716339111328125000000000000        0.15740E-01
      2      1    2.0    0.0        1192.973159925425761684891767799854278564453125000000000000000000        0.10000E+01





     INTEGRATED RUTHERFORD CROSS SECTION=.3988E+04  FOR EXP. 3





                                                  INTEGRATED YIELDS

     EXPERIMENT  3  DETECTOR  1
     ENERGY RANGE  313.600--- 331.500 MEV   SCATTERING ANGLE RANGE  34.245--- 41.985 DEG

     NI     NF     II     IF     YIELD     NORMALIZED YIELD

      7      4    6.0    4.0           1.793723078144745075590549276967067271471023559570312500000000        0.18561E-02
      7      5    6.0    4.0           0.000020454857437553332848807416399772307613602606579661369324        0.21167E-07
      6      2    0.0    2.0           0.013674914144689602132909378440217551542446017265319824218750        0.14151E-04
      6      3    0.0    2.0           0.027409723423758160926189120232265850063413381576538085937500        0.28364E-04
      5      2    4.0    2.0           0.076948992397189552860936601064167916774749755859375000000000        0.79627E-04
      5      3    4.0    2.0           0.896572323005712878973838542151497676968574523925781250000000        0.92777E-03
      5      4    4.0    4.0           0.132279161554375607190436880955530796200037002563476562500000        0.13688E-03
      4      2    4.0    2.0          71.305767406864248414422036148607730865478515625000000000000000        0.73787E-01
      4      3    4.0    2.0           0.008099669478959155635711120169162313686683773994445800781250        0.83815E-05
      3      1    2.0    0.0           3.435596645541525884226530251908116042613983154296875000000000        0.35552E-02
      3      2    2.0    2.0          25.257591917002539361192248179577291011810302734375000000000000        0.26137E-01
      2      1    2.0    0.0         966.371256421590260288212448358535766601562500000000000000000000        0.10000E+01





     INTEGRATED RUTHERFORD CROSS SECTION=.2159E+04  FOR EXP. 4





                                                  INTEGRATED YIELDS

     EXPERIMENT  4  DETECTOR  1
     ENERGY RANGE  313.600--- 331.500 MEV   SCATTERING ANGLE RANGE  40.815--- 47.295 DEG

     NI     NF     II     IF     YIELD     NORMALIZED YIELD

      7      4    6.0    4.0           3.036038231217974558973082821466960012912750244140625000000000        0.40083E-02
      7      5    6.0    4.0           0.000034622309554775755374884937953794405984808690845966339111        0.45710E-07
      6      2    0.0    2.0           0.021586610390007091725417254224339558277279138565063476562500        0.28500E-04
      6      3    0.0    2.0           0.043267768828043874640432164824233041144907474517822265625000        0.57125E-04
      5      2    4.0    2.0           0.116367845252605225936370914041617652401328086853027343750000        0.15364E-03
      5      3    4.0    2.0           1.355862616691399180623989195737522095441818237304687500000000        0.17901E-02
      5      4    4.0    4.0           0.200037777994184678975742031070694793015718460083007812500000        0.26410E-03
      4      2    4.0    2.0          81.973646092977972443804901558905839920043945312500000000000000        0.10823E+00
      4      3    4.0    2.0           0.009311715492570671673377979971064632991328835487365722656250        0.12294E-04
      3      1    2.0    0.0           3.884028838254079740721635971567593514919281005859375000000000        0.51279E-02
      3      2    2.0    2.0          28.556034915845113886234685196541249752044677734375000000000000        0.37701E-01
      2      1    2.0    0.0         757.428666680877995531773194670677185058593750000000000000000000        0.10000E+01





     INTEGRATED RUTHERFORD CROSS SECTION=.2602E+04  FOR EXP. 5





                                                  INTEGRATED YIELDS

     EXPERIMENT  5  DETECTOR  1
     ENERGY RANGE  313.600--- 331.500 MEV   SCATTERING ANGLE RANGE  17.505--- 47.295 DEG

     NI     NF     II     IF     YIELD     NORMALIZED YIELD

      7      4    6.0    4.0         131.127222324422263000087696127593517303466796875000000000000000        0.56796E-01
      7      5    6.0    4.0           0.001495367334737585790493952231372531969100236892700195312500        0.64770E-06
      6      2    0.0    2.0           1.119545339921194537780024802486877888441085815429687500000000        0.48491E-03
      6      3    0.0    2.0           2.243994743963062976632727441028691828250885009765625000000000        0.97195E-03
      5      2    4.0    2.0           5.146624115242805608261278393911197781562805175781250000000000        0.22292E-02
      5      3    4.0    2.0          59.965951749118204361366224475204944610595703125000000000000000        0.25973E-01
      5      4    4.0    4.0           8.858005605420652628367861325386911630630493164062500000000000        0.38367E-02
      4      2    4.0    2.0         891.428243419425029969715978950262069702148437500000000000000000        0.38611E+00
      4      3    4.0    2.0           0.101266274260323987932430611635936656966805458068847656250000        0.43862E-04
      3      1    2.0    0.0          49.065370409969062848176690749824047088623046875000000000000000        0.21252E-01
      3      2    2.0    2.0         360.488054655578025631257332861423492431640625000000000000000000        0.15614E+00
      2      1    2.0    0.0        2308.749868811814394575776532292366027832031250000000000000000000        0.10000E+01



          EXPERIMENT  1        DETECTOR  1

         NI     NF     YEXP        YCOR        COR.F

        2        1   .270E+04    .270E+04    .100E+01



          EXPERIMENT  2        DETECTOR  1

         NI     NF     YEXP        YCOR        COR.F

        2        1   .236E+04    .271E+04    .115E+01



          EXPERIMENT  3        DETECTOR  1

         NI     NF     YEXP        YCOR        COR.F

        2        1   .196E+04    .269E+04    .137E+01



          EXPERIMENT  4        DETECTOR  1

         NI     NF     YEXP        YCOR        COR.F

        2        1   .147E+04    .239E+04    .163E+01



          EXPERIMENT  5        DETECTOR  1

         NI     NF     YEXP        YCOR        COR.F

        2        1   .491E+04    .144E+04    .293E+00
               ********* END OF EXECUTION **********
