1
 *****************************************************************************************************************************
 *****************************************************************************************************************************
 **************************************************                         **************************************************
 **************************************************          GOSIA          **************************************************
 **************************************************                         **************************************************
 *****************************************************************************************************************************
 *****************************************************************************************************************************





                    ROCHESTER COULOMB EXCITATION DATA ANALYSIS CODE BY T.CZOSNYKA,D.CLINE AND C.Y.WU
                                                  VERSION: 20081208.18






               Coulomb excitation of 78Kr on a 197Au and 110Pd targets                    
          ----------------------------------------------------------------------------------------------------

                                        LEVELS

     INDEX     PARITY         SPIN           ENERGY(MEV)
       1           +           0.0            0.0000
       2           +           2.0            0.3738
       3           +           4.0            0.9208
       4           +           6.0            1.5740
       5           +           8.0            2.2962
       6           +           2.0            0.8136
       7           +           3.0            1.2121
       8           +           4.0            1.3983
       9           +           5.0            1.7593
      10           +           0.0            0.9467
      11           +           2.0            1.2145
      12           +           0.0            1.1706
      13           -           3.0            2.0377
      14           -           5.0            2.5377

                                        MATRIX ELEMENTS


     MULTIPOLARITY=1
    INDEX   NF     NS          ME               LIMITS
       1      2     13        0.00990     FIXED
       2      3     14        0.00100     FIXED
       3      6     13        0.00137     FIXED
     MULTIPOLARITY=2
    INDEX   NF     NS          ME               LIMITS
       4      1      2        0.93600     FIXED
       5      1      6        0.10800     FIXED
       6      1     11        0.07390     FIXED
       7      2      2       -0.94500     FIXED
       8      2      3        1.59000     FIXED
       9      2      6        0.82800     FIXED
      10      2      7       -0.08800     FIXED
      11      2     10        0.34000     FIXED
      12      2     11        0.00010     FIXED
      13      2     12        0.08000     FIXED
      14      3      3       -1.20000     FIXED
      15      3      4        2.10000     FIXED
      16      3      7       -0.52000     FIXED
      17      3      8       -0.94000     FIXED
      18      4      4       -1.50000     FIXED
      19      4      5        2.50000     FIXED
      20      5      5       -1.90000     FIXED
      21      6      6        0.90000     FIXED
      22      6      7       -0.74000     FIXED
      23      6      8        0.97600     FIXED
      24      6     11        0.00010     FIXED
      25      6     12        0.40000     FIXED
      26      7      7        0.95000     FIXED
      27      7      9        0.10000     FIXED
      28      8      8        1.00000     FIXED
      29      9      9        1.05000     FIXED
      30     10     11        1.59000     FIXED
      31     11     11        0.00000     FIXED
      32     13     13        0.00000     FIXED
      33     13     14        0.00010     FIXED
      34     14     14        0.00000     FIXED
     MULTIPOLARITY=3
    INDEX   NF     NS          ME               LIMITS
      35      1     13        0.28000     FIXED
      36      2     14        0.28000     FIXED
     MULTIPOLARITY=7
    INDEX   NF     NS          ME               LIMITS
      37      2      6       -0.06600     FIXED
      38      2      7        0.25000     FIXED
      39      2     11        0.10400     FIXED
      40      3      7        0.10000     FIXED
      41      3      8        0.03410     FIXED
      42      6      7        0.15000     FIXED
      43      6     11        0.20700     FIXED
                                        BRANCHING RATIOS

     NS1     NF1     NS2     NF2     RATIO(1:2)         ERROR
      6       1       6       2        0.35000       -0.04030      0.04030
     12       6      12       2        0.47800       -0.04000      0.04000
      7       3       7       2        0.08400       -0.01830      0.01830
      7       6       7       2        0.93000       -0.09000      0.09000
     11      10      11       1        0.24000       -0.04250      0.04250
     11       6      11       1        0.28000       -0.12100      0.12100
     11       2      11       1        0.64000       -0.16500      0.16500
      8       3       8       6        0.53000       -0.05830      0.05830
     13       6      13       2        0.20000       -0.02700      0.02700
     BRANCHING RATIOS ARE TAKEN WITH WEIGHT    0.100000E+01



                              LIFETIMES(PSEC)


     LEVEL         LIFETIME     ERROR

        2           63.48        -1.01         1.01
        3            5.92        -0.43         0.43
        4            2.02        -0.20         0.20
        6           25.54        -1.15         1.15
        8            7.36        -0.87         0.87
       10           11.40        -1.01         1.01
       11           13.10        -0.87         0.87

          LIFETIMES ARE TAKEN WITH WEIGHT    0.100000E+01


                    EXPERIMENTAL E2/M1 MIXING RATIOS


          TRANSITION            DELTA          ERROR

           6---  2               -4.6000          -1.5000      1.5000

          E2/M1 MIXING RATIOS ARE TAKEN WITH WEIGHT    0.100000E+01


                              EXPERIMENTAL MATRIX ELEMENT(S)


          TRANSITION          MAT.EL.          ERROR

           2---  2               -0.9450          -0.1850      0.1850

           MATRIX ELEMENT(S) ARE TAKEN WITH WEIGHT    0.100000E+01



     *****  RESTART-MATRIX ELEMENTS OVERWRITTEN  *****




                                        MATRIX ELEMENTS


     MULTIPOLARITY=1
    INDEX   NF     NS          ME               LIMITS
       1      2     13       -0.00281     FIXED
       2      3     14        0.00100     FIXED
       3      6     13       -0.00199     FIXED
     MULTIPOLARITY=2
    INDEX   NF     NS          ME               LIMITS
       4      1      2        0.92927     FIXED
       5      1      6        0.10800     FIXED
       6      1     11        0.07390     FIXED
       7      2      2       -1.00263     FIXED
       8      2      3        1.59000     FIXED
       9      2      6        0.82800     FIXED
      10      2      7       -0.08800     FIXED
      11      2     10        0.34000     FIXED
      12      2     11        0.00010     FIXED
      13      2     12        0.07785     FIXED
      14      3      3       -1.20000     FIXED
      15      3      4        2.10000     FIXED
      16      3      7       -0.52000     FIXED
      17      3      8       -1.16374     FIXED
      18      4      4       -1.50000     FIXED
      19      4      5        2.50000     FIXED
      20      5      5       -1.90000     FIXED
      21      6      6        0.90000     FIXED
      22      6      7       -0.74000     FIXED
      23      6      8        0.97473     FIXED
      24      6     11        0.00010     FIXED
      25      6     12        0.40045     FIXED
      26      7      7        0.95000     FIXED
      27      7      9        0.10000     FIXED
      28      8      8        1.00000     FIXED
      29      9      9        1.05000     FIXED
      30     10     11        1.59000     FIXED
      31     11     11        0.00000     FIXED
      32     13     13        0.00000     FIXED
      33     13     14        0.00010     FIXED
      34     14     14        0.00000     FIXED
     MULTIPOLARITY=3
    INDEX   NF     NS          ME               LIMITS
      35      1     13        0.28000     FIXED
      36      2     14        0.28000     FIXED
     MULTIPOLARITY=7
    INDEX   NF     NS          ME               LIMITS
      37      2      6       -0.06600     FIXED
      38      2      7       -0.11767     FIXED
      39      2     11        0.10400     FIXED
      40      3      7        0.13895     FIXED
      41      3      8        0.07043     FIXED
      42      6      7        0.30340     FIXED
      43      6     11        0.20700     FIXED



          ** EXPERIMENT  1 **


     TARGET EXCITATION OF( 46,110.000) BY( 36, 78.000)
     ENERGY    278.000 MEV     BETA   0.874779E-01
     ***** BE CAREFUL-ACCORDING TO D.CLINE BOMBARDING ENERGY  11.39 PC  TOO HIGH FOR HEAD-ON COLLISIONS! *****
     DISTANCE OF CLOSEST APPROACH FOR HEAD-ON COLLISIONS    14.6593 FM
     CM SCATTERING ANGLE     44.199 DEG     EPSILON     2.6581
     RECOIL ENERGY(MEV)     38.1632
     RECOIL BETA    0.272929E-01
     BOMBARDING ENERGY=     0.609 OF SAFE BOMBARDING ENERGY AT THIS ANGLE



          ** EXPERIMENT  2 **


     TARGET EXCITATION OF( 46,110.000) BY( 36, 78.000)
     ENERGY    278.000 MEV     BETA   0.874779E-01
     ***** BE CAREFUL-ACCORDING TO D.CLINE BOMBARDING ENERGY  11.39 PC  TOO HIGH FOR HEAD-ON COLLISIONS! *****
     DISTANCE OF CLOSEST APPROACH FOR HEAD-ON COLLISIONS    14.6593 FM
     CM SCATTERING ANGLE     57.963 DEG     EPSILON     2.0639
     RECOIL ENERGY(MEV)     63.3022
     RECOIL BETA    0.351509E-01
     BOMBARDING ENERGY=     0.727 OF SAFE BOMBARDING ENERGY AT THIS ANGLE



          ** EXPERIMENT  3 **


     TARGET EXCITATION OF( 46,110.000) BY( 36, 78.000)
     ENERGY    278.000 MEV     BETA   0.874779E-01
     ***** BE CAREFUL-ACCORDING TO D.CLINE BOMBARDING ENERGY  11.39 PC  TOO HIGH FOR HEAD-ON COLLISIONS! *****
     DISTANCE OF CLOSEST APPROACH FOR HEAD-ON COLLISIONS    14.6593 FM
     CM SCATTERING ANGLE     67.569 DEG     EPSILON     1.7983
     RECOIL ENERGY(MEV)     83.3744
     RECOIL BETA    0.403407E-01
     BOMBARDING ENERGY=     0.796 OF SAFE BOMBARDING ENERGY AT THIS ANGLE


                                                  CALCULATED YIELDS

     EXPERIMENT  1  DETECTOR  1
     ENERGY    278.000 MEV  THETA  26.040 DEG

     NI     NF     II     IF     YIELD     NORMALIZED YIELD

     14      2    5.0    2.0           0.002337609356056541496521328227231606433633714914321899414062        0.29468E-06
     14      3    5.0    4.0           0.170672885290351378229090073546103667467832565307617187500000        0.21515E-04
     14     13    5.0    3.0           0.000000000916957668084934986589492923329857212988436288014782        0.11559E-12
      5      4    8.0    6.0           0.132826425557066030158637204294791445136070251464843750000000        0.16744E-04
     13      1    3.0    0.0           0.005445452557718409580811425030333339236676692962646484375000        0.68646E-06
     13      2    3.0    2.0           5.250425544403191757680815499043092131614685058593750000000000        0.66188E-03
     13      6    3.0    2.0           1.053385316160574403099303708586376160383224487304687500000000        0.13279E-03
      9      7    5.0    3.0           0.000043309625720093219839509218749284968907886650413274765015        0.54597E-08
      4      3    6.0    4.0           8.998716440835409002829692326486110687255859375000000000000000        0.11344E-02
      8      3    4.0    4.0           1.206103442790813495832935586804524064064025878906250000000000        0.15204E-03
      8      6    4.0    2.0           2.115687360270135819462211657082661986351013183593750000000000        0.26671E-03
     11      1    2.0    0.0           5.231971826365652056267663283506408333778381347656250000000000        0.65955E-03
     11      2    2.0    2.0           3.375277685256574233818582797539420425891876220703125000000000        0.42549E-03
     11      6    2.0    2.0           1.450170937411144445050581452960614114999771118164062500000000        0.18281E-03
     11     10    2.0    0.0           1.261478904341435391955883460468612611293792724609375000000000        0.15902E-03
      7      2    3.0    2.0           0.691785407203183599911255896586226299405097961425781250000000        0.87207E-04
      7      3    3.0    4.0           0.057937422587045400712568721246498171240091323852539062500000        0.73037E-05
      7      6    3.0    2.0           0.544293428870181505985215153486933559179306030273437500000000        0.68614E-04
     12      2    0.0    2.0           0.728614849147234289183927558042341843247413635253906250000000        0.91850E-04
     12      6    0.0    2.0           0.348217110528130813218439243428292684257030487060546875000000        0.43897E-04
     10      2    0.0    2.0          24.421455291572662815724470419809222221374511718750000000000000        0.30786E-02
      3      2    4.0    2.0         364.302137629928040496452013030648231506347656250000000000000000        0.45924E-01
      6      1    2.0    0.0          40.689069881175640830406337045133113861083984375000000000000000        0.51293E-02
      6      2    2.0    2.0         122.215538222595370143608306534588336944580078125000000000000000        0.15407E-01
      2      1    2.0    0.0        7932.651665770542422251310199499130249023437500000000000000000000        0.10000E+01


                                                  CALCULATED YIELDS

     EXPERIMENT  2  DETECTOR  1
     ENERGY    278.000 MEV  THETA  34.350 DEG

     NI     NF     II     IF     YIELD     NORMALIZED YIELD

     14      2    5.0    2.0           0.008503886237640145839833394347806461155414581298828125000000        0.12163E-05
     14      3    5.0    4.0           0.616080185851649142492192368081305176019668579101562500000000        0.88118E-04
     14     13    5.0    3.0           0.000000003317170424663685902740425600915968873394490401551593        0.47445E-12
      5      4    8.0    6.0           1.330336071734402825228471556329168379306793212890625000000000        0.19028E-03
     13      1    3.0    0.0           0.009092533688628978358337029419544705888256430625915527343750        0.13005E-05
     13      2    3.0    2.0           8.773274916934608924634630966465920209884643554687500000000000        0.12548E-02
     13      6    3.0    2.0           1.760169084943363770889845909550786018371582031250000000000000        0.25176E-03
      9      7    5.0    3.0           0.000337609696613453823688805188751871355634648352861404418945        0.48288E-07
      4      3    6.0    4.0          39.459850627351308105517091462388634681701660156250000000000000        0.56439E-02
      8      3    4.0    4.0           2.951731414686470156283348842407576739788055419921875000000000        0.42218E-03
      8      6    4.0    2.0           5.183978378620782478947148774750530719757080078125000000000000        0.74146E-03
     11      1    2.0    0.0           6.381520073076054622163155727321282029151916503906250000000000        0.91275E-03
     11      2    2.0    2.0           4.142786297411774398824491072446107864379882812500000000000000        0.59254E-03
     11      6    2.0    2.0           1.779761980749629435294423274172004312276840209960937500000000        0.25456E-03
     11     10    2.0    0.0           1.538942195468028906191193527774885296821594238281250000000000        0.22011E-03
      7      2    3.0    2.0           2.729049113679160587508931712363846600055694580078125000000000        0.39033E-03
      7      3    3.0    4.0           0.228789655857731144550371027435176074504852294921875000000000        0.32724E-04
      7      6    3.0    2.0           2.238245606240020890709274681285023689270019531250000000000000        0.32014E-03
     12      2    0.0    2.0           2.529310500288119545331255721976049244403839111328125000000000        0.36177E-03
     12      6    0.0    2.0           1.208794003857129428780581292812712490558624267578125000000000        0.17289E-03
     10      2    0.0    2.0          58.899730911194346560932899592444300651550292968750000000000000        0.84244E-02
      3      2    4.0    2.0         706.974238786449518556764815002679824829101562500000000000000000        0.10112E+00
      6      1    2.0    0.0          69.265027785977196117528364993631839752197265625000000000000000        0.99069E-02
      6      2    2.0    2.0         206.403431738021339469923987053334712982177734375000000000000000        0.29522E-01
      2      1    2.0    0.0        6991.567749748609458038117736577987670898437500000000000000000000        0.10000E+01


                                                  CALCULATED YIELDS

     EXPERIMENT  3  DETECTOR  1
     ENERGY    278.000 MEV  THETA  40.260 DEG

     NI     NF     II     IF     YIELD     NORMALIZED YIELD

     14      2    5.0    2.0           0.014122687207581870183492611658948590047657489776611328125000        0.23825E-05
     14      3    5.0    4.0           1.022305787341170502102727368765044957399368286132812500000000        0.17246E-03
     14     13    5.0    3.0           0.000000005493139858193059223936716454692041899932064552558586        0.92669E-12
      5      4    8.0    6.0           3.974247877982624910231379544711671769618988037109375000000000        0.67046E-03
     13      1    3.0    0.0           0.009966753297969376673703933988690550904721021652221679687500        0.16814E-05
     13      2    3.0    2.0           9.725791091269305965738567465450614690780639648437500000000000        0.16407E-02
     13      6    3.0    2.0           1.951269782062326374472149836947210133075714111328125000000000        0.32918E-03
      9      7    5.0    3.0           0.000927814495818863617902783058610793887055478990077972412109        0.15652E-06
      4      3    6.0    4.0          76.848131794471044031524797901511192321777343750000000000000000        0.12964E-01
      8      3    4.0    4.0           3.944244674208650103253148699877783656120300292968750000000000        0.66539E-03
      8      6    4.0    2.0           6.920290940765217335695069778012111783027648925781250000000000        0.11675E-02
     11      1    2.0    0.0          11.146411139124154487944906577467918395996093750000000000000000        0.18804E-02
     11      2    2.0    2.0           7.176817884440871431195319019025191664695739746093750000000000        0.12107E-02
     11      6    2.0    2.0           3.082885593513501554241429403191432356834411621093750000000000        0.52008E-03
     11     10    2.0    0.0           2.687404879213079578192946428316645324230194091796875000000000        0.45337E-03
      7      2    3.0    2.0           5.207114447627025910492193361278623342514038085937500000000000        0.87844E-03
      7      3    3.0    4.0           0.436882237605878465114273012659396044909954071044921875000000        0.73702E-04
      7      6    3.0    2.0           4.415725854649632964310512761585414409637451171875000000000000        0.74493E-03
     12      2    0.0    2.0           4.531639869493248262699580664047971367835998535156250000000000        0.76449E-03
     12      6    0.0    2.0           2.165728783714392591264186194166541099548339843750000000000000        0.36536E-03
     10      2    0.0    2.0          81.421471347825558950717095285654067993164062500000000000000000        0.13736E-01
      3      2    4.0    2.0         897.121005883833504412905313074588775634765625000000000000000000        0.15134E+00
      6      1    2.0    0.0          89.993200972383561975220800377428531646728515625000000000000000        0.15182E-01
      6      2    2.0    2.0         266.187919743329416633059736341238021850585937500000000000000000        0.44906E-01
      2      1    2.0    0.0        5927.681700931367231532931327819824218750000000000000000000000000        0.10000E+01


          E2/M1 MIXING RATIOS
          TRANSITION          EXP.DELTA          CALC.DELTA          SIGMA

           6---  2               -4.60              -4.61             -0.00


                    CALCULATED LIFETIMES

     LEVEL     LIFETIME(PSEC)     EXP        ERROR

        2       0.6383E+02     0.6348E+02    -.1010E+01    0.1010E+01
        3       0.5907E+01     0.5920E+01    -.4300E+00    0.4300E+00
        4       0.2017E+01     0.2020E+01    -.2020E+00    0.2020E+00
        5       0.1127E+01
        6       0.2538E+02     0.2554E+02    -.1150E+01    0.1150E+01
        7       0.1890E+02
        8       0.7359E+01     0.7360E+01    -.8700E+00    0.8700E+00
        9       0.1822E+04
       10       0.1139E+02     0.1140E+02    -.1010E+01    0.1010E+01
       11       0.1304E+02     0.1310E+02    -.8700E+00    0.8700E+00
       12       0.2817E+02
       13       0.1011E+01
       14       0.1613E+02


CALCULATED AND EXPERIMENTAL MATRIX ELEMENTS


     NI NF  EXP. ME   CURRENT ME   SIGMA
      2   2   -0.9450   -1.0026   -0.3115
               ********* END OF EXECUTION **********
