1
 *****************************************************************************************************************************
 *****************************************************************************************************************************
 **************************************************                         **************************************************
 **************************************************          GOSIA          **************************************************
 **************************************************                         **************************************************
 *****************************************************************************************************************************
 *****************************************************************************************************************************





                    ROCHESTER COULOMB EXCITATION DATA ANALYSIS CODE BY T.CZOSNYKA,D.CLINE AND C.Y.WU
                                                  VERSION: 20081208.18






               Coulomb excitation of 78Kr on a 197Au and 110Pd targets                    
          ----------------------------------------------------------------------------------------------------

                                        LEVELS

     INDEX     PARITY         SPIN           ENERGY(MEV)
       1           +           0.0            0.0000
       2           +           2.0            0.3738
       3           +           4.0            0.9208
       4           +           6.0            1.5740
       5           +           8.0            2.2962
       6           +           2.0            0.8136
       7           +           3.0            1.2121
       8           +           4.0            1.3983
       9           +           5.0            1.7593
      10           +           0.0            0.9467
      11           +           2.0            1.2145
      12           +           0.0            1.1706
      13           -           3.0            2.0377
      14           -           5.0            2.5377

                                        MATRIX ELEMENTS


     MULTIPOLARITY=1
    INDEX   NF     NS          ME               LIMITS
       1      2     13        0.00990     FIXED
       2      3     14        0.00100     FIXED
       3      6     13        0.00137     FIXED
     MULTIPOLARITY=2
    INDEX   NF     NS          ME               LIMITS
       4      1      2        0.93600     FIXED
       5      1      6        0.10800     FIXED
       6      1     11        0.07390     FIXED
       7      2      2       -0.94500     FIXED
       8      2      3        1.59000     FIXED
       9      2      6        0.82800     FIXED
      10      2      7       -0.08800     FIXED
      11      2     10        0.34000     FIXED
      12      2     11        0.00010     FIXED
      13      2     12        0.08000     FIXED
      14      3      3       -1.20000     FIXED
      15      3      4        2.10000     FIXED
      16      3      7       -0.52000     FIXED
      17      3      8       -0.94000     FIXED
      18      4      4       -1.50000     FIXED
      19      4      5        2.50000     FIXED
      20      5      5       -1.90000     FIXED
      21      6      6        0.90000     FIXED
      22      6      7       -0.74000     FIXED
      23      6      8        0.97600     FIXED
      24      6     11        0.00010     FIXED
      25      6     12        0.40000     FIXED
      26      7      7        0.95000     FIXED
      27      7      9        0.10000     FIXED
      28      8      8        1.00000     FIXED
      29      9      9        1.05000     FIXED
      30     10     11        1.59000     FIXED
      31     11     11        0.00000     FIXED
      32     13     13        0.00000     FIXED
      33     13     14        0.00010     FIXED
      34     14     14        0.00000     FIXED
     MULTIPOLARITY=3
    INDEX   NF     NS          ME               LIMITS
      35      1     13        0.28000     FIXED
      36      2     14        0.28000     FIXED
     MULTIPOLARITY=7
    INDEX   NF     NS          ME               LIMITS
      37      2      6       -0.06600     FIXED
      38      2      7        0.25000     FIXED
      39      2     11        0.10400     FIXED
      40      3      7        0.10000     FIXED
      41      3      8        0.03410     FIXED
      42      6      7        0.15000     FIXED
      43      6     11        0.20700     FIXED


        3 EXPERIMENTAL YIELDS            0 MATRIX ELEMENTS TO BE VARIED



                                        BRANCHING RATIOS

     NS1     NF1     NS2     NF2     RATIO(1:2)         ERROR
      6       1       6       2        0.35000       -0.04030      0.04030
     12       6      12       2        0.47800       -0.04000      0.04000
      7       3       7       2        0.08400       -0.01830      0.01830
      7       6       7       2        0.93000       -0.09000      0.09000
     11      10      11       1        0.24000       -0.04250      0.04250
     11       6      11       1        0.28000       -0.12100      0.12100
     11       2      11       1        0.64000       -0.16500      0.16500
      8       3       8       6        0.53000       -0.05830      0.05830
     13       6      13       2        0.20000       -0.02700      0.02700
     BRANCHING RATIOS ARE TAKEN WITH WEIGHT    0.100000E+01



                              LIFETIMES(PSEC)


     LEVEL         LIFETIME     ERROR

        2           63.48        -1.01         1.01
        3            5.92        -0.43         0.43
        4            2.02        -0.20         0.20
        6           25.54        -1.15         1.15
        8            7.36        -0.87         0.87
       10           11.40        -1.01         1.01
       11           13.10        -0.87         0.87

          LIFETIMES ARE TAKEN WITH WEIGHT    0.100000E+01


                    EXPERIMENTAL E2/M1 MIXING RATIOS


          TRANSITION            DELTA          ERROR

           6---  2               -4.6000          -1.5000      1.5000

          E2/M1 MIXING RATIOS ARE TAKEN WITH WEIGHT    0.100000E+01


                              EXPERIMENTAL MATRIX ELEMENT(S)


          TRANSITION          MAT.EL.          ERROR

           2---  2               -0.9450          -0.1850      0.1850

           MATRIX ELEMENT(S) ARE TAKEN WITH WEIGHT    0.100000E+01



     *****  RESTART-MATRIX ELEMENTS OVERWRITTEN  *****




                                        MATRIX ELEMENTS


     MULTIPOLARITY=1
    INDEX   NF     NS          ME               LIMITS
       1      2     13       -0.00281     FIXED
       2      3     14        0.00100     FIXED
       3      6     13       -0.00199     FIXED
     MULTIPOLARITY=2
    INDEX   NF     NS          ME               LIMITS
       4      1      2        0.92927     FIXED
       5      1      6        0.10800     FIXED
       6      1     11        0.07390     FIXED
       7      2      2       -1.00263     FIXED
       8      2      3        1.59000     FIXED
       9      2      6        0.82800     FIXED
      10      2      7       -0.08800     FIXED
      11      2     10        0.34000     FIXED
      12      2     11        0.00010     FIXED
      13      2     12        0.07785     FIXED
      14      3      3       -1.20000     FIXED
      15      3      4        2.10000     FIXED
      16      3      7       -0.52000     FIXED
      17      3      8       -1.16374     FIXED
      18      4      4       -1.50000     FIXED
      19      4      5        2.50000     FIXED
      20      5      5       -1.90000     FIXED
      21      6      6        0.90000     FIXED
      22      6      7       -0.74000     FIXED
      23      6      8        0.97473     FIXED
      24      6     11        0.00010     FIXED
      25      6     12        0.40045     FIXED
      26      7      7        0.95000     FIXED
      27      7      9        0.10000     FIXED
      28      8      8        1.00000     FIXED
      29      9      9        1.05000     FIXED
      30     10     11        1.59000     FIXED
      31     11     11        0.00000     FIXED
      32     13     13        0.00000     FIXED
      33     13     14        0.00010     FIXED
      34     14     14        0.00000     FIXED
     MULTIPOLARITY=3
    INDEX   NF     NS          ME               LIMITS
      35      1     13        0.28000     FIXED
      36      2     14        0.28000     FIXED
     MULTIPOLARITY=7
    INDEX   NF     NS          ME               LIMITS
      37      2      6       -0.06600     FIXED
      38      2      7       -0.11767     FIXED
      39      2     11        0.10400     FIXED
      40      3      7        0.13895     FIXED
      41      3      8        0.07043     FIXED
      42      6      7        0.30340     FIXED
      43      6     11        0.20700     FIXED





     INTEGRATED RUTHERFORD CROSS SECTION=.1411E+05  FOR EXP. 1





                                                  INTEGRATED YIELDS

     EXPERIMENT  1  DETECTOR  1
     ENERGY RANGE  259.671--- 296.400 MEV   SCATTERING ANGLE RANGE  19.622--- 32.255 DEG

     NI     NF     II     IF     YIELD     NORMALIZED YIELD

     14      2    5.0    2.0           0.000742897254551133819078234665767013211734592914581298828125        0.35619E-06
     14      3    5.0    4.0           0.054031919805717219806862061659558094106614589691162109375000        0.25906E-04
     14     13    5.0    3.0           0.000000000290833152334555863765050720299177450245409204399039        0.13944E-12
      5      4    8.0    6.0           0.056111290355966160492418026706218370236456394195556640625000        0.26903E-04
     13      1    3.0    0.0           0.001482885770343749486099849121956140152178704738616943359375        0.71099E-06
     13      2    3.0    2.0           1.427637675624310986677301116287708282470703125000000000000000        0.68450E-03
     13      6    3.0    2.0           0.286424903766443528230212223206763155758380889892578125000000        0.13733E-03
      9      7    5.0    3.0           0.000016992813591291165909369018094388081863144179806113243103        0.81474E-08
      4      3    6.0    4.0           2.877841156081251128284748119767755270004272460937500000000000        0.13798E-02
      8      3    4.0    4.0           0.341103440834181759200305350532289594411849975585937500000000        0.16355E-03
      8      6    4.0    2.0           0.598776764776563497072459085757145658135414123535156250000000        0.28709E-03
     11      1    2.0    0.0           1.391349913500410151456776475242804735898971557617187500000000        0.66710E-03
     11      2    2.0    2.0           0.898299402360459686711635640676831826567649841308593750000000        0.43070E-03
     11      6    2.0    2.0           0.385945533393171891223261127379373647272586822509765625000000        0.18505E-03
     11     10    2.0    0.0           0.335476338369695203933673610663390718400478363037109375000000        0.16085E-03
      7      2    3.0    2.0           0.217776471259001458413706586725311353802680969238281250000000        0.10442E-03
      7      3    3.0    4.0           0.018243742421885842525108856193583051208406686782836914062500        0.87472E-05
      7      6    3.0    2.0           0.173249632488881727399032683933910448104143142700195312500000        0.83067E-04
     12      2    0.0    2.0           0.221198005162684757651803124645084608346223831176757812500000        0.10606E-03
     12      6    0.0    2.0           0.105714097895170069940640189543046290054917335510253906250000        0.50686E-04
     10      2    0.0    2.0           6.882565614370588669146400206955149769783020019531250000000000        0.32999E-02
      3      2    4.0    2.0          99.089063202897705195937305688858032226562500000000000000000000        0.47510E-01
      6      1    2.0    0.0          11.043437090775745090809323301073163747787475585937500000000000        0.52949E-02
      6      2    2.0    2.0          33.065059655601729105001140851527452468872070312500000000000000        0.15853E-01
      2      1    2.0    0.0        2085.667820184964512009173631668090820312500000000000000000000000        0.10000E+01





     INTEGRATED RUTHERFORD CROSS SECTION=.4056E+04  FOR EXP. 2





                                                  INTEGRATED YIELDS

     EXPERIMENT  2  DETECTOR  1
     ENERGY RANGE  259.671--- 296.400 MEV   SCATTERING ANGLE RANGE  29.602--- 38.921 DEG

     NI     NF     II     IF     YIELD     NORMALIZED YIELD

     14      2    5.0    2.0           0.001680235041608258046708090915899447281844913959503173828125        0.12941E-05
     14      3    5.0    4.0           0.121526001638246547442712142128584673628211021423339843750000        0.93597E-04
     14     13    5.0    3.0           0.000000000654710348279232006348226214595712943444816289684240        0.50424E-12
      5      4    8.0    6.0           0.288093276201087600263406329759163782000541687011718750000000        0.22188E-03
     13      1    3.0    0.0           0.001711164002449825976767683322066204709699377417564392089844        0.13179E-05
     13      2    3.0    2.0           1.652222182967381769458370399661362171173095703125000000000000        0.12725E-02
     13      6    3.0    2.0           0.331482886603483517529156188174965791404247283935546875000000        0.25530E-03
      9      7    5.0    3.0           0.000073155026379207656220086952725267792629892937839031219482        0.56342E-07
      4      3    6.0    4.0           7.738596861181204822344170679571107029914855957031250000000000        0.59601E-02
      8      3    4.0    4.0           0.553164645182809278090019233786733821034431457519531250000000        0.42603E-03
      8      6    4.0    2.0           0.972078349034551258966985187726095318794250488281250000000000        0.74867E-03
     11      1    2.0    0.0           1.274941819066453208009193076577503234148025512695312500000000        0.98193E-03
     11      2    2.0    2.0           0.826994638495109568587793091865023598074913024902343750000000        0.63693E-03
     11      6    2.0    2.0           0.355276552407488843687843882435117848217487335205078125000000        0.27363E-03
     11     10    2.0    0.0           0.307452604762001813210048339897184632718563079833984375000000        0.23679E-03
      7      2    3.0    2.0           0.540076627045394386250620755163254216313362121582031250000000        0.41595E-03
      7      3    3.0    4.0           0.045285595442949716504799084759724792093038558959960937500000        0.34878E-04
      7      6    3.0    2.0           0.445608304794678611315816851856652647256851196289062500000000        0.34320E-03
     12      2    0.0    2.0           0.491113067262726410433515411568805575370788574218750000000000        0.37824E-03
     12      6    0.0    2.0           0.234709935035653655122089844553556758910417556762695312500000        0.18077E-03
     10      2    0.0    2.0          11.025149099723515533355566731188446283340454101562500000000000        0.84913E-02
      3      2    4.0    2.0         131.879942217817614391606184653937816619873046875000000000000000        0.10157E+00
      6      1    2.0    0.0          13.010984307499720458167757897172123193740844726562500000000000        0.10021E-01
      6      2    2.0    2.0          38.696372069229703072323900414630770683288574218750000000000000        0.29803E-01
      2      1    2.0    0.0        1298.402439483682655918528325855731964111328125000000000000000000        0.10000E+01





     INTEGRATED RUTHERFORD CROSS SECTION=.1709E+04  FOR EXP. 3





                                                  INTEGRATED YIELDS

     EXPERIMENT  3  DETECTOR  1
     ENERGY RANGE  259.671--- 296.400 MEV   SCATTERING ANGLE RANGE  36.667--- 44.738 DEG

     NI     NF     II     IF     YIELD     NORMALIZED YIELD

     14      2    5.0    2.0           0.001885670171045745373630819763377530762227252125740051269531        0.24973E-05
     14      3    5.0    4.0           0.136307981548457940457197423711477313190698623657226562500000        0.18052E-03
     14     13    5.0    3.0           0.000000000732827627642760382653425103291261119564659054503863        0.97053E-12
      5      4    8.0    6.0           0.557257752844112497214723589422646909952163696289062500000000        0.73801E-03
     13      1    3.0    0.0           0.001286349931852710662752437009714867599541321396827697753906        0.17036E-05
     13      2    3.0    2.0           1.258747054325831449261841044062748551368713378906250000000000        0.16670E-02
     13      6    3.0    2.0           0.252540404554543629345175759226549416780471801757812500000000        0.33446E-03
      9      7    5.0    3.0           0.000131818801739295711440355662880108411627588793635368347168        0.17458E-06
      4      3    6.0    4.0          10.110824490812559517394220165442675352096557617187500000000000        0.13390E-01
      8      3    4.0    4.0           0.503502873022834473992759285465581342577934265136718750000000        0.66682E-03
      8      6    4.0    2.0           0.884225367834607145489655977144138887524604797363281250000000        0.11710E-02
     11      1    2.0    0.0           1.498587068610112593702865524392109364271163940429687500000000        0.19847E-02
     11      2    2.0    2.0           0.965875509782497920774346766847884282469749450683593750000000        0.12792E-02
     11      6    2.0    2.0           0.414902952597098584330836956723942421376705169677734375000000        0.54948E-03
     11     10    2.0    0.0           0.361320313181407559710578425438143312931060791015625000000000        0.47852E-03
      7      2    3.0    2.0           0.692103697206809420627848794538294896483421325683593750000000        0.91660E-03
      7      3    3.0    4.0           0.058076633066116711834325769814313389360904693603515625000000        0.76915E-04
      7      6    3.0    2.0           0.589011952801984595140538658597506582736968994140625000000000        0.78007E-03
     12      2    0.0    2.0           0.593706433051472859396824333089170977473258972167968750000000        0.78628E-03
     12      6    0.0    2.0           0.283739845664694789739712632581358775496482849121093750000000        0.37578E-03
     10      2    0.0    2.0          10.352972882684944977427221601828932762145996093750000000000000        0.13711E-01
      3      2    4.0    2.0         114.473891105567716408586420584470033645629882812500000000000000        0.15161E+00
      6      1    2.0    0.0          11.540663694173851183677470544353127479553222656250000000000000        0.15284E-01
      6      2    2.0    2.0          34.089133691302926365551684284582734107971191406250000000000000        0.45147E-01
      2      1    2.0    0.0         755.078054005850503926922101527452468872070312500000000000000000        0.10000E+01



          EXPERIMENT  1        DETECTOR  1

         NI     NF     YEXP        YCOR        COR.F

        2        1   .512E+07    .512E+07    .100E+01



          EXPERIMENT  2        DETECTOR  1

         NI     NF     YEXP        YCOR        COR.F

        2        1   .335E+07    .475E+07    .142E+01



          EXPERIMENT  3        DETECTOR  1

         NI     NF     YEXP        YCOR        COR.F

        2        1   .182E+07    .377E+07    .207E+01
               ********* END OF EXECUTION **********
