1
 *****************************************************************************************************************************
 *****************************************************************************************************************************
 **************************************************                         **************************************************
 **************************************************          GOSIA          **************************************************
 **************************************************                         **************************************************
 *****************************************************************************************************************************
 *****************************************************************************************************************************





                    ROCHESTER COULOMB EXCITATION DATA ANALYSIS CODE BY T.CZOSNYKA,D.CLINE AND C.Y.WU
                                                  VERSION: 20081208.18






               Coulomb excitation of a 196Pt target by a 78Kr beam                        
          ----------------------------------------------------------------------------------------------------

                                        LEVELS

     INDEX     PARITY         SPIN           ENERGY(MEV)
       1           +           0.0            0.0000
       2           +           2.0            0.3285
       3           +           2.0            0.6220
       4           +           4.0            0.8113
       5           +           4.0            1.2295
       6           +           0.0            1.2672
       7           +           6.0            1.4118

                                        MATRIX ELEMENTS


     MULTIPOLARITY=2
    INDEX   NF     NS          ME               LIMITS
       1      1      2        1.20800     FIXED
       2      1      3        0.08880     FIXED
       3      2      2        0.54000     FIXED
       4      2      3        1.51700     FIXED
       5      2      4        1.93500     FIXED
       6      2      5        0.22000     FIXED
       7      2      6        0.07000     FIXED
       8      3      6        0.23100     FIXED
       9      3      3       -0.40000     FIXED
      10      3      4        0.25000     FIXED
      11      3      5        1.78400     FIXED
      12      4      4        1.00000     FIXED
      13      4      5        1.51000     FIXED
      14      4      7        2.90000     FIXED
      15      5      5       -0.07000     FIXED
      16      5      7        0.16000     FIXED
      17      7      7        0.28000     FIXED
     MULTIPOLARITY=7
    INDEX   NF     NS          ME               LIMITS
      18      2      3        0.02800     FIXED
      19      4      5        0.19000     FIXED

                                               REPRINT OF EXPERIMENTAL DATA TO BE FITTED





     EXPERIMENT  1
  PROJECTILE ( 36., 78.) 322.600 MEV ---1 GE(LI) DETECTOR(S)  WEIGHT=0.10E+01
                    ** EXPERIMENTAL YIELDS **
    DECAY IS  IF         YIELD+/-ERROR

      12   2   1  0.269900E+04     0.150000E+03



     EXPERIMENT  2
  PROJECTILE ( 36., 78.)  32.600 MEV ---1 GE(LI) DETECTOR(S)  WEIGHT=0.10E+01
                    ** EXPERIMENTAL YIELDS **
    DECAY IS  IF         YIELD+/-ERROR

      12   2   1  0.235500E+04     0.125000E+03



     EXPERIMENT  3
  PROJECTILE ( 36., 78.)  32.600 MEV ---1 GE(LI) DETECTOR(S)  WEIGHT=0.10E+01
                    ** EXPERIMENTAL YIELDS **
    DECAY IS  IF         YIELD+/-ERROR

      12   2   1  0.196300E+04     0.148000E+03



     EXPERIMENT  4
  PROJECTILE ( 36., 78.)  32.600 MEV ---1 GE(LI) DETECTOR(S)  WEIGHT=0.10E+01
                    ** EXPERIMENTAL YIELDS **
    DECAY IS  IF         YIELD+/-ERROR

      12   2   1  0.147200E+04     0.990000E+02



     EXPERIMENT  5
  PROJECTILE ( 36., 78.)  32.600 MEV ---1 GE(LI) DETECTOR(S)  WEIGHT=0.10E+01
                    ** EXPERIMENTAL YIELDS **
    DECAY IS  IF         YIELD+/-ERROR

      12   2   1  0.490700E+04     0.202000E+03


        5 EXPERIMENTAL YIELDS            0 MATRIX ELEMENTS TO BE VARIED






     *****  RESTART-MATRIX ELEMENTS OVERWRITTEN  *****




                                        MATRIX ELEMENTS


     MULTIPOLARITY=2
    INDEX   NF     NS          ME               LIMITS
       1      1      2        1.30076     FIXED
       2      1      3        0.09766     FIXED
       3      2      2        0.66875     FIXED
       4      2      3        1.72206     FIXED
       5      2      4        2.25970     FIXED
       6      2      5        0.12531     FIXED
       7      2      6        0.06597     FIXED
       8      3      6        0.23849     FIXED
       9      3      3       -0.40000     FIXED
      10      3      4        0.25031     FIXED
      11      3      5        1.14598     FIXED
      12      4      4        1.00000     FIXED
      13      4      5        0.98130     FIXED
      14      4      7        2.40607     FIXED
      15      5      5       -0.07000     FIXED
      16      5      7        0.16000     FIXED
      17      7      7        0.28000     FIXED
     MULTIPOLARITY=7
    INDEX   NF     NS          ME               LIMITS
      18      2      3        0.02812     FIXED
      19      4      5        0.18573     FIXED


                                                  CALCULATED YIELDS

     EXPERIMENT  1  DETECTOR  1
     ENERGY    322.600 MEV  THETA  22.850 DEG

     NI     NF     II     IF     YIELD     NORMALIZED YIELD

      7      4    6.0    4.0           0.580445545194472667382967756566358730196952819824218750000000        0.71490E-04
      7      5    6.0    4.0           0.000006619151065640465249481031589917634505582100246101617813        0.81524E-09
      6      2    0.0    2.0           0.005788704058076498890073047220994340023025870323181152343750        0.71296E-06
      6      3    0.0    2.0           0.011602762285961173982506977608863962814211845397949218750000        0.14290E-05
      5      2    4.0    2.0           0.055015912679384375294500131303720991127192974090576171875000        0.67760E-05
      5      3    4.0    2.0           0.641019010154683765989602761692367494106292724609375000000000        0.78951E-04
      5      4    4.0    4.0           0.094609221708828156183201940621074754744768142700195312500000        0.11653E-04
      4      2    4.0    2.0         123.146346701537453327546245418488979339599609375000000000000000        0.15167E-01
      4      3    4.0    2.0           0.013988062580091746231469862493668188108131289482116699218750        0.17228E-05
      3      1    2.0    0.0           8.355009779167360761675809044390916824340820312500000000000000        0.10290E-02
      3      2    2.0    2.0          61.384910497133681417381012579426169395446777343750000000000000        0.75604E-02
      2      1    2.0    0.0        8119.220784725203884590882807970046997070312500000000000000000000        0.10000E+01


                                                  CALCULATED YIELDS

     EXPERIMENT  2  DETECTOR  1
     ENERGY    322.600 MEV  THETA  31.070 DEG

     NI     NF     II     IF     YIELD     NORMALIZED YIELD

      7      4    6.0    4.0           4.527642600313673604262021399335935711860656738281250000000000        0.53195E-03
      7      5    6.0    4.0           0.000051630273226333863346038804964521773399610538035631179810        0.60660E-08
      6      2    0.0    2.0           0.039094444155160293363771017993713030591607093811035156250000        0.45932E-05
      6      3    0.0    2.0           0.078360119146012111035481950693792896345257759094238281250000        0.92064E-05
      5      2    4.0    2.0           0.251262637309116521056040483017568476498126983642578125000000        0.29521E-04
      5      3    4.0    2.0           2.927590542208453605610429804073646664619445800781250000000000        0.34396E-03
      5      4    4.0    4.0           0.432002242058894370124733086413471028208732604980468750000000        0.50755E-04
      4      2    4.0    2.0         343.965820999904281052295118570327758789062500000000000000000000        0.40412E-01
      4      3    4.0    2.0           0.039070436317785353641518497624929295852780342102050781250000        0.45903E-05
      3      1    2.0    0.0          17.881549826724459251181542640551924705505371093750000000000000        0.21009E-02
      3      2    2.0    2.0         131.419786672343064992674044333398342132568359375000000000000000        0.15440E-01
      2      1    2.0    0.0        8511.445037431967648444697260856628417968750000000000000000000000        0.10000E+01


                                                  CALCULATED YIELDS

     EXPERIMENT  3  DETECTOR  1
     ENERGY    322.600 MEV  THETA  38.100 DEG

     NI     NF     II     IF     YIELD     NORMALIZED YIELD

      7      4    6.0    4.0          14.550756325990880313270281476434320211410522460937500000000000        0.17754E-02
      7      5    6.0    4.0           0.000165930918546476217955223941835640744102420285344123840332        0.20246E-07
      6      2    0.0    2.0           0.111525689878233510987648458012699848040938377380371093750000        0.13608E-04
      6      3    0.0    2.0           0.223539854176928953766179120066226460039615631103515625000000        0.27275E-04
      5      2    4.0    2.0           0.631257442672466084765403593337396159768104553222656250000000        0.77023E-04
      5      3    4.0    2.0           7.355106281757120889608358993427827954292297363281250000000000        0.89744E-03
      5      4    4.0    4.0           1.085221822658493318058958720939699560403823852539062500000000        0.13241E-03
      4      2    4.0    2.0         598.625923408369658318406436592340469360351562500000000000000000        0.73042E-01
      4      3    4.0    2.0           0.067998272805743956159751917311950819566845893859863281250000        0.82968E-05
      3      1    2.0    0.0          28.841065253757399489131785230711102485656738281250000000000000        0.35191E-02
      3      2    2.0    2.0         211.961446796178961449186317622661590576171875000000000000000000        0.25863E-01
      2      1    2.0    0.0        8195.689063278996400185860693454742431640625000000000000000000000        0.10000E+01


                                                  CALCULATED YIELDS

     EXPERIMENT  4  DETECTOR  1
     ENERGY    322.600 MEV  THETA  44.000 DEG

     NI     NF     II     IF     YIELD     NORMALIZED YIELD

      7      4    6.0    4.0          29.804609511282876610493985936045646667480468750000000000000000        0.39074E-02
      7      5    6.0    4.0           0.000339883659005790121718920682170050895365420728921890258789        0.44559E-07
      6      2    0.0    2.0           0.212104838016923175070260754182527307420969009399414062500000        0.27807E-04
      6      3    0.0    2.0           0.425138681915904204089429185842163860797882080078125000000000        0.55736E-04
      5      2    4.0    2.0           1.147188510973030650674786556919571012258529663085937500000000        0.15040E-03
      5      3    4.0    2.0          13.366488961751194608496007276698946952819824218750000000000000        0.17524E-02
      5      4    4.0    4.0           1.971896540661367547286886292567942291498184204101562500000000        0.25852E-03
      4      2    4.0    2.0         820.470973706853328621946275234222412109375000000000000000000000        0.10756E+00
      4      3    4.0    2.0           0.093200245817043281260083631423185579478740692138671875000000        0.12219E-04
      3      1    2.0    0.0          38.851231424751361487324174959212541580200195312500000000000000        0.50934E-02
      3      2    2.0    2.0         285.522424270786302713531767949461936950683593750000000000000000        0.37432E-01
      2      1    2.0    0.0        7627.710546970024552138056606054306030273437500000000000000000000        0.10000E+01


                                                  CALCULATED YIELDS

     EXPERIMENT  5  DETECTOR  1
     ENERGY    322.600 MEV  THETA  32.537 DEG

     NI     NF     II     IF     YIELD     NORMALIZED YIELD

      7      4    6.0    4.0         288.007967007711386031587608158588409423828125000000000000000000        0.68721E-01
      7      5    6.0    4.0           0.003284492030923231824235397624534016358666121959686279296875        0.78371E-06
      6      2    0.0    2.0           2.423175403603938349306190502829849720001220703125000000000000        0.57819E-03
      6      3    0.0    2.0           4.856965239329282368885287723969668149948120117187500000000000        0.11589E-02
      5      2    4.0    2.0          11.132416846917001507222266809549182653427124023437500000000000        0.26563E-02
      5      3    4.0    2.0         129.709755429966406836683745495975017547607421875000000000000000        0.30950E-01
      5      4    4.0    4.0          19.157169684296107448062684852629899978637695312500000000000000        0.45711E-02
      4      2    4.0    2.0        1814.709609234131903576781041920185089111328125000000000000000000        0.43301E+00
      4      3    4.0    2.0           0.206152421710415617583933567402709741145372390747070312500000        0.49190E-04
      3      1    2.0    0.0         102.061906543141020620169001631438732147216796875000000000000000        0.24353E-01
      3      2    2.0    2.0         749.575992947884742534370161592960357666015625000000000000000000        0.17886E+00
      2      1    2.0    0.0        4190.952696169764749356545507907867431640625000000000000000000000        0.10000E+01


                    CALCULATED LIFETIMES

     LEVEL     LIFETIME(PSEC)     EXP        ERROR

        2       0.5865E+02
        3       0.5048E+02
        4       0.5338E+01
        5       0.5377E+01
        6       0.8470E+01
        7       0.2309E+01
               ********* END OF EXECUTION **********
